Overriding config with config/train_shakespeare_char_bs64.py:
# Experiment 4: Lower Context Length
# Change: context length block_size 264 -> 64
# All other hyperparameters match baseline

out_dir = 'out-shakespeare-bs64'

eval_interval = 250
eval_iters = 200            
log_interval = 10

always_save_checkpoint = False

wandb_log = False
wandb_project = 'nanoGPT-assignment'
wandb_run_name = 'bs64'

dataset = 'shakespeare_char'
gradient_accumulation_steps = 1
batch_size = 64
block_size = 64         # CHANGED: baseline was 256

n_layer = 6              
n_head = 6
n_embd = 384
dropout = 0.2

learning_rate = 1e-3      
max_iters = 5000
lr_decay_iters = 5000
min_lr = 1e-4
beta2 = 0.99

warmup_iters = 100
weight_decay = 1e-1

device = 'cuda' # change to 'cpu' for CPU
compile = False

tokens per iteration will be: 4,096
found vocab_size = 65 (inside data\shakespeare_char\meta.pkl)
Initializing a new model from scratch
number of parameters: 10.65M
c:\Users\lexil\code\NLP Foundations Assignment\FoundationsNLP\train.py:196: FutureWarning: `torch.cuda.amp.GradScaler(args...)` is deprecated. Please use `torch.amp.GradScaler('cuda', args...)` instead.
  scaler = torch.cuda.amp.GradScaler(enabled=(dtype == 'float16'))
num decayed parameter tensors: 26, with 10,666,368 parameters
num non-decayed parameter tensors: 13, with 4,992 parameters
using fused AdamW: True
step 0: train loss 4.3225, val loss 4.3174
iter 0: loss 4.2976, time 5954.31ms, mfu -100.00%
iter 10: loss 3.2378, time 36.74ms, mfu 2.35%
iter 20: loss 2.8213, time 45.95ms, mfu 2.30%
iter 30: loss 2.6424, time 53.64ms, mfu 2.23%
iter 40: loss 2.5889, time 35.11ms, mfu 2.25%
iter 50: loss 2.5123, time 46.71ms, mfu 2.21%
iter 60: loss 2.5178, time 33.71ms, mfu 2.25%
iter 70: loss 2.4860, time 40.08ms, mfu 2.24%
iter 80: loss 2.4484, time 38.99ms, mfu 2.23%
iter 90: loss 2.4295, time 39.65ms, mfu 2.23%
iter 100: loss 2.4087, time 38.99ms, mfu 2.23%
iter 110: loss 2.3466, time 42.93ms, mfu 2.20%
iter 120: loss 2.3268, time 42.38ms, mfu 2.19%
iter 130: loss 2.2642, time 46.77ms, mfu 2.15%
iter 140: loss 2.2482, time 41.03ms, mfu 2.15%
iter 150: loss 2.1785, time 38.53ms, mfu 2.16%
iter 160: loss 2.1805, time 40.81ms, mfu 2.15%
iter 170: loss 2.1971, time 41.43ms, mfu 2.14%
iter 180: loss 2.1423, time 31.64ms, mfu 2.20%
iter 190: loss 2.0989, time 33.10ms, mfu 2.24%
iter 200: loss 2.0960, time 42.22ms, mfu 2.22%
iter 210: loss 2.0967, time 44.86ms, mfu 2.19%
iter 220: loss 2.1150, time 43.48ms, mfu 2.17%
iter 230: loss 2.0927, time 34.69ms, mfu 2.20%
iter 240: loss 2.0479, time 25.96ms, mfu 2.31%
step 250: train loss 1.9764, val loss 2.0759
saving checkpoint to out-shakespeare-bs64
iter 250: loss 2.0432, time 5847.10ms, mfu 2.08%
iter 260: loss 2.0243, time 41.34ms, mfu 2.08%
iter 270: loss 2.0217, time 51.60ms, mfu 2.04%
iter 280: loss 1.9505, time 40.62ms, mfu 2.05%
iter 290: loss 2.0222, time 34.32ms, mfu 2.10%
iter 300: loss 1.9879, time 44.62ms, mfu 2.08%
iter 310: loss 1.9801, time 32.11ms, mfu 2.14%
iter 320: loss 1.9642, time 34.16ms, mfu 2.18%
iter 330: loss 1.9684, time 45.50ms, mfu 2.15%
iter 340: loss 1.9115, time 39.51ms, mfu 2.15%
iter 350: loss 1.9388, time 35.01ms, mfu 2.18%
iter 360: loss 1.9315, time 35.36ms, mfu 2.21%
iter 370: loss 1.9199, time 40.32ms, mfu 2.20%
iter 380: loss 1.9305, time 47.59ms, mfu 2.16%
iter 390: loss 1.8967, time 37.91ms, mfu 2.17%
iter 400: loss 1.9130, time 32.85ms, mfu 2.22%
iter 410: loss 1.8782, time 34.58ms, mfu 2.25%
iter 420: loss 1.8960, time 31.75ms, mfu 2.29%
iter 430: loss 1.8311, time 28.62ms, mfu 2.37%
iter 440: loss 1.8336, time 42.22ms, mfu 2.33%
iter 450: loss 1.8301, time 42.12ms, mfu 2.30%
iter 460: loss 1.8475, time 40.26ms, mfu 2.29%
iter 470: loss 1.7987, time 33.39ms, mfu 2.32%
iter 480: loss 1.8210, time 38.42ms, mfu 2.31%
iter 490: loss 1.8414, time 43.51ms, mfu 2.28%
step 500: train loss 1.7310, val loss 1.8849
saving checkpoint to out-shakespeare-bs64
iter 500: loss 1.8376, time 5851.51ms, mfu 2.05%
iter 510: loss 1.8073, time 44.13ms, mfu 2.04%
iter 520: loss 1.8382, time 40.62ms, mfu 2.05%
iter 530: loss 1.7581, time 44.23ms, mfu 2.04%
iter 540: loss 1.8063, time 38.47ms, mfu 2.06%
iter 550: loss 1.7264, time 43.40ms, mfu 2.05%
iter 560: loss 1.7609, time 40.11ms, mfu 2.06%
iter 570: loss 1.7811, time 43.16ms, mfu 2.06%
iter 580: loss 1.7171, time 45.64ms, mfu 2.04%
iter 590: loss 1.7455, time 43.14ms, mfu 2.03%
iter 600: loss 1.8029, time 48.23ms, mfu 2.01%
iter 610: loss 1.7069, time 35.16ms, mfu 2.05%
iter 620: loss 1.7342, time 40.69ms, mfu 2.06%
iter 630: loss 1.6470, time 41.80ms, mfu 2.06%
iter 640: loss 1.7299, time 41.20ms, mfu 2.06%
iter 650: loss 1.7167, time 39.56ms, mfu 2.08%
iter 660: loss 1.7583, time 40.37ms, mfu 2.08%
iter 670: loss 1.6835, time 34.96ms, mfu 2.12%
iter 680: loss 1.7329, time 38.09ms, mfu 2.13%
iter 690: loss 1.7240, time 34.09ms, mfu 2.17%
iter 700: loss 1.7148, time 32.38ms, mfu 2.22%
iter 710: loss 1.6782, time 36.44ms, mfu 2.24%
iter 720: loss 1.6813, time 39.59ms, mfu 2.23%
iter 730: loss 1.6643, time 39.61ms, mfu 2.22%
iter 740: loss 1.7104, time 53.03ms, mfu 2.17%
step 750: train loss 1.5999, val loss 1.7815
saving checkpoint to out-shakespeare-bs64
iter 750: loss 1.7126, time 5894.80ms, mfu 1.95%
iter 760: loss 1.6910, time 48.03ms, mfu 1.93%
iter 770: loss 1.6780, time 49.48ms, mfu 1.92%
iter 780: loss 1.6787, time 47.16ms, mfu 1.91%
iter 790: loss 1.6891, time 42.41ms, mfu 1.92%
iter 800: loss 1.6584, time 48.24ms, mfu 1.91%
iter 810: loss 1.6676, time 49.48ms, mfu 1.89%
iter 820: loss 1.6890, time 43.58ms, mfu 1.90%
iter 830: loss 1.6522, time 32.29ms, mfu 1.98%
iter 840: loss 1.6116, time 32.34ms, mfu 2.04%
iter 850: loss 1.6478, time 39.87ms, mfu 2.06%
iter 860: loss 1.6593, time 34.99ms, mfu 2.10%
iter 870: loss 1.6251, time 37.79ms, mfu 2.12%
iter 880: loss 1.6743, time 40.13ms, mfu 2.12%
iter 890: loss 1.6043, time 40.25ms, mfu 2.12%
iter 900: loss 1.5884, time 38.05ms, mfu 2.14%
iter 910: loss 1.6635, time 41.59ms, mfu 2.13%
iter 920: loss 1.6248, time 29.51ms, mfu 2.21%
iter 930: loss 1.6133, time 42.59ms, mfu 2.19%
iter 940: loss 1.5974, time 32.63ms, mfu 2.23%
iter 950: loss 1.6127, time 44.36ms, mfu 2.21%
iter 960: loss 1.6105, time 36.26ms, mfu 2.22%
iter 970: loss 1.5746, time 37.11ms, mfu 2.23%
iter 980: loss 1.5550, time 41.11ms, mfu 2.22%
iter 990: loss 1.5542, time 42.66ms, mfu 2.20%
step 1000: train loss 1.5170, val loss 1.7082
saving checkpoint to out-shakespeare-bs64
iter 1000: loss 1.6311, time 5946.49ms, mfu 1.98%
iter 1010: loss 1.5881, time 48.75ms, mfu 1.96%
iter 1020: loss 1.5637, time 43.50ms, mfu 1.96%
iter 1030: loss 1.5876, time 49.67ms, mfu 1.94%
iter 1040: loss 1.6372, time 43.97ms, mfu 1.94%
iter 1050: loss 1.6080, time 50.59ms, mfu 1.92%
iter 1060: loss 1.5976, time 49.78ms, mfu 1.90%
iter 1070: loss 1.5680, time 35.60ms, mfu 1.95%
iter 1080: loss 1.5875, time 48.93ms, mfu 1.93%
iter 1090: loss 1.5426, time 33.63ms, mfu 2.00%
iter 1100: loss 1.5999, time 42.32ms, mfu 2.00%
iter 1110: loss 1.5912, time 52.02ms, mfu 1.97%
iter 1120: loss 1.5266, time 33.73ms, mfu 2.02%
iter 1130: loss 1.5891, time 34.04ms, mfu 2.07%
iter 1140: loss 1.5725, time 39.90ms, mfu 2.08%
iter 1150: loss 1.5274, time 43.57ms, mfu 2.07%
iter 1160: loss 1.6049, time 32.67ms, mfu 2.13%
iter 1170: loss 1.5401, time 35.48ms, mfu 2.16%
iter 1180: loss 1.5526, time 33.87ms, mfu 2.20%
iter 1190: loss 1.5621, time 42.81ms, mfu 2.18%
iter 1200: loss 1.5328, time 40.81ms, mfu 2.17%
iter 1210: loss 1.5470, time 32.15ms, mfu 2.22%
iter 1220: loss 1.5858, time 41.31ms, mfu 2.21%
iter 1230: loss 1.5387, time 31.80ms, mfu 2.26%
iter 1240: loss 1.5084, time 29.92ms, mfu 2.32%
step 1250: train loss 1.4703, val loss 1.6519
saving checkpoint to out-shakespeare-bs64
iter 1250: loss 1.5902, time 5938.32ms, mfu 2.09%
iter 1260: loss 1.5276, time 49.10ms, mfu 2.06%
iter 1270: loss 1.5506, time 46.28ms, mfu 2.04%
iter 1280: loss 1.5248, time 50.14ms, mfu 2.01%
iter 1290: loss 1.4239, time 41.86ms, mfu 2.01%
iter 1300: loss 1.5111, time 39.73ms, mfu 2.03%
iter 1310: loss 1.5753, time 48.92ms, mfu 2.00%
iter 1320: loss 1.5461, time 38.69ms, mfu 2.02%
iter 1330: loss 1.4720, time 43.22ms, mfu 2.02%
iter 1340: loss 1.5229, time 37.06ms, mfu 2.05%
iter 1350: loss 1.5497, time 41.11ms, mfu 2.06%
iter 1360: loss 1.4689, time 38.93ms, mfu 2.07%
iter 1370: loss 1.4576, time 33.95ms, mfu 2.12%
iter 1380: loss 1.4905, time 42.06ms, mfu 2.11%
iter 1390: loss 1.4429, time 38.45ms, mfu 2.12%
iter 1400: loss 1.4499, time 42.48ms, mfu 2.11%
iter 1410: loss 1.4863, time 33.93ms, mfu 2.16%
iter 1420: loss 1.4519, time 43.71ms, mfu 2.14%
iter 1430: loss 1.4643, time 43.10ms, mfu 2.12%
iter 1440: loss 1.4852, time 39.63ms, mfu 2.13%
iter 1450: loss 1.4501, time 33.00ms, mfu 2.18%
iter 1460: loss 1.4681, time 41.86ms, mfu 2.17%
iter 1470: loss 1.4679, time 41.43ms, mfu 2.16%
iter 1480: loss 1.4520, time 42.72ms, mfu 2.14%
iter 1490: loss 1.4755, time 37.91ms, mfu 2.16%
step 1500: train loss 1.4161, val loss 1.6149
saving checkpoint to out-shakespeare-bs64
iter 1500: loss 1.4798, time 6251.46ms, mfu 1.94%
iter 1510: loss 1.5049, time 41.75ms, mfu 1.95%
iter 1520: loss 1.5064, time 46.11ms, mfu 1.95%
iter 1530: loss 1.4741, time 32.85ms, mfu 2.01%
iter 1540: loss 1.4960, time 46.33ms, mfu 2.00%
iter 1550: loss 1.4710, time 44.73ms, mfu 1.99%
iter 1560: loss 1.4747, time 44.64ms, mfu 1.99%
iter 1570: loss 1.4554, time 47.41ms, mfu 1.97%
iter 1580: loss 1.4677, time 47.02ms, mfu 1.95%
iter 1590: loss 1.4766, time 45.20ms, mfu 1.95%
iter 1600: loss 1.4293, time 40.62ms, mfu 1.97%
iter 1610: loss 1.5218, time 41.75ms, mfu 1.98%
iter 1620: loss 1.4479, time 49.97ms, mfu 1.95%
iter 1630: loss 1.4752, time 44.42ms, mfu 1.95%
iter 1640: loss 1.4343, time 45.11ms, mfu 1.95%
iter 1650: loss 1.4637, time 37.22ms, mfu 1.98%
iter 1660: loss 1.4111, time 39.81ms, mfu 2.00%
iter 1670: loss 1.4389, time 48.87ms, mfu 1.98%
iter 1680: loss 1.5214, time 40.07ms, mfu 2.00%
iter 1690: loss 1.4877, time 43.02ms, mfu 2.00%
iter 1700: loss 1.4368, time 34.59ms, mfu 2.05%
iter 1710: loss 1.4853, time 46.86ms, mfu 2.02%
iter 1720: loss 1.3889, time 45.68ms, mfu 2.01%
iter 1730: loss 1.4063, time 42.33ms, mfu 2.01%
iter 1740: loss 1.4491, time 45.90ms, mfu 2.00%
step 1750: train loss 1.3819, val loss 1.5912
saving checkpoint to out-shakespeare-bs64
iter 1750: loss 1.4251, time 6029.07ms, mfu 1.80%
iter 1760: loss 1.4262, time 40.79ms, mfu 1.83%
iter 1770: loss 1.3822, time 45.48ms, mfu 1.84%
iter 1780: loss 1.4616, time 52.19ms, mfu 1.82%
iter 1790: loss 1.4163, time 30.12ms, mfu 1.92%
iter 1800: loss 1.4493, time 44.41ms, mfu 1.93%
iter 1810: loss 1.4193, time 39.27ms, mfu 1.95%
iter 1820: loss 1.4233, time 38.82ms, mfu 1.98%
iter 1830: loss 1.4434, time 37.45ms, mfu 2.01%
iter 1840: loss 1.4077, time 47.36ms, mfu 1.99%
iter 1850: loss 1.4457, time 43.44ms, mfu 1.99%
iter 1860: loss 1.4396, time 41.54ms, mfu 2.00%
iter 1870: loss 1.4390, time 44.95ms, mfu 1.99%
iter 1880: loss 1.4356, time 48.15ms, mfu 1.97%
iter 1890: loss 1.4531, time 36.42ms, mfu 2.01%
iter 1900: loss 1.4354, time 34.51ms, mfu 2.06%
iter 1910: loss 1.3974, time 40.66ms, mfu 2.07%
iter 1920: loss 1.4170, time 36.81ms, mfu 2.09%
iter 1930: loss 1.4258, time 44.98ms, mfu 2.08%
iter 1940: loss 1.4235, time 39.03ms, mfu 2.09%
iter 1950: loss 1.4187, time 40.72ms, mfu 2.09%
iter 1960: loss 1.3822, time 34.86ms, mfu 2.13%
iter 1970: loss 1.4036, time 29.88ms, mfu 2.21%
iter 1980: loss 1.4669, time 34.38ms, mfu 2.24%
iter 1990: loss 1.4025, time 37.06ms, mfu 2.24%
step 2000: train loss 1.3531, val loss 1.5610
saving checkpoint to out-shakespeare-bs64
iter 2000: loss 1.4094, time 5942.32ms, mfu 2.02%
iter 2010: loss 1.3953, time 27.59ms, mfu 2.13%
iter 2020: loss 1.4370, time 48.43ms, mfu 2.10%
iter 2030: loss 1.3884, time 47.47ms, mfu 2.07%
iter 2040: loss 1.4061, time 45.63ms, mfu 2.05%
iter 2050: loss 1.4330, time 50.31ms, mfu 2.02%
iter 2060: loss 1.3915, time 40.10ms, mfu 2.03%
iter 2070: loss 1.4174, time 34.85ms, mfu 2.07%
iter 2080: loss 1.4125, time 47.68ms, mfu 2.05%
iter 2090: loss 1.4424, time 35.43ms, mfu 2.09%
iter 2100: loss 1.3697, time 36.50ms, mfu 2.11%
iter 2110: loss 1.4196, time 39.96ms, mfu 2.12%
iter 2120: loss 1.3591, time 47.32ms, mfu 2.09%
iter 2130: loss 1.4044, time 33.19ms, mfu 2.14%
iter 2140: loss 1.4166, time 34.89ms, mfu 2.17%
iter 2150: loss 1.4141, time 33.37ms, mfu 2.21%
iter 2160: loss 1.3718, time 38.84ms, mfu 2.21%
iter 2170: loss 1.3727, time 32.16ms, mfu 2.26%
iter 2180: loss 1.3646, time 44.94ms, mfu 2.23%
iter 2190: loss 1.3418, time 32.85ms, mfu 2.27%
iter 2200: loss 1.4068, time 42.04ms, mfu 2.24%
iter 2210: loss 1.4027, time 34.96ms, mfu 2.27%
iter 2220: loss 1.4008, time 39.96ms, mfu 2.26%
iter 2230: loss 1.4419, time 40.54ms, mfu 2.24%
iter 2240: loss 1.3497, time 36.50ms, mfu 2.25%
step 2250: train loss 1.3261, val loss 1.5491
saving checkpoint to out-shakespeare-bs64
iter 2250: loss 1.3831, time 5924.51ms, mfu 2.03%
iter 2260: loss 1.3679, time 38.20ms, mfu 2.05%
iter 2270: loss 1.4495, time 40.45ms, mfu 2.06%
iter 2280: loss 1.3736, time 48.68ms, mfu 2.03%
iter 2290: loss 1.3995, time 36.59ms, mfu 2.06%
iter 2300: loss 1.3853, time 50.01ms, mfu 2.03%
iter 2310: loss 1.3831, time 38.41ms, mfu 2.05%
iter 2320: loss 1.3617, time 51.31ms, mfu 2.01%
iter 2330: loss 1.4162, time 39.85ms, mfu 2.03%
iter 2340: loss 1.3517, time 45.46ms, mfu 2.02%
iter 2350: loss 1.3760, time 40.29ms, mfu 2.03%
iter 2360: loss 1.3910, time 48.97ms, mfu 2.00%
iter 2370: loss 1.3472, time 42.78ms, mfu 2.00%
iter 2380: loss 1.3913, time 38.65ms, mfu 2.03%
iter 2390: loss 1.3686, time 43.48ms, mfu 2.02%
iter 2400: loss 1.3207, time 40.37ms, mfu 2.03%
iter 2410: loss 1.3613, time 43.03ms, mfu 2.03%
iter 2420: loss 1.3518, time 43.38ms, mfu 2.03%
iter 2430: loss 1.3346, time 39.64ms, mfu 2.04%
iter 2440: loss 1.3912, time 41.62ms, mfu 2.04%
iter 2450: loss 1.3432, time 35.68ms, mfu 2.08%
iter 2460: loss 1.3257, time 31.79ms, mfu 2.14%
iter 2470: loss 1.3711, time 36.37ms, mfu 2.17%
iter 2480: loss 1.3774, time 33.83ms, mfu 2.20%
iter 2490: loss 1.3341, time 32.41ms, mfu 2.25%
step 2500: train loss 1.3020, val loss 1.5323
saving checkpoint to out-shakespeare-bs64
iter 2500: loss 1.3853, time 5932.61ms, mfu 2.03%
iter 2510: loss 1.3520, time 48.19ms, mfu 2.00%
iter 2520: loss 1.3059, time 49.85ms, mfu 1.98%
iter 2530: loss 1.3478, time 38.06ms, mfu 2.00%
iter 2540: loss 1.3474, time 46.63ms, mfu 1.99%
iter 2550: loss 1.4039, time 42.87ms, mfu 1.99%
iter 2560: loss 1.3639, time 39.31ms, mfu 2.01%
iter 2570: loss 1.3415, time 40.19ms, mfu 2.02%
iter 2580: loss 1.3628, time 35.66ms, mfu 2.06%
iter 2590: loss 1.3773, time 46.50ms, mfu 2.04%
iter 2600: loss 1.3976, time 33.73ms, mfu 2.09%
iter 2610: loss 1.3407, time 36.99ms, mfu 2.12%
iter 2620: loss 1.3170, time 49.77ms, mfu 2.08%
iter 2630: loss 1.3181, time 40.08ms, mfu 2.09%
iter 2640: loss 1.3269, time 44.94ms, mfu 2.07%
iter 2650: loss 1.3555, time 44.44ms, mfu 2.06%
iter 2660: loss 1.3786, time 35.84ms, mfu 2.09%
iter 2670: loss 1.3697, time 38.21ms, mfu 2.11%
iter 2680: loss 1.3761, time 34.40ms, mfu 2.15%
iter 2690: loss 1.3669, time 39.89ms, mfu 2.15%
iter 2700: loss 1.3225, time 46.49ms, mfu 2.12%
iter 2710: loss 1.3363, time 42.53ms, mfu 2.11%
iter 2720: loss 1.3776, time 45.86ms, mfu 2.09%
iter 2730: loss 1.3648, time 38.30ms, mfu 2.10%
iter 2740: loss 1.3502, time 36.47ms, mfu 2.13%
step 2750: train loss 1.2810, val loss 1.5171
saving checkpoint to out-shakespeare-bs64
iter 2750: loss 1.2836, time 5913.22ms, mfu 1.92%
iter 2760: loss 1.3987, time 44.20ms, mfu 1.92%
iter 2770: loss 1.2899, time 52.39ms, mfu 1.89%
iter 2780: loss 1.2874, time 40.16ms, mfu 1.92%
iter 2790: loss 1.3127, time 43.50ms, mfu 1.92%
iter 2800: loss 1.3293, time 37.53ms, mfu 1.96%
iter 2810: loss 1.3899, time 42.49ms, mfu 1.97%
iter 2820: loss 1.3626, time 37.27ms, mfu 2.00%
iter 2830: loss 1.4007, time 36.33ms, mfu 2.04%
iter 2840: loss 1.3061, time 49.53ms, mfu 2.01%
iter 2850: loss 1.3572, time 42.70ms, mfu 2.01%
iter 2860: loss 1.3163, time 37.32ms, mfu 2.04%
iter 2870: loss 1.3394, time 45.62ms, mfu 2.03%
iter 2880: loss 1.3106, time 43.48ms, mfu 2.02%
iter 2890: loss 1.3313, time 46.36ms, mfu 2.01%
iter 2900: loss 1.3111, time 36.65ms, mfu 2.04%
iter 2910: loss 1.3511, time 46.18ms, mfu 2.02%
iter 2920: loss 1.3572, time 47.97ms, mfu 2.00%
iter 2930: loss 1.3359, time 43.34ms, mfu 2.00%
iter 2940: loss 1.3320, time 35.32ms, mfu 2.04%
iter 2950: loss 1.3103, time 42.89ms, mfu 2.04%
iter 2960: loss 1.3264, time 45.83ms, mfu 2.02%
iter 2970: loss 1.2852, time 47.19ms, mfu 2.00%
iter 2980: loss 1.3317, time 31.90ms, mfu 2.07%
iter 2990: loss 1.3490, time 47.55ms, mfu 2.05%
step 3000: train loss 1.2627, val loss 1.5178
iter 3000: loss 1.3319, time 5888.89ms, mfu 1.84%
iter 3010: loss 1.3362, time 45.24ms, mfu 1.85%
iter 3020: loss 1.3576, time 44.43ms, mfu 1.86%
iter 3030: loss 1.3545, time 45.51ms, mfu 1.86%
iter 3040: loss 1.3309, time 46.71ms, mfu 1.86%
iter 3050: loss 1.2870, time 39.71ms, mfu 1.89%
iter 3060: loss 1.3110, time 45.98ms, mfu 1.89%
iter 3070: loss 1.3079, time 36.02ms, mfu 1.94%
iter 3080: loss 1.3137, time 38.37ms, mfu 1.97%
iter 3090: loss 1.2859, time 39.43ms, mfu 1.99%
iter 3100: loss 1.2628, time 52.78ms, mfu 1.96%
iter 3110: loss 1.3121, time 34.86ms, mfu 2.01%
iter 3120: loss 1.2922, time 40.78ms, mfu 2.02%
iter 3130: loss 1.3795, time 43.21ms, mfu 2.02%
iter 3140: loss 1.3723, time 34.82ms, mfu 2.06%
iter 3150: loss 1.3145, time 46.00ms, mfu 2.04%
iter 3160: loss 1.3051, time 43.84ms, mfu 2.04%
iter 3170: loss 1.3364, time 37.64ms, mfu 2.06%
iter 3180: loss 1.3019, time 35.40ms, mfu 2.10%
iter 3190: loss 1.2899, time 35.06ms, mfu 2.13%
iter 3200: loss 1.3257, time 23.47ms, mfu 2.29%
iter 3210: loss 1.3220, time 36.73ms, mfu 2.29%
iter 3220: loss 1.2810, time 40.69ms, mfu 2.28%
iter 3230: loss 1.2872, time 33.73ms, mfu 2.30%
iter 3240: loss 1.3109, time 38.01ms, mfu 2.30%
step 3250: train loss 1.2407, val loss 1.5084
saving checkpoint to out-shakespeare-bs64
iter 3250: loss 1.2860, time 6221.88ms, mfu 2.07%
iter 3260: loss 1.3605, time 48.74ms, mfu 2.04%
iter 3270: loss 1.3328, time 51.40ms, mfu 2.01%
iter 3280: loss 1.3034, time 52.58ms, mfu 1.97%
iter 3290: loss 1.2671, time 35.11ms, mfu 2.02%
iter 3300: loss 1.2774, time 38.63ms, mfu 2.04%
iter 3310: loss 1.3071, time 46.00ms, mfu 2.02%
iter 3320: loss 1.3242, time 42.89ms, mfu 2.02%
iter 3330: loss 1.2783, time 41.15ms, mfu 2.03%
iter 3340: loss 1.2700, time 35.32ms, mfu 2.07%
iter 3350: loss 1.3004, time 41.85ms, mfu 2.07%
iter 3360: loss 1.2777, time 43.75ms, mfu 2.06%
iter 3370: loss 1.3009, time 44.15ms, mfu 2.05%
iter 3380: loss 1.2364, time 33.57ms, mfu 2.10%
iter 3390: loss 1.3390, time 40.79ms, mfu 2.10%
iter 3400: loss 1.2978, time 41.53ms, mfu 2.10%
iter 3410: loss 1.2755, time 39.82ms, mfu 2.11%
iter 3420: loss 1.2998, time 28.49ms, mfu 2.20%
iter 3430: loss 1.3236, time 40.71ms, mfu 2.19%
iter 3440: loss 1.3130, time 44.49ms, mfu 2.16%
iter 3450: loss 1.3163, time 35.61ms, mfu 2.19%
iter 3460: loss 1.2876, time 42.24ms, mfu 2.17%
iter 3470: loss 1.2693, time 55.16ms, mfu 2.11%
iter 3480: loss 1.2799, time 37.45ms, mfu 2.13%
iter 3490: loss 1.2627, time 40.11ms, mfu 2.13%
step 3500: train loss 1.2224, val loss 1.4967
saving checkpoint to out-shakespeare-bs64
iter 3500: loss 1.2675, time 5997.82ms, mfu 1.92%
iter 3510: loss 1.2609, time 37.07ms, mfu 1.96%
iter 3520: loss 1.3357, time 38.93ms, mfu 1.99%
iter 3530: loss 1.2950, time 46.18ms, mfu 1.98%
iter 3540: loss 1.2811, time 41.64ms, mfu 1.98%
iter 3550: loss 1.3199, time 41.24ms, mfu 2.00%
iter 3560: loss 1.2362, time 44.87ms, mfu 1.99%
iter 3570: loss 1.2589, time 34.45ms, mfu 2.04%
iter 3580: loss 1.2374, time 49.47ms, mfu 2.01%
iter 3590: loss 1.2661, time 47.46ms, mfu 1.99%
iter 3600: loss 1.2949, time 43.40ms, mfu 1.99%
iter 3610: loss 1.3231, time 29.03ms, mfu 2.09%
iter 3620: loss 1.2687, time 40.66ms, mfu 2.09%
iter 3630: loss 1.2360, time 46.60ms, mfu 2.07%
iter 3640: loss 1.2965, time 40.74ms, mfu 2.07%
iter 3650: loss 1.2729, time 33.41ms, mfu 2.12%
iter 3660: loss 1.2540, time 44.68ms, mfu 2.10%
iter 3670: loss 1.2279, time 35.05ms, mfu 2.14%
iter 3680: loss 1.3113, time 38.85ms, mfu 2.15%
iter 3690: loss 1.2489, time 34.41ms, mfu 2.18%
iter 3700: loss 1.2973, time 35.51ms, mfu 2.21%
iter 3710: loss 1.2825, time 47.18ms, mfu 2.17%
iter 3720: loss 1.3221, time 32.14ms, mfu 2.22%
iter 3730: loss 1.2410, time 42.77ms, mfu 2.20%
iter 3740: loss 1.2604, time 33.81ms, mfu 2.23%
step 3750: train loss 1.2076, val loss 1.4895
saving checkpoint to out-shakespeare-bs64
iter 3750: loss 1.2229, time 5929.76ms, mfu 2.01%
iter 3760: loss 1.2635, time 38.99ms, mfu 2.03%
iter 3770: loss 1.2823, time 44.82ms, mfu 2.02%
iter 3780: loss 1.2768, time 46.45ms, mfu 2.00%
iter 3790: loss 1.2746, time 43.08ms, mfu 2.00%
iter 3800: loss 1.2582, time 43.96ms, mfu 2.00%
iter 3810: loss 1.2839, time 37.24ms, mfu 2.03%
iter 3820: loss 1.2848, time 40.75ms, mfu 2.04%
iter 3830: loss 1.2998, time 39.21ms, mfu 2.06%
iter 3840: loss 1.2680, time 45.60ms, mfu 2.04%
iter 3850: loss 1.2712, time 42.76ms, mfu 2.04%
iter 3860: loss 1.2530, time 46.08ms, mfu 2.02%
iter 3870: loss 1.3050, time 40.68ms, mfu 2.03%
iter 3880: loss 1.2394, time 41.08ms, mfu 2.04%
iter 3890: loss 1.2293, time 47.62ms, mfu 2.01%
iter 3900: loss 1.2911, time 35.39ms, mfu 2.06%
iter 3910: loss 1.2589, time 33.24ms, mfu 2.11%
iter 3920: loss 1.2970, time 37.90ms, mfu 2.13%
iter 3930: loss 1.2846, time 39.58ms, mfu 2.13%
iter 3940: loss 1.2832, time 46.59ms, mfu 2.10%
iter 3950: loss 1.2645, time 39.26ms, mfu 2.11%
iter 3960: loss 1.2991, time 37.80ms, mfu 2.13%
iter 3970: loss 1.2976, time 43.45ms, mfu 2.11%
iter 3980: loss 1.2408, time 32.29ms, mfu 2.17%
iter 3990: loss 1.2464, time 42.23ms, mfu 2.16%
step 4000: train loss 1.1948, val loss 1.4885
saving checkpoint to out-shakespeare-bs64
iter 4000: loss 1.2160, time 5933.91ms, mfu 1.94%
iter 4010: loss 1.2431, time 40.53ms, mfu 1.96%
iter 4020: loss 1.2618, time 39.21ms, mfu 1.98%
iter 4030: loss 1.2523, time 32.59ms, mfu 2.05%
iter 4040: loss 1.2562, time 44.13ms, mfu 2.04%
iter 4050: loss 1.2388, time 39.55ms, mfu 2.05%
iter 4060: loss 1.2870, time 50.18ms, mfu 2.02%
iter 4070: loss 1.2504, time 42.01ms, mfu 2.02%
iter 4080: loss 1.2010, time 44.37ms, mfu 2.02%
iter 4090: loss 1.2518, time 32.23ms, mfu 2.08%
iter 4100: loss 1.3034, time 41.37ms, mfu 2.08%
iter 4110: loss 1.2871, time 39.24ms, mfu 2.09%
iter 4120: loss 1.2803, time 45.34ms, mfu 2.07%
iter 4130: loss 1.2569, time 43.22ms, mfu 2.07%
iter 4140: loss 1.2967, time 47.08ms, mfu 2.04%
iter 4150: loss 1.2574, time 32.65ms, mfu 2.10%
iter 4160: loss 1.2436, time 31.76ms, mfu 2.16%
iter 4170: loss 1.2843, time 45.86ms, mfu 2.14%
iter 4180: loss 1.2465, time 47.24ms, mfu 2.10%
iter 4190: loss 1.2508, time 34.62ms, mfu 2.14%
iter 4200: loss 1.2818, time 39.13ms, mfu 2.15%
iter 4210: loss 1.3130, time 39.69ms, mfu 2.15%
iter 4220: loss 1.2411, time 33.62ms, mfu 2.19%
iter 4230: loss 1.2546, time 37.60ms, mfu 2.20%
iter 4240: loss 1.2463, time 38.56ms, mfu 2.21%
step 4250: train loss 1.1855, val loss 1.4755
saving checkpoint to out-shakespeare-bs64
iter 4250: loss 1.2621, time 5955.89ms, mfu 1.99%
iter 4260: loss 1.2656, time 45.64ms, mfu 1.98%
iter 4270: loss 1.2095, time 46.45ms, mfu 1.96%
iter 4280: loss 1.2515, time 47.01ms, mfu 1.95%
iter 4290: loss 1.2498, time 36.90ms, mfu 1.99%
iter 4300: loss 1.2310, time 46.51ms, mfu 1.98%
iter 4310: loss 1.2654, time 48.08ms, mfu 1.96%
iter 4320: loss 1.2316, time 39.04ms, mfu 1.98%
iter 4330: loss 1.2486, time 45.53ms, mfu 1.97%
iter 4340: loss 1.2428, time 42.42ms, mfu 1.98%
iter 4350: loss 1.2688, time 36.37ms, mfu 2.02%
iter 4360: loss 1.2584, time 32.24ms, mfu 2.08%
iter 4370: loss 1.2538, time 32.52ms, mfu 2.14%
iter 4380: loss 1.2293, time 44.16ms, mfu 2.12%
iter 4390: loss 1.2580, time 35.53ms, mfu 2.15%
iter 4400: loss 1.2094, time 37.82ms, mfu 2.16%
iter 4410: loss 1.2148, time 40.78ms, mfu 2.16%
iter 4420: loss 1.2664, time 39.27ms, mfu 2.16%
iter 4430: loss 1.2564, time 46.66ms, mfu 2.13%
iter 4440: loss 1.2336, time 40.38ms, mfu 2.13%
iter 4450: loss 1.2651, time 34.67ms, mfu 2.17%
iter 4460: loss 1.2204, time 42.06ms, mfu 2.16%
iter 4470: loss 1.2122, time 28.29ms, mfu 2.24%
iter 4480: loss 1.2214, time 43.31ms, mfu 2.22%
iter 4490: loss 1.2626, time 40.88ms, mfu 2.21%
step 4500: train loss 1.1706, val loss 1.4824
iter 4500: loss 1.2223, time 5831.83ms, mfu 1.99%
iter 4510: loss 1.2481, time 40.58ms, mfu 2.00%
iter 4520: loss 1.2422, time 48.26ms, mfu 1.98%
iter 4530: loss 1.2549, time 37.21ms, mfu 2.01%
iter 4540: loss 1.1859, time 44.92ms, mfu 2.00%
iter 4550: loss 1.2201, time 43.74ms, mfu 2.00%
iter 4560: loss 1.2253, time 52.16ms, mfu 1.97%
iter 4570: loss 1.2920, time 30.61ms, mfu 2.05%
iter 4580: loss 1.3018, time 43.76ms, mfu 2.04%
iter 4590: loss 1.2408, time 31.92ms, mfu 2.11%
iter 4600: loss 1.2421, time 51.14ms, mfu 2.07%
iter 4610: loss 1.2567, time 43.61ms, mfu 2.06%
iter 4620: loss 1.2000, time 43.52ms, mfu 2.05%
iter 4630: loss 1.2239, time 34.57ms, mfu 2.09%
iter 4640: loss 1.2269, time 44.36ms, mfu 2.08%
iter 4650: loss 1.2269, time 35.81ms, mfu 2.11%
iter 4660: loss 1.1921, time 34.59ms, mfu 2.15%
iter 4670: loss 1.2441, time 33.26ms, mfu 2.19%
iter 4680: loss 1.2791, time 37.07ms, mfu 2.21%
iter 4690: loss 1.2433, time 40.35ms, mfu 2.20%
iter 4700: loss 1.2090, time 43.53ms, mfu 2.18%
iter 4710: loss 1.2644, time 45.59ms, mfu 2.15%
iter 4720: loss 1.2034, time 43.03ms, mfu 2.13%
iter 4730: loss 1.2246, time 38.36ms, mfu 2.15%
iter 4740: loss 1.2023, time 41.49ms, mfu 2.14%
step 4750: train loss 1.1696, val loss 1.4878
iter 4750: loss 1.2230, time 5847.61ms, mfu 1.93%
iter 4760: loss 1.2046, time 40.95ms, mfu 1.94%
iter 4770: loss 1.2290, time 50.12ms, mfu 1.92%
iter 4780: loss 1.2399, time 43.86ms, mfu 1.93%
iter 4790: loss 1.2451, time 41.81ms, mfu 1.94%
iter 4800: loss 1.2144, time 40.70ms, mfu 1.96%
iter 4810: loss 1.2520, time 42.04ms, mfu 1.97%
iter 4820: loss 1.1690, time 33.13ms, mfu 2.03%
iter 4830: loss 1.2302, time 48.99ms, mfu 2.00%
iter 4840: loss 1.1864, time 43.40ms, mfu 2.00%
iter 4850: loss 1.1979, time 46.64ms, mfu 1.99%
iter 4860: loss 1.2185, time 35.46ms, mfu 2.03%
iter 4870: loss 1.2296, time 41.11ms, mfu 2.04%
iter 4880: loss 1.2239, time 50.12ms, mfu 2.01%
iter 4890: loss 1.2363, time 35.42ms, mfu 2.05%
iter 4900: loss 1.2433, time 29.85ms, mfu 2.13%
iter 4910: loss 1.1926, time 40.89ms, mfu 2.13%
iter 4920: loss 1.2366, time 30.71ms, mfu 2.20%
iter 4930: loss 1.2291, time 46.32ms, mfu 2.16%
iter 4940: loss 1.1872, time 47.35ms, mfu 2.13%
iter 4950: loss 1.2322, time 51.99ms, mfu 2.08%
iter 4960: loss 1.2179, time 47.55ms, mfu 2.06%
iter 4970: loss 1.2376, time 44.62ms, mfu 2.04%
iter 4980: loss 1.2620, time 37.30ms, mfu 2.07%
iter 4990: loss 1.2125, time 39.14ms, mfu 2.08%
step 5000: train loss 1.1592, val loss 1.4817
iter 5000: loss 1.2113, time 5837.93ms, mfu 1.88%

============================================================
Experiment 'bs64' finished (exit code 0)
Wall-clock time: 5 min 37.8 sec (337.8 s total)
============================================================
