Overriding config with config/train_shakespeare_char_do0.0.py:
# Experiment 3: Low Dropout
# Change: dropout 0.2 -> 0.0 (remove dropout)
# All other hyperparameters match baseline

out_dir = 'out-shakespeare-do0.0'

eval_interval = 250
eval_iters = 200            
log_interval = 10

always_save_checkpoint = False

wandb_log = False
wandb_project = 'nanoGPT-assignment'
wandb_run_name = 'do0.0'

dataset = 'shakespeare_char'
gradient_accumulation_steps = 1
batch_size = 64
block_size = 256

n_layer = 6
n_head = 6
n_embd = 384
dropout = 0.0       # CHANGED: baseline was 0.2

learning_rate = 1e-3       
max_iters = 5000
lr_decay_iters = 5000
min_lr = 1e-4
beta2 = 0.99

warmup_iters = 100
weight_decay = 1e-1

device = 'cuda' # change to 'cpu' for CPU
compile = False

tokens per iteration will be: 16,384
found vocab_size = 65 (inside data\shakespeare_char\meta.pkl)
Initializing a new model from scratch
number of parameters: 10.65M
c:\Users\creep\.vscode\FoundationsNLP\train.py:196: FutureWarning: `torch.cuda.amp.GradScaler(args...)` is deprecated. Please use `torch.amp.GradScaler('cuda', args...)` instead.
  scaler = torch.cuda.amp.GradScaler(enabled=(dtype == 'float16'))
num decayed parameter tensors: 26, with 10,740,096 parameters
num non-decayed parameter tensors: 13, with 4,992 parameters
using fused AdamW: True
step 0: train loss 4.2874, val loss 4.2823
iter 0: loss 4.2865, time 135823.46ms, mfu -100.00%
iter 10: loss 3.0334, time 908.71ms, mfu 0.41%
iter 20: loss 2.6584, time 911.00ms, mfu 0.41%
iter 30: loss 2.5755, time 918.18ms, mfu 0.41%
iter 40: loss 2.5356, time 904.53ms, mfu 0.41%
iter 50: loss 2.4910, time 912.15ms, mfu 0.41%
iter 60: loss 2.4744, time 910.96ms, mfu 0.41%
iter 70: loss 2.4588, time 907.02ms, mfu 0.41%
iter 80: loss 2.4637, time 916.51ms, mfu 0.41%
iter 90: loss 2.4151, time 911.19ms, mfu 0.41%
iter 100: loss 2.4018, time 912.34ms, mfu 0.41%
iter 110: loss 2.3880, time 912.49ms, mfu 0.41%
iter 120: loss 2.3451, time 911.70ms, mfu 0.41%
iter 130: loss 2.3183, time 922.17ms, mfu 0.41%
iter 140: loss 2.2679, time 910.74ms, mfu 0.41%
iter 150: loss 2.2436, time 901.78ms, mfu 0.41%
iter 160: loss 2.1595, time 919.48ms, mfu 0.41%
iter 170: loss 2.1315, time 907.59ms, mfu 0.41%
iter 180: loss 2.0758, time 914.73ms, mfu 0.41%
iter 190: loss 2.0123, time 908.45ms, mfu 0.41%
iter 200: loss 1.9525, time 912.30ms, mfu 0.41%
iter 210: loss 1.9096, time 911.90ms, mfu 0.41%
iter 220: loss 1.9002, time 912.06ms, mfu 0.41%
iter 230: loss 1.8430, time 907.86ms, mfu 0.41%
iter 240: loss 1.8405, time 909.99ms, mfu 0.41%
step 250: train loss 1.7891, val loss 1.9279
saving checkpoint to out-shakespeare-do0.0
iter 250: loss 1.7953, time 140858.46ms, mfu 0.37%
iter 260: loss 1.7409, time 929.34ms, mfu 0.37%
iter 270: loss 1.7322, time 930.91ms, mfu 0.37%
iter 280: loss 1.7333, time 920.83ms, mfu 0.38%
iter 290: loss 1.6837, time 919.04ms, mfu 0.38%
iter 300: loss 1.6511, time 924.97ms, mfu 0.38%
iter 310: loss 1.6272, time 914.68ms, mfu 0.39%
iter 320: loss 1.6187, time 929.21ms, mfu 0.39%
iter 330: loss 1.5781, time 925.78ms, mfu 0.39%
iter 340: loss 1.5520, time 932.48ms, mfu 0.39%
iter 350: loss 1.5899, time 927.39ms, mfu 0.39%
iter 360: loss 1.5442, time 916.85ms, mfu 0.39%
iter 370: loss 1.5021, time 932.00ms, mfu 0.39%
iter 380: loss 1.5050, time 946.07ms, mfu 0.39%
iter 390: loss 1.5018, time 930.05ms, mfu 0.39%
iter 400: loss 1.5442, time 952.07ms, mfu 0.39%
iter 410: loss 1.4735, time 945.86ms, mfu 0.39%
iter 420: loss 1.4839, time 947.01ms, mfu 0.39%
iter 430: loss 1.4428, time 945.67ms, mfu 0.39%
iter 440: loss 1.4374, time 954.81ms, mfu 0.39%
iter 450: loss 1.4121, time 944.54ms, mfu 0.39%
iter 460: loss 1.3796, time 949.02ms, mfu 0.39%
iter 470: loss 1.4272, time 945.75ms, mfu 0.39%
iter 480: loss 1.4070, time 930.23ms, mfu 0.39%
iter 490: loss 1.3842, time 946.10ms, mfu 0.39%
step 500: train loss 1.3866, val loss 1.6302
saving checkpoint to out-shakespeare-do0.0
iter 500: loss 1.3852, time 147614.69ms, mfu 0.35%
iter 510: loss 1.3959, time 964.07ms, mfu 0.36%
iter 520: loss 1.3756, time 982.83ms, mfu 0.36%
iter 530: loss 1.3351, time 974.38ms, mfu 0.36%
iter 540: loss 1.3861, time 984.09ms, mfu 0.36%
iter 550: loss 1.3579, time 973.28ms, mfu 0.37%
iter 560: loss 1.3468, time 964.46ms, mfu 0.37%
iter 570: loss 1.3502, time 975.97ms, mfu 0.37%
iter 580: loss 1.3037, time 975.01ms, mfu 0.37%
iter 590: loss 1.2779, time 951.63ms, mfu 0.37%
iter 600: loss 1.3026, time 958.01ms, mfu 0.37%
iter 610: loss 1.3354, time 978.14ms, mfu 0.38%
iter 620: loss 1.3303, time 962.85ms, mfu 0.38%
iter 630: loss 1.2921, time 957.14ms, mfu 0.38%
iter 640: loss 1.2548, time 949.91ms, mfu 0.38%
iter 650: loss 1.2853, time 960.95ms, mfu 0.38%
iter 660: loss 1.2940, time 960.41ms, mfu 0.38%
iter 670: loss 1.2497, time 932.13ms, mfu 0.38%
iter 680: loss 1.2904, time 988.66ms, mfu 0.38%
iter 690: loss 1.2537, time 972.73ms, mfu 0.38%
iter 700: loss 1.2759, time 956.29ms, mfu 0.38%
iter 710: loss 1.2444, time 938.67ms, mfu 0.38%
iter 720: loss 1.2443, time 978.20ms, mfu 0.38%
iter 730: loss 1.2057, time 976.99ms, mfu 0.38%
iter 740: loss 1.2210, time 956.79ms, mfu 0.38%
step 750: train loss 1.2276, val loss 1.5396
saving checkpoint to out-shakespeare-do0.0
iter 750: loss 1.2264, time 149783.71ms, mfu 0.35%
iter 760: loss 1.2336, time 989.28ms, mfu 0.35%
iter 770: loss 1.2219, time 962.96ms, mfu 0.35%
iter 780: loss 1.2029, time 975.79ms, mfu 0.36%
iter 790: loss 1.2097, time 977.06ms, mfu 0.36%
iter 800: loss 1.2247, time 946.44ms, mfu 0.36%
iter 810: loss 1.1887, time 978.08ms, mfu 0.36%
iter 820: loss 1.1874, time 971.07ms, mfu 0.37%
iter 830: loss 1.1809, time 953.14ms, mfu 0.37%
iter 840: loss 1.1699, time 968.88ms, mfu 0.37%
iter 850: loss 1.1870, time 985.61ms, mfu 0.37%
iter 860: loss 1.1777, time 958.83ms, mfu 0.37%
iter 870: loss 1.1619, time 996.22ms, mfu 0.37%
iter 880: loss 1.1392, time 977.83ms, mfu 0.37%
iter 890: loss 1.1762, time 976.84ms, mfu 0.37%
iter 900: loss 1.1304, time 976.94ms, mfu 0.38%
iter 910: loss 1.1014, time 978.03ms, mfu 0.38%
iter 920: loss 1.1409, time 978.74ms, mfu 0.38%
iter 930: loss 1.1445, time 959.89ms, mfu 0.38%
iter 940: loss 1.1173, time 962.11ms, mfu 0.38%
iter 950: loss 1.1255, time 957.76ms, mfu 0.38%
iter 960: loss 1.1397, time 1020.11ms, mfu 0.38%
iter 970: loss 1.1184, time 970.06ms, mfu 0.38%
iter 980: loss 1.1183, time 988.09ms, mfu 0.38%
iter 990: loss 1.1080, time 978.36ms, mfu 0.38%
step 1000: train loss 1.1032, val loss 1.5500
iter 1000: loss 1.0984, time 149960.01ms, mfu 0.34%
iter 1010: loss 1.0929, time 970.74ms, mfu 0.35%
iter 1020: loss 1.0695, time 985.22ms, mfu 0.35%
iter 1030: loss 1.0867, time 973.10ms, mfu 0.35%
iter 1040: loss 1.0957, time 974.18ms, mfu 0.36%
iter 1050: loss 1.0480, time 973.11ms, mfu 0.36%
iter 1060: loss 1.0665, time 975.98ms, mfu 0.36%
iter 1070: loss 1.0805, time 976.04ms, mfu 0.36%
iter 1080: loss 1.0781, time 984.05ms, mfu 0.36%
iter 1090: loss 1.1024, time 976.23ms, mfu 0.37%
iter 1100: loss 1.0300, time 983.26ms, mfu 0.37%
iter 1110: loss 1.0220, time 1009.47ms, mfu 0.37%
iter 1120: loss 1.0211, time 974.69ms, mfu 0.37%
iter 1130: loss 1.0271, time 977.92ms, mfu 0.37%
iter 1140: loss 1.0140, time 978.01ms, mfu 0.37%
iter 1150: loss 1.0481, time 976.97ms, mfu 0.37%
iter 1160: loss 1.0056, time 971.40ms, mfu 0.37%
iter 1170: loss 0.9908, time 976.82ms, mfu 0.37%
iter 1180: loss 1.0018, time 963.84ms, mfu 0.38%
iter 1190: loss 0.9615, time 978.41ms, mfu 0.38%
iter 1200: loss 1.0004, time 974.07ms, mfu 0.38%
iter 1210: loss 0.9490, time 973.07ms, mfu 0.38%
iter 1220: loss 0.9877, time 975.80ms, mfu 0.38%
iter 1230: loss 0.9580, time 974.71ms, mfu 0.38%
iter 1240: loss 0.9762, time 974.20ms, mfu 0.38%
step 1250: train loss 0.9587, val loss 1.6453
iter 1250: loss 0.9594, time 150002.88ms, mfu 0.34%
iter 1260: loss 0.9591, time 990.89ms, mfu 0.34%
iter 1270: loss 0.9473, time 992.80ms, mfu 0.35%
iter 1280: loss 0.9247, time 993.96ms, mfu 0.35%
iter 1290: loss 0.9413, time 979.24ms, mfu 0.35%
iter 1300: loss 0.9482, time 975.93ms, mfu 0.36%
iter 1310: loss 0.8822, time 978.88ms, mfu 0.36%
iter 1320: loss 0.9330, time 989.96ms, mfu 0.36%
iter 1330: loss 0.8827, time 974.43ms, mfu 0.36%
iter 1340: loss 0.9159, time 977.01ms, mfu 0.36%
iter 1350: loss 0.8945, time 988.51ms, mfu 0.37%
iter 1360: loss 0.8877, time 980.28ms, mfu 0.37%
iter 1370: loss 0.8782, time 974.09ms, mfu 0.37%
iter 1380: loss 0.8825, time 975.29ms, mfu 0.37%
iter 1390: loss 0.8458, time 975.93ms, mfu 0.37%
iter 1400: loss 0.8420, time 977.40ms, mfu 0.37%
iter 1410: loss 0.8621, time 970.69ms, mfu 0.37%
iter 1420: loss 0.8582, time 973.70ms, mfu 0.37%
iter 1430: loss 0.8333, time 992.08ms, mfu 0.37%
iter 1440: loss 0.8238, time 976.96ms, mfu 0.38%
iter 1450: loss 0.7941, time 973.18ms, mfu 0.38%
iter 1460: loss 0.7858, time 980.57ms, mfu 0.38%
iter 1470: loss 0.7933, time 977.94ms, mfu 0.38%
iter 1480: loss 0.7469, time 967.10ms, mfu 0.38%
iter 1490: loss 0.7867, time 992.57ms, mfu 0.38%
step 1500: train loss 0.7730, val loss 1.8073
iter 1500: loss 0.7063, time 150726.51ms, mfu 0.34%
iter 1510: loss 0.7447, time 988.18ms, mfu 0.34%
iter 1520: loss 0.7746, time 1001.16ms, mfu 0.35%
iter 1530: loss 0.7503, time 960.91ms, mfu 0.35%
iter 1540: loss 0.6966, time 972.62ms, mfu 0.35%
iter 1550: loss 0.7177, time 979.77ms, mfu 0.36%
iter 1560: loss 0.7200, time 963.37ms, mfu 0.36%
iter 1570: loss 0.7300, time 977.88ms, mfu 0.36%
iter 1580: loss 0.6846, time 979.58ms, mfu 0.36%
iter 1590: loss 0.6624, time 989.02ms, mfu 0.36%
iter 1600: loss 0.6878, time 990.30ms, mfu 0.37%
iter 1610: loss 0.6970, time 993.27ms, mfu 0.37%
iter 1620: loss 0.6526, time 976.92ms, mfu 0.37%
iter 1630: loss 0.6738, time 976.79ms, mfu 0.37%
iter 1640: loss 0.6531, time 975.48ms, mfu 0.37%
iter 1650: loss 0.6395, time 976.75ms, mfu 0.37%
iter 1660: loss 0.6480, time 950.11ms, mfu 0.37%
iter 1670: loss 0.6101, time 1024.21ms, mfu 0.37%
iter 1680: loss 0.6383, time 975.97ms, mfu 0.37%
iter 1690: loss 0.6176, time 977.68ms, mfu 0.37%
iter 1700: loss 0.6309, time 974.06ms, mfu 0.38%
iter 1710: loss 0.6085, time 980.59ms, mfu 0.38%
iter 1720: loss 0.5955, time 961.86ms, mfu 0.38%
iter 1730: loss 0.5809, time 977.11ms, mfu 0.38%
iter 1740: loss 0.5666, time 962.95ms, mfu 0.38%
step 1750: train loss 0.5737, val loss 2.1027
iter 1750: loss 0.5794, time 149609.41ms, mfu 0.34%
iter 1760: loss 0.5601, time 996.11ms, mfu 0.34%
iter 1770: loss 0.5885, time 969.85ms, mfu 0.35%
iter 1780: loss 0.5534, time 977.86ms, mfu 0.35%
iter 1790: loss 0.5725, time 968.82ms, mfu 0.35%
iter 1800: loss 0.5477, time 958.03ms, mfu 0.36%
iter 1810: loss 0.5415, time 971.87ms, mfu 0.36%
iter 1820: loss 0.5195, time 982.00ms, mfu 0.36%
iter 1830: loss 0.4904, time 974.09ms, mfu 0.36%
iter 1840: loss 0.4955, time 978.40ms, mfu 0.37%
iter 1850: loss 0.4809, time 976.10ms, mfu 0.37%
iter 1860: loss 0.4810, time 976.40ms, mfu 0.37%
iter 1870: loss 0.4900, time 959.16ms, mfu 0.37%
iter 1880: loss 0.5287, time 961.16ms, mfu 0.37%
iter 1890: loss 0.4846, time 973.74ms, mfu 0.37%
iter 1900: loss 0.4489, time 960.24ms, mfu 0.38%
iter 1910: loss 0.4772, time 960.88ms, mfu 0.38%
iter 1920: loss 0.4724, time 961.78ms, mfu 0.38%
iter 1930: loss 0.4303, time 966.00ms, mfu 0.38%
iter 1940: loss 0.3967, time 973.13ms, mfu 0.38%
iter 1950: loss 0.4269, time 964.06ms, mfu 0.38%
iter 1960: loss 0.4165, time 962.93ms, mfu 0.38%
iter 1970: loss 0.4495, time 963.27ms, mfu 0.38%
iter 1980: loss 0.4168, time 994.10ms, mfu 0.38%
iter 1990: loss 0.4246, time 958.92ms, mfu 0.38%
step 2000: train loss 0.4076, val loss 2.3998
iter 2000: loss 0.3738, time 149675.85ms, mfu 0.34%
iter 2010: loss 0.3841, time 988.23ms, mfu 0.35%
iter 2020: loss 0.3660, time 961.76ms, mfu 0.35%
iter 2030: loss 0.4114, time 963.08ms, mfu 0.35%
iter 2040: loss 0.4047, time 964.16ms, mfu 0.36%
iter 2050: loss 0.3973, time 963.22ms, mfu 0.36%
iter 2060: loss 0.3468, time 979.78ms, mfu 0.36%
iter 2070: loss 0.3715, time 974.17ms, mfu 0.36%
iter 2080: loss 0.3764, time 990.01ms, mfu 0.37%
iter 2090: loss 0.3517, time 961.13ms, mfu 0.37%
iter 2100: loss 0.3870, time 978.50ms, mfu 0.37%
iter 2110: loss 0.3650, time 961.98ms, mfu 0.37%
iter 2120: loss 0.3642, time 972.64ms, mfu 0.37%
iter 2130: loss 0.3462, time 979.33ms, mfu 0.37%
iter 2140: loss 0.3335, time 979.18ms, mfu 0.37%
iter 2150: loss 0.3319, time 961.03ms, mfu 0.38%
iter 2160: loss 0.3354, time 977.02ms, mfu 0.38%
iter 2170: loss 0.3205, time 979.25ms, mfu 0.38%
iter 2180: loss 0.3351, time 962.61ms, mfu 0.38%
iter 2190: loss 0.3274, time 976.10ms, mfu 0.38%
iter 2200: loss 0.3052, time 987.04ms, mfu 0.38%
iter 2210: loss 0.3225, time 963.07ms, mfu 0.38%
iter 2220: loss 0.3179, time 958.70ms, mfu 0.38%
iter 2230: loss 0.3147, time 973.00ms, mfu 0.38%
iter 2240: loss 0.3028, time 960.44ms, mfu 0.38%
step 2250: train loss 0.2988, val loss 2.7300
iter 2250: loss 0.2915, time 150166.12ms, mfu 0.34%
iter 2260: loss 0.2991, time 1006.78ms, mfu 0.35%
iter 2270: loss 0.2808, time 1020.94ms, mfu 0.35%
iter 2280: loss 0.3001, time 1024.71ms, mfu 0.35%
iter 2290: loss 0.3046, time 969.76ms, mfu 0.35%
iter 2300: loss 0.2877, time 975.88ms, mfu 0.36%
iter 2310: loss 0.2627, time 1003.92ms, mfu 0.36%
iter 2320: loss 0.2555, time 990.98ms, mfu 0.36%
iter 2330: loss 0.2864, time 991.88ms, mfu 0.36%
iter 2340: loss 0.2646, time 990.14ms, mfu 0.36%
iter 2350: loss 0.2687, time 990.91ms, mfu 0.36%
iter 2360: loss 0.2700, time 989.60ms, mfu 0.36%
iter 2370: loss 0.2712, time 990.48ms, mfu 0.37%
iter 2380: loss 0.2560, time 989.84ms, mfu 0.37%
iter 2390: loss 0.2549, time 1008.53ms, mfu 0.37%
iter 2400: loss 0.2468, time 996.23ms, mfu 0.37%
iter 2410: loss 0.2445, time 995.58ms, mfu 0.37%
iter 2420: loss 0.2473, time 994.68ms, mfu 0.37%
iter 2430: loss 0.2385, time 989.90ms, mfu 0.37%
iter 2440: loss 0.2391, time 991.32ms, mfu 0.37%
iter 2450: loss 0.2344, time 989.08ms, mfu 0.37%
iter 2460: loss 0.2396, time 991.12ms, mfu 0.37%
iter 2470: loss 0.2516, time 1004.78ms, mfu 0.37%
iter 2480: loss 0.2290, time 1006.13ms, mfu 0.37%
iter 2490: loss 0.2251, time 1014.85ms, mfu 0.37%
step 2500: train loss 0.2275, val loss 2.9887
iter 2500: loss 0.2311, time 150862.43ms, mfu 0.33%
iter 2510: loss 0.2289, time 965.44ms, mfu 0.34%
iter 2520: loss 0.2017, time 942.99ms, mfu 0.34%
iter 2530: loss 0.2115, time 962.72ms, mfu 0.35%
iter 2540: loss 0.2200, time 963.00ms, mfu 0.35%
iter 2550: loss 0.2155, time 975.26ms, mfu 0.36%
iter 2560: loss 0.2176, time 976.23ms, mfu 0.36%
iter 2570: loss 0.2250, time 973.93ms, mfu 0.36%
iter 2580: loss 0.2175, time 990.04ms, mfu 0.36%
iter 2590: loss 0.1982, time 959.80ms, mfu 0.36%
iter 2600: loss 0.2250, time 1005.07ms, mfu 0.37%
iter 2610: loss 0.2089, time 965.87ms, mfu 0.37%
iter 2620: loss 0.1976, time 960.70ms, mfu 0.37%
iter 2630: loss 0.1993, time 965.60ms, mfu 0.37%
iter 2640: loss 0.1909, time 975.54ms, mfu 0.37%
iter 2650: loss 0.1929, time 997.77ms, mfu 0.37%
iter 2660: loss 0.1909, time 973.80ms, mfu 0.37%
iter 2670: loss 0.1910, time 963.37ms, mfu 0.37%
iter 2680: loss 0.1972, time 973.64ms, mfu 0.38%
iter 2690: loss 0.2135, time 971.30ms, mfu 0.38%
iter 2700: loss 0.1869, time 977.88ms, mfu 0.38%
iter 2710: loss 0.2006, time 988.95ms, mfu 0.38%
iter 2720: loss 0.1875, time 977.04ms, mfu 0.38%
iter 2730: loss 0.1963, time 975.60ms, mfu 0.38%
iter 2740: loss 0.1875, time 988.43ms, mfu 0.38%
step 2750: train loss 0.1855, val loss 3.2383
iter 2750: loss 0.1787, time 150075.37ms, mfu 0.34%
iter 2760: loss 0.1929, time 997.92ms, mfu 0.34%
iter 2770: loss 0.1798, time 994.10ms, mfu 0.35%
iter 2780: loss 0.1734, time 940.40ms, mfu 0.35%
iter 2790: loss 0.1851, time 977.39ms, mfu 0.35%
iter 2800: loss 0.1642, time 976.23ms, mfu 0.36%
iter 2810: loss 0.1717, time 962.87ms, mfu 0.36%
iter 2820: loss 0.1782, time 968.80ms, mfu 0.36%
iter 2830: loss 0.1834, time 986.15ms, mfu 0.36%
iter 2840: loss 0.1709, time 994.94ms, mfu 0.37%
iter 2850: loss 0.1784, time 970.22ms, mfu 0.37%
iter 2860: loss 0.1803, time 957.65ms, mfu 0.37%
iter 2870: loss 0.1694, time 946.95ms, mfu 0.37%
iter 2880: loss 0.1723, time 964.79ms, mfu 0.37%
iter 2890: loss 0.1759, time 962.98ms, mfu 0.37%
iter 2900: loss 0.1661, time 973.19ms, mfu 0.38%
iter 2910: loss 0.1699, time 950.47ms, mfu 0.38%
iter 2920: loss 0.1669, time 984.07ms, mfu 0.38%
iter 2930: loss 0.1660, time 1002.98ms, mfu 0.38%
iter 2940: loss 0.1533, time 951.46ms, mfu 0.38%
iter 2950: loss 0.1636, time 973.61ms, mfu 0.38%
iter 2960: loss 0.1511, time 992.66ms, mfu 0.38%
iter 2970: loss 0.1614, time 985.21ms, mfu 0.38%
iter 2980: loss 0.1624, time 962.88ms, mfu 0.38%
iter 2990: loss 0.1497, time 991.21ms, mfu 0.38%
step 3000: train loss 0.1538, val loss 3.3995
iter 3000: loss 0.1522, time 149708.61ms, mfu 0.34%
iter 3010: loss 0.1584, time 994.10ms, mfu 0.34%
iter 3020: loss 0.1561, time 975.85ms, mfu 0.35%
iter 3030: loss 0.1586, time 982.95ms, mfu 0.35%
iter 3040: loss 0.1533, time 979.31ms, mfu 0.35%
iter 3050: loss 0.1474, time 978.98ms, mfu 0.36%
iter 3060: loss 0.1535, time 1002.87ms, mfu 0.36%
iter 3070: loss 0.1538, time 989.55ms, mfu 0.36%
iter 3080: loss 0.1425, time 957.70ms, mfu 0.36%
iter 3090: loss 0.1470, time 965.74ms, mfu 0.37%
iter 3100: loss 0.1485, time 981.06ms, mfu 0.37%
iter 3110: loss 0.1464, time 959.62ms, mfu 0.37%
iter 3120: loss 0.1447, time 957.64ms, mfu 0.37%
iter 3130: loss 0.1379, time 975.60ms, mfu 0.37%
iter 3140: loss 0.1426, time 974.94ms, mfu 0.37%
iter 3150: loss 0.1523, time 946.98ms, mfu 0.38%
iter 3160: loss 0.1431, time 979.93ms, mfu 0.38%
iter 3170: loss 0.1437, time 978.15ms, mfu 0.38%
iter 3180: loss 0.1392, time 977.33ms, mfu 0.38%
iter 3190: loss 0.1443, time 960.14ms, mfu 0.38%
iter 3200: loss 0.1294, time 972.72ms, mfu 0.38%
iter 3210: loss 0.1363, time 991.10ms, mfu 0.38%
iter 3220: loss 0.1398, time 1009.01ms, mfu 0.38%
iter 3230: loss 0.1362, time 961.73ms, mfu 0.38%
iter 3240: loss 0.1355, time 960.02ms, mfu 0.38%
step 3250: train loss 0.1343, val loss 3.6405
iter 3250: loss 0.1345, time 150023.58ms, mfu 0.34%
iter 3260: loss 0.1407, time 964.96ms, mfu 0.35%
iter 3270: loss 0.1279, time 975.86ms, mfu 0.35%
iter 3280: loss 0.1391, time 990.80ms, mfu 0.35%
iter 3290: loss 0.1328, time 970.91ms, mfu 0.36%
iter 3300: loss 0.1314, time 978.09ms, mfu 0.36%
iter 3310: loss 0.1299, time 973.91ms, mfu 0.36%
iter 3320: loss 0.1323, time 977.66ms, mfu 0.36%
iter 3330: loss 0.1336, time 974.99ms, mfu 0.36%
iter 3340: loss 0.1297, time 989.54ms, mfu 0.37%
iter 3350: loss 0.1363, time 973.15ms, mfu 0.37%
iter 3360: loss 0.1258, time 975.29ms, mfu 0.37%
iter 3370: loss 0.1239, time 970.08ms, mfu 0.37%
iter 3380: loss 0.1235, time 970.73ms, mfu 0.37%
iter 3390: loss 0.1269, time 974.27ms, mfu 0.37%
iter 3400: loss 0.1244, time 963.01ms, mfu 0.37%
iter 3410: loss 0.1234, time 998.10ms, mfu 0.37%
iter 3420: loss 0.1231, time 970.02ms, mfu 0.38%
iter 3430: loss 0.1240, time 990.06ms, mfu 0.38%
iter 3440: loss 0.1274, time 970.06ms, mfu 0.38%
iter 3450: loss 0.1274, time 971.76ms, mfu 0.38%
iter 3460: loss 0.1243, time 977.23ms, mfu 0.38%
iter 3470: loss 0.1265, time 973.05ms, mfu 0.38%
iter 3480: loss 0.1183, time 963.16ms, mfu 0.38%
iter 3490: loss 0.1118, time 971.96ms, mfu 0.38%
step 3500: train loss 0.1198, val loss 3.7527
iter 3500: loss 0.1173, time 149860.88ms, mfu 0.34%
iter 3510: loss 0.1131, time 981.36ms, mfu 0.35%
iter 3520: loss 0.1165, time 1009.00ms, mfu 0.35%
iter 3530: loss 0.1145, time 1009.20ms, mfu 0.35%
iter 3540: loss 0.1135, time 978.62ms, mfu 0.35%
iter 3550: loss 0.1043, time 962.79ms, mfu 0.36%
iter 3560: loss 0.1139, time 1007.98ms, mfu 0.36%
iter 3570: loss 0.1161, time 995.17ms, mfu 0.36%
iter 3580: loss 0.1119, time 961.99ms, mfu 0.36%
iter 3590: loss 0.1096, time 995.45ms, mfu 0.36%
iter 3600: loss 0.1115, time 975.85ms, mfu 0.37%
iter 3610: loss 0.1153, time 972.74ms, mfu 0.37%
iter 3620: loss 0.1141, time 985.15ms, mfu 0.37%
iter 3630: loss 0.1176, time 975.52ms, mfu 0.37%
iter 3640: loss 0.1134, time 949.20ms, mfu 0.37%
iter 3650: loss 0.1088, time 972.50ms, mfu 0.37%
iter 3660: loss 0.1180, time 967.22ms, mfu 0.37%
iter 3670: loss 0.1125, time 980.45ms, mfu 0.37%
iter 3680: loss 0.1087, time 977.94ms, mfu 0.38%
iter 3690: loss 0.1102, time 951.59ms, mfu 0.38%
iter 3700: loss 0.1070, time 989.90ms, mfu 0.38%
iter 3710: loss 0.1044, time 964.76ms, mfu 0.38%
iter 3720: loss 0.1035, time 975.92ms, mfu 0.38%
iter 3730: loss 0.1016, time 970.14ms, mfu 0.38%
iter 3740: loss 0.1047, time 965.18ms, mfu 0.38%
step 3750: train loss 0.1083, val loss 3.8818
iter 3750: loss 0.1024, time 149763.51ms, mfu 0.34%
iter 3760: loss 0.1031, time 993.03ms, mfu 0.35%
iter 3770: loss 0.1100, time 948.40ms, mfu 0.35%
iter 3780: loss 0.1094, time 978.91ms, mfu 0.35%
iter 3790: loss 0.1102, time 965.25ms, mfu 0.36%
iter 3800: loss 0.1129, time 975.20ms, mfu 0.36%
iter 3810: loss 0.1086, time 976.82ms, mfu 0.36%
iter 3820: loss 0.1042, time 957.88ms, mfu 0.36%
iter 3830: loss 0.1043, time 952.10ms, mfu 0.37%
iter 3840: loss 0.1078, time 974.35ms, mfu 0.37%
iter 3850: loss 0.1078, time 974.04ms, mfu 0.37%
iter 3860: loss 0.0985, time 974.09ms, mfu 0.37%
iter 3870: loss 0.1044, time 976.18ms, mfu 0.37%
iter 3880: loss 0.1027, time 1007.92ms, mfu 0.37%
iter 3890: loss 0.1111, time 971.79ms, mfu 0.37%
iter 3900: loss 0.1031, time 974.03ms, mfu 0.37%
iter 3910: loss 0.0998, time 961.75ms, mfu 0.38%
iter 3920: loss 0.1025, time 974.30ms, mfu 0.38%
iter 3930: loss 0.1008, time 973.48ms, mfu 0.38%
iter 3940: loss 0.1002, time 964.87ms, mfu 0.38%
iter 3950: loss 0.0976, time 974.88ms, mfu 0.38%
iter 3960: loss 0.0984, time 976.08ms, mfu 0.38%
iter 3970: loss 0.1007, time 975.13ms, mfu 0.38%
iter 3980: loss 0.1020, time 963.33ms, mfu 0.38%
iter 3990: loss 0.0986, time 980.97ms, mfu 0.38%
step 4000: train loss 0.1004, val loss 3.9866
iter 4000: loss 0.1016, time 149969.36ms, mfu 0.34%
iter 4010: loss 0.0963, time 957.05ms, mfu 0.35%
iter 4020: loss 0.0977, time 979.18ms, mfu 0.35%
iter 4030: loss 0.0969, time 957.93ms, mfu 0.35%
iter 4040: loss 0.0962, time 1007.68ms, mfu 0.36%
iter 4050: loss 0.1027, time 977.27ms, mfu 0.36%
iter 4060: loss 0.0972, time 969.82ms, mfu 0.36%
iter 4070: loss 0.1004, time 969.66ms, mfu 0.36%
iter 4080: loss 0.0979, time 974.66ms, mfu 0.37%
iter 4090: loss 0.0979, time 1008.40ms, mfu 0.37%
iter 4100: loss 0.0940, time 976.78ms, mfu 0.37%
iter 4110: loss 0.0940, time 972.78ms, mfu 0.37%
iter 4120: loss 0.0928, time 963.09ms, mfu 0.37%
iter 4130: loss 0.0941, time 975.42ms, mfu 0.37%
iter 4140: loss 0.0905, time 977.12ms, mfu 0.37%
iter 4150: loss 0.0911, time 969.66ms, mfu 0.37%
iter 4160: loss 0.0949, time 963.26ms, mfu 0.38%
iter 4170: loss 0.0940, time 976.04ms, mfu 0.38%
iter 4180: loss 0.0938, time 978.19ms, mfu 0.38%
iter 4190: loss 0.0900, time 991.08ms, mfu 0.38%
iter 4200: loss 0.0973, time 964.03ms, mfu 0.38%
iter 4210: loss 0.0947, time 974.56ms, mfu 0.38%
iter 4220: loss 0.0906, time 975.52ms, mfu 0.38%
iter 4230: loss 0.0978, time 957.04ms, mfu 0.38%
iter 4240: loss 0.0940, time 963.57ms, mfu 0.38%
step 4250: train loss 0.0939, val loss 4.0652
iter 4250: loss 0.0955, time 149161.17ms, mfu 0.34%
iter 4260: loss 0.0893, time 972.60ms, mfu 0.35%
iter 4270: loss 0.0943, time 970.71ms, mfu 0.35%
iter 4280: loss 0.0954, time 978.14ms, mfu 0.35%
iter 4290: loss 0.0895, time 971.01ms, mfu 0.36%
iter 4300: loss 0.0923, time 989.72ms, mfu 0.36%
iter 4310: loss 0.0953, time 1006.01ms, mfu 0.36%
iter 4320: loss 0.0890, time 966.55ms, mfu 0.36%
iter 4330: loss 0.0979, time 966.27ms, mfu 0.36%
iter 4340: loss 0.0935, time 960.80ms, mfu 0.37%
iter 4350: loss 0.0907, time 968.73ms, mfu 0.37%
iter 4360: loss 0.0959, time 962.41ms, mfu 0.37%
iter 4370: loss 0.0923, time 960.96ms, mfu 0.37%
iter 4380: loss 0.0922, time 964.09ms, mfu 0.37%
iter 4390: loss 0.0915, time 979.75ms, mfu 0.37%
iter 4400: loss 0.0912, time 1011.94ms, mfu 0.37%
iter 4410: loss 0.0914, time 965.12ms, mfu 0.37%
iter 4420: loss 0.0939, time 995.94ms, mfu 0.37%
iter 4430: loss 0.0907, time 994.25ms, mfu 0.37%
iter 4440: loss 0.0889, time 980.93ms, mfu 0.38%
iter 4450: loss 0.0935, time 962.15ms, mfu 0.38%
iter 4460: loss 0.0878, time 948.19ms, mfu 0.38%
iter 4470: loss 0.0914, time 1002.85ms, mfu 0.38%
iter 4480: loss 0.0886, time 958.20ms, mfu 0.38%
iter 4490: loss 0.0855, time 975.92ms, mfu 0.38%
step 4500: train loss 0.0889, val loss 4.1286
iter 4500: loss 0.0860, time 152162.35ms, mfu 0.34%
iter 4510: loss 0.0889, time 996.82ms, mfu 0.34%
iter 4520: loss 0.0876, time 990.76ms, mfu 0.35%
iter 4530: loss 0.0897, time 1009.52ms, mfu 0.35%
iter 4540: loss 0.0883, time 1005.06ms, mfu 0.35%
iter 4550: loss 0.0881, time 998.24ms, mfu 0.35%
iter 4560: loss 0.0916, time 991.02ms, mfu 0.36%
iter 4570: loss 0.0858, time 1006.71ms, mfu 0.36%
iter 4580: loss 0.0869, time 991.02ms, mfu 0.36%
iter 4590: loss 0.0897, time 991.78ms, mfu 0.36%
iter 4600: loss 0.0871, time 996.87ms, mfu 0.36%
iter 4610: loss 0.0901, time 996.75ms, mfu 0.36%
iter 4620: loss 0.0875, time 1007.02ms, mfu 0.36%
iter 4630: loss 0.0904, time 997.92ms, mfu 0.37%
iter 4640: loss 0.0897, time 1008.86ms, mfu 0.37%
iter 4650: loss 0.0868, time 973.99ms, mfu 0.37%
iter 4660: loss 0.0884, time 980.34ms, mfu 0.37%
iter 4670: loss 0.0831, time 974.71ms, mfu 0.37%
iter 4680: loss 0.0893, time 979.51ms, mfu 0.37%
iter 4690: loss 0.0888, time 1010.23ms, mfu 0.37%
iter 4700: loss 0.0862, time 980.82ms, mfu 0.37%
iter 4710: loss 0.0815, time 980.76ms, mfu 0.37%
iter 4720: loss 0.0859, time 983.27ms, mfu 0.37%
iter 4730: loss 0.0839, time 962.26ms, mfu 0.37%
iter 4740: loss 0.0863, time 939.24ms, mfu 0.38%
step 4750: train loss 0.0868, val loss 4.1888
iter 4750: loss 0.0866, time 148437.61ms, mfu 0.34%
iter 4760: loss 0.0871, time 940.40ms, mfu 0.35%
iter 4770: loss 0.0800, time 928.77ms, mfu 0.35%
iter 4780: loss 0.0829, time 938.03ms, mfu 0.36%
iter 4790: loss 0.0853, time 920.64ms, mfu 0.36%
iter 4800: loss 0.0860, time 940.51ms, mfu 0.36%
iter 4810: loss 0.0818, time 925.60ms, mfu 0.37%
iter 4820: loss 0.0842, time 926.91ms, mfu 0.37%
iter 4830: loss 0.0884, time 921.06ms, mfu 0.37%
iter 4840: loss 0.0854, time 927.77ms, mfu 0.38%
iter 4850: loss 0.0852, time 933.26ms, mfu 0.38%
iter 4860: loss 0.0871, time 926.39ms, mfu 0.38%
iter 4870: loss 0.0871, time 927.95ms, mfu 0.38%
iter 4880: loss 0.0820, time 992.08ms, mfu 0.38%
iter 4890: loss 0.0808, time 942.89ms, mfu 0.38%
iter 4900: loss 0.0848, time 936.81ms, mfu 0.39%
iter 4910: loss 0.0846, time 920.67ms, mfu 0.39%
iter 4920: loss 0.0884, time 921.64ms, mfu 0.39%
iter 4930: loss 0.0845, time 926.24ms, mfu 0.39%
iter 4940: loss 0.0829, time 927.37ms, mfu 0.39%
iter 4950: loss 0.0831, time 922.81ms, mfu 0.39%
iter 4960: loss 0.0858, time 922.09ms, mfu 0.39%
iter 4970: loss 0.0867, time 926.39ms, mfu 0.39%
iter 4980: loss 0.0803, time 946.06ms, mfu 0.39%
iter 4990: loss 0.0832, time 994.26ms, mfu 0.39%
step 5000: train loss 0.0844, val loss 4.2060
iter 5000: loss 0.0870, time 149282.67ms, mfu 0.35%

============================================================
Experiment 'do0.0' finished (exit code 0)
Wall-clock time: 132 min 23.8 sec (7943.8 s total)
============================================================
