Overriding config with config/train_shakespeare_char_lr1e2.py:
# Experiment 1: High learning rate
# Change: learning_rate 1e-3 -> 1e-2 (10x increase)
# All other hyperparameters match baseline

out_dir = 'out-shakespeare-lr1e2'

eval_interval = 250
eval_iters = 200            
log_interval = 10

always_save_checkpoint = False

wandb_log = False
wandb_project = 'nanoGPT-assignment'
wandb_run_name = 'lr1e2'

dataset = 'shakespeare_char'
gradient_accumulation_steps = 1
batch_size = 64
block_size = 256

n_layer = 6
n_head = 6
n_embd = 384
dropout = 0.2

learning_rate = 1e-2       # CHANGED: baseline was 1e-3
max_iters = 5000
lr_decay_iters = 5000
min_lr = 1e-4
beta2 = 0.99

warmup_iters = 100
weight_decay = 1e-1

device = 'cuda'
compile = False

tokens per iteration will be: 16,384
found vocab_size = 65 (inside data\shakespeare_char\meta.pkl)
Initializing a new model from scratch
number of parameters: 10.65M
c:\Users\lexil\code\NLP Foundations Assignment\FoundationsNLP\train.py:196: FutureWarning: `torch.cuda.amp.GradScaler(args...)` is deprecated. Please use `torch.amp.GradScaler('cuda', args...)` instead.
  scaler = torch.cuda.amp.GradScaler(enabled=(dtype == 'float16'))
num decayed parameter tensors: 26, with 10,740,096 parameters
num non-decayed parameter tensors: 13, with 4,992 parameters
using fused AdamW: True
step 0: train loss 4.2874, val loss 4.2823
iter 0: loss 4.2674, time 21184.95ms, mfu -100.00%
iter 10: loss 2.9296, time 166.83ms, mfu 2.23%
iter 20: loss 2.5875, time 157.80ms, mfu 2.25%
iter 30: loss 2.5642, time 149.88ms, mfu 2.27%
iter 40: loss 2.5548, time 169.89ms, mfu 2.26%
iter 50: loss 2.5196, time 152.66ms, mfu 2.28%
iter 60: loss 2.6272, time 150.56ms, mfu 2.30%
iter 70: loss 2.7016, time 163.87ms, mfu 2.30%
iter 80: loss 2.6171, time 158.75ms, mfu 2.30%
iter 90: loss 2.5500, time 158.18ms, mfu 2.31%
iter 100: loss 2.5385, time 160.14ms, mfu 2.31%
iter 110: loss 2.5347, time 158.15ms, mfu 2.31%
iter 120: loss 2.5146, time 153.01ms, mfu 2.33%
iter 130: loss 2.4994, time 149.24ms, mfu 2.34%
iter 140: loss 2.5003, time 153.18ms, mfu 2.35%
iter 150: loss 2.5154, time 149.73ms, mfu 2.37%
iter 160: loss 2.4895, time 158.10ms, mfu 2.37%
iter 170: loss 2.4826, time 151.28ms, mfu 2.37%
iter 180: loss 2.4801, time 150.02ms, mfu 2.39%
iter 190: loss 2.4655, time 150.23ms, mfu 2.40%
iter 200: loss 2.4568, time 165.35ms, mfu 2.38%
iter 210: loss 2.4310, time 156.25ms, mfu 2.38%
iter 220: loss 2.4678, time 153.53ms, mfu 2.39%
iter 230: loss 2.4481, time 149.44ms, mfu 2.40%
iter 240: loss 2.4626, time 155.99ms, mfu 2.40%
step 250: train loss 2.4962, val loss 2.5235
saving checkpoint to out-shakespeare-lr1e2
iter 250: loss 2.5154, time 21286.08ms, mfu 2.16%
iter 260: loss 2.4885, time 158.45ms, mfu 2.18%
iter 270: loss 2.4713, time 158.67ms, mfu 2.19%
iter 280: loss 2.4893, time 152.75ms, mfu 2.22%
iter 290: loss 2.4525, time 155.36ms, mfu 2.24%
iter 300: loss 2.4509, time 164.87ms, mfu 2.24%
iter 310: loss 2.4384, time 148.53ms, mfu 2.27%
iter 320: loss 2.4228, time 165.97ms, mfu 2.26%
iter 330: loss 2.3874, time 154.86ms, mfu 2.28%
iter 340: loss 2.3513, time 162.90ms, mfu 2.28%
iter 350: loss 2.3578, time 149.27ms, mfu 2.30%
iter 360: loss 2.2980, time 145.66ms, mfu 2.33%
iter 370: loss 2.2616, time 152.11ms, mfu 2.34%
iter 380: loss 2.2241, time 154.90ms, mfu 2.35%
iter 390: loss 2.2257, time 158.15ms, mfu 2.35%
iter 400: loss 2.2059, time 156.00ms, mfu 2.35%
iter 410: loss 2.1634, time 144.97ms, mfu 2.37%
iter 420: loss 2.1673, time 146.59ms, mfu 2.39%
iter 430: loss 2.1428, time 145.40ms, mfu 2.41%
iter 440: loss 2.0992, time 154.63ms, mfu 2.41%
iter 450: loss 2.1027, time 150.55ms, mfu 2.41%
iter 460: loss 2.0415, time 148.94ms, mfu 2.42%
iter 470: loss 2.1001, time 155.87ms, mfu 2.42%
iter 480: loss 2.0708, time 145.87ms, mfu 2.43%
iter 490: loss 2.0605, time 156.79ms, mfu 2.43%
step 500: train loss 1.9860, val loss 2.0989
saving checkpoint to out-shakespeare-lr1e2
iter 500: loss 2.0700, time 20992.09ms, mfu 2.19%
iter 510: loss 2.0603, time 175.23ms, mfu 2.18%
iter 520: loss 2.0495, time 165.94ms, mfu 2.19%
iter 530: loss 2.0434, time 160.38ms, mfu 2.20%
iter 540: loss 2.0700, time 155.35ms, mfu 2.22%
iter 550: loss 2.0227, time 168.17ms, mfu 2.22%
iter 560: loss 2.0404, time 150.20ms, mfu 2.25%
iter 570: loss 2.0258, time 159.03ms, mfu 2.26%
iter 580: loss 2.0207, time 152.98ms, mfu 2.27%
iter 590: loss 1.9734, time 155.54ms, mfu 2.29%
iter 600: loss 1.9849, time 161.61ms, mfu 2.29%
iter 610: loss 1.9931, time 148.25ms, mfu 2.31%
iter 620: loss 1.9773, time 158.13ms, mfu 2.32%
iter 630: loss 1.9793, time 152.34ms, mfu 2.33%
iter 640: loss 1.9426, time 152.65ms, mfu 2.34%
iter 650: loss 1.9839, time 153.10ms, mfu 2.35%
iter 660: loss 1.9795, time 154.54ms, mfu 2.36%
iter 670: loss 1.9159, time 149.98ms, mfu 2.37%
iter 680: loss 1.9666, time 155.87ms, mfu 2.37%
iter 690: loss 1.9359, time 149.44ms, mfu 2.38%
iter 700: loss 1.9441, time 138.31ms, mfu 2.41%
iter 710: loss 1.9287, time 150.49ms, mfu 2.42%
iter 720: loss 1.8959, time 146.39ms, mfu 2.43%
iter 730: loss 1.8900, time 149.96ms, mfu 2.44%
iter 740: loss 1.9048, time 152.33ms, mfu 2.44%
step 750: train loss 1.8136, val loss 1.9761
saving checkpoint to out-shakespeare-lr1e2
iter 750: loss 1.9327, time 20908.98ms, mfu 2.20%
iter 760: loss 1.9133, time 171.04ms, mfu 2.19%
iter 770: loss 1.9058, time 163.95ms, mfu 2.20%
iter 780: loss 1.8956, time 164.89ms, mfu 2.21%
iter 790: loss 1.8975, time 151.97ms, mfu 2.23%
iter 800: loss 1.8850, time 157.63ms, mfu 2.25%
iter 810: loss 1.8721, time 142.28ms, mfu 2.28%
iter 820: loss 1.8574, time 144.26ms, mfu 2.31%
iter 830: loss 1.8504, time 152.15ms, mfu 2.33%
iter 840: loss 1.8639, time 146.80ms, mfu 2.35%
iter 850: loss 1.8499, time 156.62ms, mfu 2.35%
iter 860: loss 1.8653, time 152.63ms, mfu 2.36%
iter 870: loss 1.8553, time 149.41ms, mfu 2.37%
iter 880: loss 1.8577, time 152.85ms, mfu 2.38%
iter 890: loss 1.8688, time 153.36ms, mfu 2.38%
iter 900: loss 1.8726, time 156.59ms, mfu 2.38%
iter 910: loss 1.8159, time 150.43ms, mfu 2.39%
iter 920: loss 1.8523, time 163.65ms, mfu 2.38%
iter 930: loss 1.8292, time 156.81ms, mfu 2.38%
iter 940: loss 1.8108, time 147.77ms, mfu 2.40%
iter 950: loss 1.8265, time 139.71ms, mfu 2.42%
iter 960: loss 1.8309, time 153.03ms, mfu 2.42%
iter 970: loss 1.8326, time 156.35ms, mfu 2.42%
iter 980: loss 1.8243, time 149.44ms, mfu 2.43%
iter 990: loss 1.8218, time 150.14ms, mfu 2.43%
step 1000: train loss 1.6926, val loss 1.8554
saving checkpoint to out-shakespeare-lr1e2
iter 1000: loss 1.7875, time 20993.44ms, mfu 2.19%
iter 1010: loss 1.8068, time 155.77ms, mfu 2.21%
iter 1020: loss 1.7824, time 157.56ms, mfu 2.23%
iter 1030: loss 1.8260, time 141.19ms, mfu 2.27%
iter 1040: loss 1.8238, time 155.65ms, mfu 2.28%
iter 1050: loss 1.7750, time 154.98ms, mfu 2.29%
iter 1060: loss 1.8212, time 142.03ms, mfu 2.33%
iter 1070: loss 1.8091, time 141.33ms, mfu 2.36%
iter 1080: loss 1.8076, time 152.71ms, mfu 2.37%
iter 1090: loss 1.8370, time 142.46ms, mfu 2.39%
iter 1100: loss 1.8018, time 153.61ms, mfu 2.39%
iter 1110: loss 1.7807, time 142.20ms, mfu 2.42%
iter 1120: loss 1.7597, time 155.51ms, mfu 2.41%
iter 1130: loss 1.7780, time 141.86ms, mfu 2.44%
iter 1140: loss 1.7646, time 138.37ms, mfu 2.46%
iter 1150: loss 1.7736, time 141.91ms, mfu 2.48%
iter 1160: loss 1.8243, time 141.10ms, mfu 2.49%
iter 1170: loss 1.7696, time 140.52ms, mfu 2.51%
iter 1180: loss 1.7963, time 141.54ms, mfu 2.52%
iter 1190: loss 1.7578, time 141.06ms, mfu 2.53%
iter 1200: loss 1.7540, time 141.59ms, mfu 2.54%
iter 1210: loss 1.7408, time 157.78ms, mfu 2.53%
iter 1220: loss 1.7926, time 156.19ms, mfu 2.51%
iter 1230: loss 1.7998, time 157.24ms, mfu 2.50%
iter 1240: loss 1.7744, time 155.34ms, mfu 2.49%
step 1250: train loss 1.6389, val loss 1.8274
saving checkpoint to out-shakespeare-lr1e2
iter 1250: loss 1.7662, time 20325.10ms, mfu 2.24%
iter 1260: loss 1.7736, time 157.95ms, mfu 2.25%
iter 1270: loss 1.7651, time 152.90ms, mfu 2.27%
iter 1280: loss 1.7314, time 156.95ms, mfu 2.28%
iter 1290: loss 1.7745, time 156.79ms, mfu 2.29%
iter 1300: loss 1.7860, time 141.69ms, mfu 2.32%
iter 1310: loss 1.7146, time 151.37ms, mfu 2.34%
iter 1320: loss 1.7932, time 165.89ms, mfu 2.33%
iter 1330: loss 1.7523, time 160.14ms, mfu 2.33%
iter 1340: loss 1.7617, time 175.99ms, mfu 2.31%
iter 1350: loss 1.7300, time 164.89ms, mfu 2.30%
iter 1360: loss 1.7538, time 156.90ms, mfu 2.31%
iter 1370: loss 1.7283, time 170.40ms, mfu 2.30%
iter 1380: loss 1.7385, time 149.56ms, mfu 2.32%
iter 1390: loss 1.7397, time 149.58ms, mfu 2.33%
iter 1400: loss 1.7311, time 160.45ms, mfu 2.33%
iter 1410: loss 1.7165, time 154.29ms, mfu 2.34%
iter 1420: loss 1.7360, time 162.16ms, mfu 2.34%
iter 1430: loss 1.7301, time 149.60ms, mfu 2.35%
iter 1440: loss 1.7531, time 159.38ms, mfu 2.35%
iter 1450: loss 1.7073, time 150.20ms, mfu 2.36%
iter 1460: loss 1.7316, time 155.93ms, mfu 2.37%
iter 1470: loss 1.7145, time 157.88ms, mfu 2.37%
iter 1480: loss 1.7060, time 153.70ms, mfu 2.37%
iter 1490: loss 1.7192, time 148.88ms, mfu 2.38%
step 1500: train loss 1.6079, val loss 1.7979
saving checkpoint to out-shakespeare-lr1e2
iter 1500: loss 1.6931, time 20938.99ms, mfu 2.15%
iter 1510: loss 1.7481, time 174.36ms, mfu 2.15%
iter 1520: loss 1.7294, time 162.79ms, mfu 2.16%
iter 1530: loss 1.7578, time 156.02ms, mfu 2.18%
iter 1540: loss 1.6999, time 151.97ms, mfu 2.21%
iter 1550: loss 1.7321, time 159.06ms, mfu 2.22%
iter 1560: loss 1.7275, time 140.91ms, mfu 2.27%
iter 1570: loss 1.7392, time 153.62ms, mfu 2.28%
iter 1580: loss 1.7081, time 155.90ms, mfu 2.29%
iter 1590: loss 1.7073, time 144.37ms, mfu 2.32%
iter 1600: loss 1.6936, time 143.24ms, mfu 2.35%
iter 1610: loss 1.7261, time 155.06ms, mfu 2.35%
iter 1620: loss 1.6744, time 155.15ms, mfu 2.36%
iter 1630: loss 1.7202, time 155.63ms, mfu 2.36%
iter 1640: loss 1.7005, time 148.82ms, mfu 2.38%
iter 1650: loss 1.6729, time 157.33ms, mfu 2.38%
iter 1660: loss 1.7162, time 156.42ms, mfu 2.38%
iter 1670: loss 1.7065, time 156.37ms, mfu 2.38%
iter 1680: loss 1.6965, time 156.43ms, mfu 2.38%
iter 1690: loss 1.7051, time 143.57ms, mfu 2.40%
iter 1700: loss 1.6964, time 150.49ms, mfu 2.41%
iter 1710: loss 1.6939, time 145.50ms, mfu 2.42%
iter 1720: loss 1.6951, time 153.67ms, mfu 2.42%
iter 1730: loss 1.7170, time 153.57ms, mfu 2.42%
iter 1740: loss 1.6857, time 149.31ms, mfu 2.43%
step 1750: train loss 1.5750, val loss 1.7695
saving checkpoint to out-shakespeare-lr1e2
iter 1750: loss 1.6996, time 20954.03ms, mfu 2.19%
iter 1760: loss 1.7016, time 167.30ms, mfu 2.19%
iter 1770: loss 1.6953, time 159.37ms, mfu 2.21%
iter 1780: loss 1.6945, time 158.07ms, mfu 2.22%
iter 1790: loss 1.6969, time 146.92ms, mfu 2.25%
iter 1800: loss 1.7018, time 157.38ms, mfu 2.27%
iter 1810: loss 1.6740, time 158.73ms, mfu 2.27%
iter 1820: loss 1.6839, time 148.83ms, mfu 2.30%
iter 1830: loss 1.6937, time 153.24ms, mfu 2.31%
iter 1840: loss 1.6697, time 143.86ms, mfu 2.34%
iter 1850: loss 1.6902, time 140.51ms, mfu 2.37%
iter 1860: loss 1.6924, time 151.15ms, mfu 2.38%
iter 1870: loss 1.6454, time 149.97ms, mfu 2.39%
iter 1880: loss 1.6815, time 149.50ms, mfu 2.40%
iter 1890: loss 1.6909, time 153.29ms, mfu 2.40%
iter 1900: loss 1.6568, time 153.57ms, mfu 2.41%
iter 1910: loss 1.6908, time 154.34ms, mfu 2.41%
iter 1920: loss 1.6887, time 147.48ms, mfu 2.42%
iter 1930: loss 1.6784, time 151.58ms, mfu 2.42%
iter 1940: loss 1.6610, time 142.86ms, mfu 2.44%
iter 1950: loss 1.6453, time 162.19ms, mfu 2.43%
iter 1960: loss 1.6794, time 161.57ms, mfu 2.41%
iter 1970: loss 1.6648, time 149.24ms, mfu 2.42%
iter 1980: loss 1.6883, time 162.04ms, mfu 2.41%
iter 1990: loss 1.6618, time 155.58ms, mfu 2.41%
step 2000: train loss 1.5540, val loss 1.7753
iter 2000: loss 1.6861, time 20747.21ms, mfu 2.17%
iter 2010: loss 1.6717, time 146.09ms, mfu 2.21%
iter 2020: loss 1.6651, time 156.94ms, mfu 2.22%
iter 2030: loss 1.6808, time 156.43ms, mfu 2.24%
iter 2040: loss 1.6619, time 154.56ms, mfu 2.26%
iter 2050: loss 1.6168, time 145.18ms, mfu 2.29%
iter 2060: loss 1.6164, time 171.77ms, mfu 2.28%
iter 2070: loss 1.6507, time 143.09ms, mfu 2.31%
iter 2080: loss 1.6326, time 152.40ms, mfu 2.32%
iter 2090: loss 1.6675, time 149.39ms, mfu 2.34%
iter 2100: loss 1.6499, time 156.14ms, mfu 2.34%
iter 2110: loss 1.6394, time 160.58ms, mfu 2.34%
iter 2120: loss 1.6576, time 141.84ms, mfu 2.37%
iter 2130: loss 1.6686, time 149.82ms, mfu 2.38%
iter 2140: loss 1.6609, time 144.99ms, mfu 2.40%
iter 2150: loss 1.6688, time 156.75ms, mfu 2.40%
iter 2160: loss 1.6847, time 147.34ms, mfu 2.41%
iter 2170: loss 1.6693, time 153.87ms, mfu 2.41%
iter 2180: loss 1.6435, time 157.00ms, mfu 2.41%
iter 2190: loss 1.6357, time 151.87ms, mfu 2.41%
iter 2200: loss 1.6657, time 152.00ms, mfu 2.42%
iter 2210: loss 1.6234, time 154.49ms, mfu 2.42%
iter 2220: loss 1.6404, time 156.52ms, mfu 2.41%
iter 2230: loss 1.6434, time 147.00ms, mfu 2.43%
iter 2240: loss 1.6734, time 146.28ms, mfu 2.44%
step 2250: train loss 1.5199, val loss 1.7303
saving checkpoint to out-shakespeare-lr1e2
iter 2250: loss 1.6464, time 20830.61ms, mfu 2.20%
iter 2260: loss 1.6349, time 159.96ms, mfu 2.21%
iter 2270: loss 1.6815, time 141.59ms, mfu 2.25%
iter 2280: loss 1.6102, time 149.95ms, mfu 2.27%
iter 2290: loss 1.6506, time 150.61ms, mfu 2.29%
iter 2300: loss 1.6508, time 147.05ms, mfu 2.32%
iter 2310: loss 1.6271, time 148.76ms, mfu 2.34%
iter 2320: loss 1.6351, time 153.73ms, mfu 2.35%
iter 2330: loss 1.6307, time 145.22ms, mfu 2.37%
iter 2340: loss 1.6347, time 152.56ms, mfu 2.38%
iter 2350: loss 1.6178, time 150.80ms, mfu 2.38%
iter 2360: loss 1.6312, time 152.81ms, mfu 2.39%
iter 2370: loss 1.6150, time 151.88ms, mfu 2.40%
iter 2380: loss 1.6078, time 159.24ms, mfu 2.39%
iter 2390: loss 1.5966, time 162.11ms, mfu 2.38%
iter 2400: loss 1.6029, time 154.15ms, mfu 2.39%
iter 2410: loss 1.5994, time 150.32ms, mfu 2.39%
iter 2420: loss 1.5971, time 141.89ms, mfu 2.42%
iter 2430: loss 1.5759, time 156.43ms, mfu 2.41%
iter 2440: loss 1.5760, time 153.88ms, mfu 2.41%
iter 2450: loss 1.5987, time 149.15ms, mfu 2.42%
iter 2460: loss 1.5919, time 152.90ms, mfu 2.42%
iter 2470: loss 1.6154, time 149.60ms, mfu 2.43%
iter 2480: loss 1.6006, time 150.39ms, mfu 2.44%
iter 2490: loss 1.5781, time 145.68ms, mfu 2.45%
step 2500: train loss 1.4614, val loss 1.6832
saving checkpoint to out-shakespeare-lr1e2
iter 2500: loss 1.5955, time 20875.18ms, mfu 2.21%
iter 2510: loss 1.5932, time 157.97ms, mfu 2.22%
iter 2520: loss 1.5860, time 153.80ms, mfu 2.24%
iter 2530: loss 1.5605, time 149.63ms, mfu 2.27%
iter 2540: loss 1.5476, time 154.98ms, mfu 2.28%
iter 2550: loss 1.5700, time 145.87ms, mfu 2.31%
iter 2560: loss 1.5351, time 154.43ms, mfu 2.32%
iter 2570: loss 1.5591, time 146.61ms, mfu 2.34%
iter 2580: loss 1.5683, time 150.32ms, mfu 2.35%
iter 2590: loss 1.5509, time 153.67ms, mfu 2.36%
iter 2600: loss 1.5413, time 155.83ms, mfu 2.36%
iter 2610: loss 1.5215, time 166.64ms, mfu 2.35%
iter 2620: loss 1.5116, time 149.68ms, mfu 2.37%
iter 2630: loss 1.4788, time 152.70ms, mfu 2.37%
iter 2640: loss 1.5281, time 149.02ms, mfu 2.39%
iter 2650: loss 1.5480, time 150.30ms, mfu 2.39%
iter 2660: loss 1.5143, time 152.32ms, mfu 2.40%
iter 2670: loss 1.4975, time 149.58ms, mfu 2.41%
iter 2680: loss 1.5114, time 162.69ms, mfu 2.40%
iter 2690: loss 1.5087, time 156.61ms, mfu 2.40%
iter 2700: loss 1.4870, time 155.88ms, mfu 2.39%
iter 2710: loss 1.5134, time 151.71ms, mfu 2.40%
iter 2720: loss 1.4936, time 148.25ms, mfu 2.41%
iter 2730: loss 1.5149, time 148.04ms, mfu 2.42%
iter 2740: loss 1.4792, time 150.09ms, mfu 2.43%
step 2750: train loss 1.3779, val loss 1.6291
saving checkpoint to out-shakespeare-lr1e2
iter 2750: loss 1.4835, time 20883.25ms, mfu 2.19%
iter 2760: loss 1.4713, time 164.86ms, mfu 2.19%
iter 2770: loss 1.4695, time 144.83ms, mfu 2.23%
iter 2780: loss 1.4694, time 144.05ms, mfu 2.27%
iter 2790: loss 1.4812, time 153.93ms, mfu 2.28%
iter 2800: loss 1.4663, time 145.88ms, mfu 2.31%
iter 2810: loss 1.4875, time 150.69ms, mfu 2.33%
iter 2820: loss 1.4816, time 149.81ms, mfu 2.34%
iter 2830: loss 1.4628, time 150.52ms, mfu 2.36%
iter 2840: loss 1.4142, time 164.53ms, mfu 2.35%
iter 2850: loss 1.4633, time 157.80ms, mfu 2.35%
iter 2860: loss 1.4545, time 167.07ms, mfu 2.34%
iter 2870: loss 1.4446, time 147.37ms, mfu 2.36%
iter 2880: loss 1.4838, time 145.66ms, mfu 2.38%
iter 2890: loss 1.4331, time 146.44ms, mfu 2.39%
iter 2900: loss 1.4266, time 150.69ms, mfu 2.40%
iter 2910: loss 1.4724, time 145.56ms, mfu 2.42%
iter 2920: loss 1.4513, time 141.69ms, mfu 2.44%
iter 2930: loss 1.4412, time 148.67ms, mfu 2.44%
iter 2940: loss 1.4211, time 146.94ms, mfu 2.45%
iter 2950: loss 1.4448, time 154.17ms, mfu 2.45%
iter 2960: loss 1.4108, time 152.07ms, mfu 2.45%
iter 2970: loss 1.3984, time 140.49ms, mfu 2.47%
iter 2980: loss 1.4002, time 149.76ms, mfu 2.47%
iter 2990: loss 1.4117, time 156.44ms, mfu 2.46%
step 3000: train loss 1.3117, val loss 1.5703
saving checkpoint to out-shakespeare-lr1e2
iter 3000: loss 1.3955, time 21782.03ms, mfu 2.22%
iter 3010: loss 1.3994, time 159.95ms, mfu 2.23%
iter 3020: loss 1.4243, time 170.93ms, mfu 2.22%
iter 3030: loss 1.4108, time 153.23ms, mfu 2.25%
iter 3040: loss 1.4466, time 143.79ms, mfu 2.28%
iter 3050: loss 1.3997, time 142.99ms, mfu 2.31%
iter 3060: loss 1.4086, time 154.26ms, mfu 2.32%
iter 3070: loss 1.4132, time 144.71ms, mfu 2.35%
iter 3080: loss 1.4100, time 185.50ms, mfu 2.31%
iter 3090: loss 1.3953, time 143.41ms, mfu 2.34%
iter 3100: loss 1.4190, time 151.84ms, mfu 2.35%
iter 3110: loss 1.3656, time 153.15ms, mfu 2.36%
iter 3120: loss 1.4022, time 154.59ms, mfu 2.37%
iter 3130: loss 1.3803, time 156.39ms, mfu 2.37%
iter 3140: loss 1.3756, time 141.85ms, mfu 2.39%
iter 3150: loss 1.3920, time 141.86ms, mfu 2.42%
iter 3160: loss 1.4350, time 141.25ms, mfu 2.44%
iter 3170: loss 1.3537, time 139.24ms, mfu 2.46%
iter 3180: loss 1.3562, time 157.09ms, mfu 2.45%
iter 3190: loss 1.3683, time 157.19ms, mfu 2.45%
iter 3200: loss 1.3654, time 142.09ms, mfu 2.46%
iter 3210: loss 1.3621, time 141.32ms, mfu 2.48%
iter 3220: loss 1.3495, time 138.79ms, mfu 2.50%
iter 3230: loss 1.3607, time 155.84ms, mfu 2.49%
iter 3240: loss 1.3394, time 152.62ms, mfu 2.49%
step 3250: train loss 1.2619, val loss 1.5455
saving checkpoint to out-shakespeare-lr1e2
iter 3250: loss 1.3615, time 19975.84ms, mfu 2.24%
iter 3260: loss 1.3476, time 142.36ms, mfu 2.28%
iter 3270: loss 1.3683, time 153.86ms, mfu 2.29%
iter 3280: loss 1.3352, time 141.58ms, mfu 2.33%
iter 3290: loss 1.3301, time 155.60ms, mfu 2.33%
iter 3300: loss 1.3360, time 145.45ms, mfu 2.36%
iter 3310: loss 1.3306, time 151.57ms, mfu 2.37%
iter 3320: loss 1.3484, time 144.97ms, mfu 2.39%
iter 3330: loss 1.3296, time 142.40ms, mfu 2.41%
iter 3340: loss 1.3453, time 141.43ms, mfu 2.43%
iter 3350: loss 1.3468, time 157.27ms, mfu 2.43%
iter 3360: loss 1.3046, time 152.21ms, mfu 2.43%
iter 3370: loss 1.3494, time 139.27ms, mfu 2.45%
iter 3380: loss 1.3167, time 150.03ms, mfu 2.46%
iter 3390: loss 1.3408, time 188.63ms, mfu 2.41%
iter 3400: loss 1.3209, time 167.64ms, mfu 2.39%
iter 3410: loss 1.3264, time 170.17ms, mfu 2.37%
iter 3420: loss 1.3516, time 159.84ms, mfu 2.37%
iter 3430: loss 1.3319, time 149.98ms, mfu 2.38%
iter 3440: loss 1.3608, time 157.15ms, mfu 2.38%
iter 3450: loss 1.3264, time 170.01ms, mfu 2.36%
iter 3460: loss 1.3293, time 165.84ms, mfu 2.35%
iter 3470: loss 1.3178, time 159.62ms, mfu 2.35%
iter 3480: loss 1.3359, time 149.85ms, mfu 2.36%
iter 3490: loss 1.3115, time 156.30ms, mfu 2.36%
step 3500: train loss 1.2168, val loss 1.5112
saving checkpoint to out-shakespeare-lr1e2
iter 3500: loss 1.2840, time 20929.69ms, mfu 2.13%
iter 3510: loss 1.2829, time 164.44ms, mfu 2.14%
iter 3520: loss 1.3141, time 160.59ms, mfu 2.16%
iter 3530: loss 1.3486, time 150.20ms, mfu 2.19%
iter 3540: loss 1.3144, time 150.10ms, mfu 2.22%
iter 3550: loss 1.2982, time 168.14ms, mfu 2.22%
iter 3560: loss 1.3280, time 157.89ms, mfu 2.23%
iter 3570: loss 1.3142, time 151.87ms, mfu 2.26%
iter 3580: loss 1.3054, time 154.75ms, mfu 2.27%
iter 3590: loss 1.3097, time 141.65ms, mfu 2.31%
iter 3600: loss 1.2993, time 140.59ms, mfu 2.34%
iter 3610: loss 1.3054, time 156.47ms, mfu 2.35%
iter 3620: loss 1.2835, time 140.37ms, mfu 2.38%
iter 3630: loss 1.2803, time 154.41ms, mfu 2.38%
iter 3640: loss 1.2701, time 142.10ms, mfu 2.40%
iter 3650: loss 1.2943, time 152.40ms, mfu 2.41%
iter 3660: loss 1.3085, time 143.68ms, mfu 2.43%
iter 3670: loss 1.2995, time 151.60ms, mfu 2.43%
iter 3680: loss 1.2681, time 155.90ms, mfu 2.43%
iter 3690: loss 1.3064, time 156.71ms, mfu 2.42%
iter 3700: loss 1.2533, time 157.59ms, mfu 2.42%
iter 3710: loss 1.2640, time 153.39ms, mfu 2.42%
iter 3720: loss 1.2977, time 143.13ms, mfu 2.44%
iter 3730: loss 1.2615, time 143.80ms, mfu 2.45%
iter 3740: loss 1.2882, time 156.88ms, mfu 2.44%
step 3750: train loss 1.1796, val loss 1.4987
saving checkpoint to out-shakespeare-lr1e2
iter 3750: loss 1.2610, time 20072.31ms, mfu 2.20%
iter 3760: loss 1.2988, time 153.64ms, mfu 2.22%
iter 3770: loss 1.3061, time 157.29ms, mfu 2.24%
iter 3780: loss 1.2917, time 143.05ms, mfu 2.27%
iter 3790: loss 1.2396, time 152.94ms, mfu 2.29%
iter 3800: loss 1.2719, time 153.76ms, mfu 2.30%
iter 3810: loss 1.2923, time 157.08ms, mfu 2.31%
iter 3820: loss 1.2526, time 155.04ms, mfu 2.32%
iter 3830: loss 1.2560, time 141.92ms, mfu 2.35%
iter 3840: loss 1.2424, time 139.18ms, mfu 2.38%
iter 3850: loss 1.2422, time 142.44ms, mfu 2.41%
iter 3860: loss 1.2314, time 140.15ms, mfu 2.43%
iter 3870: loss 1.2519, time 140.29ms, mfu 2.45%
iter 3880: loss 1.2518, time 154.73ms, mfu 2.45%
iter 3890: loss 1.2548, time 154.33ms, mfu 2.45%
iter 3900: loss 1.2643, time 157.01ms, mfu 2.44%
iter 3910: loss 1.2557, time 142.76ms, mfu 2.46%
iter 3920: loss 1.2242, time 156.77ms, mfu 2.45%
iter 3930: loss 1.2533, time 141.60ms, mfu 2.47%
iter 3940: loss 1.2353, time 140.91ms, mfu 2.48%
iter 3950: loss 1.2691, time 142.81ms, mfu 2.50%
iter 3960: loss 1.2787, time 153.24ms, mfu 2.49%
iter 3970: loss 1.2719, time 154.51ms, mfu 2.48%
iter 3980: loss 1.2601, time 154.99ms, mfu 2.47%
iter 3990: loss 1.2344, time 151.61ms, mfu 2.47%
step 4000: train loss 1.1490, val loss 1.4936
saving checkpoint to out-shakespeare-lr1e2
iter 4000: loss 1.2293, time 20502.93ms, mfu 2.23%
iter 4010: loss 1.2454, time 155.52ms, mfu 2.24%
iter 4020: loss 1.2578, time 155.08ms, mfu 2.26%
iter 4030: loss 1.2393, time 156.06ms, mfu 2.27%
iter 4040: loss 1.2388, time 154.14ms, mfu 2.29%
iter 4050: loss 1.2350, time 159.91ms, mfu 2.29%
iter 4060: loss 1.2260, time 141.51ms, mfu 2.33%
iter 4070: loss 1.2155, time 152.97ms, mfu 2.34%
iter 4080: loss 1.2449, time 141.01ms, mfu 2.37%
iter 4090: loss 1.1910, time 142.51ms, mfu 2.39%
iter 4100: loss 1.2657, time 141.79ms, mfu 2.42%
iter 4110: loss 1.2419, time 140.70ms, mfu 2.44%
iter 4120: loss 1.2261, time 157.15ms, mfu 2.43%
iter 4130: loss 1.2196, time 155.63ms, mfu 2.43%
iter 4140: loss 1.2342, time 155.27ms, mfu 2.43%
iter 4150: loss 1.2314, time 155.62ms, mfu 2.42%
iter 4160: loss 1.2182, time 153.93ms, mfu 2.42%
iter 4170: loss 1.2294, time 139.19ms, mfu 2.45%
iter 4180: loss 1.2140, time 142.02ms, mfu 2.47%
iter 4190: loss 1.2360, time 143.25ms, mfu 2.48%
iter 4200: loss 1.2246, time 140.66ms, mfu 2.50%
iter 4210: loss 1.2437, time 153.74ms, mfu 2.49%
iter 4220: loss 1.2253, time 140.54ms, mfu 2.50%
iter 4230: loss 1.2327, time 138.95ms, mfu 2.52%
iter 4240: loss 1.2361, time 140.10ms, mfu 2.54%
step 4250: train loss 1.1246, val loss 1.4882
saving checkpoint to out-shakespeare-lr1e2
iter 4250: loss 1.2269, time 20449.10ms, mfu 2.28%
iter 4260: loss 1.2352, time 156.73ms, mfu 2.29%
iter 4270: loss 1.2197, time 156.14ms, mfu 2.30%
iter 4280: loss 1.2241, time 141.86ms, mfu 2.34%
iter 4290: loss 1.1804, time 155.49ms, mfu 2.34%
iter 4300: loss 1.1851, time 156.42ms, mfu 2.35%
iter 4310: loss 1.2100, time 154.80ms, mfu 2.35%
iter 4320: loss 1.1916, time 156.70ms, mfu 2.35%
iter 4330: loss 1.2202, time 154.12ms, mfu 2.36%
iter 4340: loss 1.2118, time 155.74ms, mfu 2.36%
iter 4350: loss 1.1974, time 153.49ms, mfu 2.37%
iter 4360: loss 1.2015, time 155.49ms, mfu 2.37%
iter 4370: loss 1.2102, time 141.70ms, mfu 2.40%
iter 4380: loss 1.1756, time 157.30ms, mfu 2.40%
iter 4390: loss 1.2403, time 152.55ms, mfu 2.40%
iter 4400: loss 1.2182, time 140.38ms, mfu 2.43%
iter 4410: loss 1.2341, time 154.54ms, mfu 2.42%
iter 4420: loss 1.2195, time 156.07ms, mfu 2.42%
iter 4430: loss 1.1922, time 155.82ms, mfu 2.42%
iter 4440: loss 1.1968, time 156.25ms, mfu 2.41%
iter 4450: loss 1.1987, time 155.24ms, mfu 2.41%
iter 4460: loss 1.1982, time 151.59ms, mfu 2.42%
iter 4470: loss 1.2161, time 141.71ms, mfu 2.44%
iter 4480: loss 1.1709, time 139.54ms, mfu 2.46%
iter 4490: loss 1.2021, time 141.39ms, mfu 2.48%
step 4500: train loss 1.1051, val loss 1.4923
iter 4500: loss 1.2256, time 20285.62ms, mfu 2.23%
iter 4510: loss 1.2153, time 155.84ms, mfu 2.25%
iter 4520: loss 1.2058, time 155.77ms, mfu 2.26%
iter 4530: loss 1.2109, time 152.99ms, mfu 2.28%
iter 4540: loss 1.2088, time 157.02ms, mfu 2.29%
iter 4550: loss 1.2543, time 154.62ms, mfu 2.30%
iter 4560: loss 1.2092, time 155.59ms, mfu 2.31%
iter 4570: loss 1.2110, time 154.64ms, mfu 2.32%
iter 4580: loss 1.2138, time 147.81ms, mfu 2.34%
iter 4590: loss 1.2116, time 174.71ms, mfu 2.32%
iter 4600: loss 1.1924, time 170.70ms, mfu 2.31%
iter 4610: loss 1.2494, time 163.19ms, mfu 2.30%
iter 4620: loss 1.2148, time 151.74ms, mfu 2.32%
iter 4630: loss 1.1669, time 156.59ms, mfu 2.33%
iter 4640: loss 1.2018, time 152.65ms, mfu 2.34%
iter 4650: loss 1.2229, time 160.22ms, mfu 2.34%
iter 4660: loss 1.2306, time 150.01ms, mfu 2.35%
iter 4670: loss 1.1962, time 149.38ms, mfu 2.36%
iter 4680: loss 1.2037, time 146.20ms, mfu 2.38%
iter 4690: loss 1.2052, time 159.89ms, mfu 2.38%
iter 4700: loss 1.1755, time 150.98ms, mfu 2.39%
iter 4710: loss 1.1562, time 146.92ms, mfu 2.40%
iter 4720: loss 1.2013, time 145.81ms, mfu 2.42%
iter 4730: loss 1.1812, time 160.46ms, mfu 2.41%
iter 4740: loss 1.1956, time 151.57ms, mfu 2.41%
step 4750: train loss 1.0988, val loss 1.4857
saving checkpoint to out-shakespeare-lr1e2
iter 4750: loss 1.1595, time 20878.81ms, mfu 2.17%
iter 4760: loss 1.2018, time 157.64ms, mfu 2.19%
iter 4770: loss 1.1697, time 157.34ms, mfu 2.21%
iter 4780: loss 1.1638, time 150.12ms, mfu 2.24%
iter 4790: loss 1.2129, time 150.37ms, mfu 2.26%
iter 4800: loss 1.1993, time 152.28ms, mfu 2.28%
iter 4810: loss 1.2123, time 154.49ms, mfu 2.29%
iter 4820: loss 1.1651, time 152.32ms, mfu 2.31%
iter 4830: loss 1.1828, time 144.03ms, mfu 2.34%
iter 4840: loss 1.1966, time 149.92ms, mfu 2.35%
iter 4850: loss 1.1925, time 152.64ms, mfu 2.36%
iter 4860: loss 1.1891, time 146.16ms, mfu 2.38%
iter 4870: loss 1.1716, time 160.10ms, mfu 2.37%
iter 4880: loss 1.1854, time 155.59ms, mfu 2.38%
iter 4890: loss 1.1888, time 160.94ms, mfu 2.37%
iter 4900: loss 1.1617, time 160.64ms, mfu 2.36%
iter 4910: loss 1.2106, time 155.33ms, mfu 2.37%
iter 4920: loss 1.1703, time 156.92ms, mfu 2.37%
iter 4930: loss 1.1954, time 150.49ms, mfu 2.38%
iter 4940: loss 1.1698, time 154.79ms, mfu 2.38%
iter 4950: loss 1.2037, time 151.87ms, mfu 2.39%
iter 4960: loss 1.2008, time 154.85ms, mfu 2.39%
iter 4970: loss 1.1699, time 148.11ms, mfu 2.40%
iter 4980: loss 1.1617, time 155.85ms, mfu 2.40%
iter 4990: loss 1.2122, time 145.70ms, mfu 2.42%
step 5000: train loss 1.0950, val loss 1.4887
iter 5000: loss 1.1973, time 20736.14ms, mfu 2.18%

============================================================
Experiment 'lr1e2' finished (exit code 0)
Wall-clock time: 19 min 56.3 sec (1196.3 s total)
============================================================
