Overriding config with config/train_shakespeare_char_lr5e4.py:
# Experiment 2: Low learning rate
# Change: learning_rate 1e-3 -> 5e-4 (5x decrease)
# All other hyperparameters match baseline

out_dir = 'out-shakespeare-lr5e4'

eval_interval = 250
eval_iters = 200            
log_interval = 10

always_save_checkpoint = False

wandb_log = False
wandb_project = 'nanoGPT-assignment'
wandb_run_name = 'lr5e4'

dataset = 'shakespeare_char'
gradient_accumulation_steps = 1
batch_size = 64
block_size = 256

n_layer = 6
n_head = 6
n_embd = 384
dropout = 0.2

learning_rate = 5e-4       # CHANGED: baseline was 1e-3
max_iters = 5000
lr_decay_iters = 5000
min_lr = 1e-4
beta2 = 0.99

warmup_iters = 100
weight_decay = 1e-1

device = 'cuda' # change to 'cpu' for CPU
compile = False

tokens per iteration will be: 16,384
found vocab_size = 65 (inside data\shakespeare_char\meta.pkl)
Initializing a new model from scratch
number of parameters: 10.65M
c:\Users\lexil\code\NLP Foundations Assignment\FoundationsNLP\train.py:196: FutureWarning: `torch.cuda.amp.GradScaler(args...)` is deprecated. Please use `torch.amp.GradScaler('cuda', args...)` instead.
  scaler = torch.cuda.amp.GradScaler(enabled=(dtype == 'float16'))
num decayed parameter tensors: 26, with 10,740,096 parameters
num non-decayed parameter tensors: 13, with 4,992 parameters
using fused AdamW: True
step 0: train loss 4.2874, val loss 4.2823
iter 0: loss 4.2674, time 20921.08ms, mfu -100.00%
iter 10: loss 3.3182, time 167.87ms, mfu 2.22%
iter 20: loss 2.8756, time 173.11ms, mfu 2.21%
iter 30: loss 2.6956, time 178.91ms, mfu 2.20%
iter 40: loss 2.6180, time 176.52ms, mfu 2.19%
iter 50: loss 2.5576, time 166.32ms, mfu 2.20%
iter 60: loss 2.5310, time 163.16ms, mfu 2.20%
iter 70: loss 2.5161, time 166.71ms, mfu 2.21%
iter 80: loss 2.5091, time 154.22ms, mfu 2.23%
iter 90: loss 2.4866, time 164.09ms, mfu 2.23%
iter 100: loss 2.4754, time 175.42ms, mfu 2.22%
iter 110: loss 2.4676, time 159.83ms, mfu 2.23%
iter 120: loss 2.4472, time 167.53ms, mfu 2.23%
iter 130: loss 2.4307, time 167.18ms, mfu 2.23%
iter 140: loss 2.4307, time 157.95ms, mfu 2.24%
iter 150: loss 2.4467, time 171.78ms, mfu 2.24%
iter 160: loss 2.4144, time 176.46ms, mfu 2.22%
iter 170: loss 2.3968, time 179.12ms, mfu 2.21%
iter 180: loss 2.3974, time 168.20ms, mfu 2.21%
iter 190: loss 2.3518, time 173.07ms, mfu 2.20%
iter 200: loss 2.3314, time 163.07ms, mfu 2.21%
iter 210: loss 2.2909, time 165.27ms, mfu 2.22%
iter 220: loss 2.3145, time 166.95ms, mfu 2.22%
iter 230: loss 2.2735, time 174.01ms, mfu 2.21%
iter 240: loss 2.2649, time 168.83ms, mfu 2.21%
step 250: train loss 2.1711, val loss 2.2224
saving checkpoint to out-shakespeare-lr5e4
iter 250: loss 2.2446, time 21224.17ms, mfu 1.99%
iter 260: loss 2.1990, time 165.97ms, mfu 2.02%
iter 270: loss 2.1870, time 171.83ms, mfu 2.03%
iter 280: loss 2.2065, time 165.32ms, mfu 2.05%
iter 290: loss 2.1355, time 176.69ms, mfu 2.06%
iter 300: loss 2.1258, time 175.18ms, mfu 2.07%
iter 310: loss 2.0905, time 173.59ms, mfu 2.07%
iter 320: loss 2.0830, time 160.64ms, mfu 2.10%
iter 330: loss 2.0554, time 164.73ms, mfu 2.12%
iter 340: loss 2.0115, time 170.08ms, mfu 2.12%
iter 350: loss 2.0480, time 172.40ms, mfu 2.13%
iter 360: loss 1.9886, time 168.22ms, mfu 2.14%
iter 370: loss 1.9698, time 159.33ms, mfu 2.16%
iter 380: loss 1.9390, time 173.44ms, mfu 2.16%
iter 390: loss 1.9510, time 164.74ms, mfu 2.17%
iter 400: loss 1.9631, time 162.21ms, mfu 2.18%
iter 410: loss 1.8964, time 174.52ms, mfu 2.17%
iter 420: loss 1.9252, time 174.57ms, mfu 2.17%
iter 430: loss 1.8867, time 171.40ms, mfu 2.17%
iter 440: loss 1.8415, time 166.35ms, mfu 2.18%
iter 450: loss 1.8528, time 169.07ms, mfu 2.18%
iter 460: loss 1.7841, time 174.92ms, mfu 2.18%
iter 470: loss 1.8434, time 173.86ms, mfu 2.17%
iter 480: loss 1.7879, time 167.16ms, mfu 2.18%
iter 490: loss 1.7719, time 169.79ms, mfu 2.18%
step 500: train loss 1.6753, val loss 1.8416
saving checkpoint to out-shakespeare-lr5e4
iter 500: loss 1.7770, time 21269.91ms, mfu 1.96%
iter 510: loss 1.7709, time 178.53ms, mfu 1.98%
iter 520: loss 1.7506, time 170.10ms, mfu 2.00%
iter 530: loss 1.7242, time 170.33ms, mfu 2.02%
iter 540: loss 1.7706, time 167.73ms, mfu 2.04%
iter 550: loss 1.7087, time 150.21ms, mfu 2.08%
iter 560: loss 1.7186, time 167.27ms, mfu 2.10%
iter 570: loss 1.7120, time 176.12ms, mfu 2.10%
iter 580: loss 1.6859, time 173.72ms, mfu 2.10%
iter 590: loss 1.6519, time 182.81ms, mfu 2.10%
iter 600: loss 1.6617, time 178.93ms, mfu 2.09%
iter 610: loss 1.6842, time 172.00ms, mfu 2.10%
iter 620: loss 1.6538, time 168.92ms, mfu 2.11%
iter 630: loss 1.6392, time 160.55ms, mfu 2.13%
iter 640: loss 1.5985, time 168.83ms, mfu 2.14%
iter 650: loss 1.6274, time 179.13ms, mfu 2.13%
iter 660: loss 1.6325, time 169.80ms, mfu 2.14%
iter 670: loss 1.5719, time 168.02ms, mfu 2.15%
iter 680: loss 1.6218, time 162.67ms, mfu 2.16%
iter 690: loss 1.5851, time 175.02ms, mfu 2.16%
iter 700: loss 1.6009, time 168.30ms, mfu 2.16%
iter 710: loss 1.5744, time 166.94ms, mfu 2.17%
iter 720: loss 1.5578, time 166.75ms, mfu 2.18%
iter 730: loss 1.5369, time 159.80ms, mfu 2.19%
iter 740: loss 1.5359, time 166.97ms, mfu 2.20%
step 750: train loss 1.4646, val loss 1.6716
saving checkpoint to out-shakespeare-lr5e4
iter 750: loss 1.5322, time 21223.73ms, mfu 1.98%
iter 760: loss 1.5491, time 165.50ms, mfu 2.01%
iter 770: loss 1.5245, time 166.06ms, mfu 2.03%
iter 780: loss 1.5220, time 156.88ms, mfu 2.06%
iter 790: loss 1.5197, time 175.03ms, mfu 2.07%
iter 800: loss 1.5309, time 165.49ms, mfu 2.09%
iter 810: loss 1.5011, time 169.91ms, mfu 2.10%
iter 820: loss 1.5024, time 171.66ms, mfu 2.11%
iter 830: loss 1.4907, time 171.80ms, mfu 2.11%
iter 840: loss 1.5002, time 170.12ms, mfu 2.12%
iter 850: loss 1.4839, time 176.58ms, mfu 2.12%
iter 860: loss 1.4932, time 177.87ms, mfu 2.12%
iter 870: loss 1.4894, time 172.20ms, mfu 2.12%
iter 880: loss 1.4680, time 180.07ms, mfu 2.12%
iter 890: loss 1.4722, time 175.45ms, mfu 2.12%
iter 900: loss 1.4700, time 170.25ms, mfu 2.12%
iter 910: loss 1.4105, time 160.21ms, mfu 2.14%
iter 920: loss 1.4558, time 165.72ms, mfu 2.15%
iter 930: loss 1.4413, time 168.96ms, mfu 2.16%
iter 940: loss 1.4274, time 168.59ms, mfu 2.16%
iter 950: loss 1.4400, time 170.95ms, mfu 2.17%
iter 960: loss 1.4369, time 170.24ms, mfu 2.17%
iter 970: loss 1.4438, time 167.31ms, mfu 2.17%
iter 980: loss 1.4428, time 171.04ms, mfu 2.17%
iter 990: loss 1.4227, time 175.16ms, mfu 2.17%
step 1000: train loss 1.3580, val loss 1.5792
saving checkpoint to out-shakespeare-lr5e4
iter 1000: loss 1.4260, time 21250.98ms, mfu 1.95%
iter 1010: loss 1.4188, time 167.65ms, mfu 1.98%
iter 1020: loss 1.3937, time 168.14ms, mfu 2.01%
iter 1030: loss 1.4143, time 169.71ms, mfu 2.02%
iter 1040: loss 1.4394, time 171.83ms, mfu 2.04%
iter 1050: loss 1.3669, time 163.20ms, mfu 2.06%
iter 1060: loss 1.4208, time 171.12ms, mfu 2.07%
iter 1070: loss 1.4151, time 176.00ms, mfu 2.08%
iter 1080: loss 1.4172, time 170.46ms, mfu 2.09%
iter 1090: loss 1.4317, time 168.68ms, mfu 2.10%
iter 1100: loss 1.3968, time 165.08ms, mfu 2.12%
iter 1110: loss 1.3734, time 168.87ms, mfu 2.13%
iter 1120: loss 1.3702, time 176.14ms, mfu 2.12%
iter 1130: loss 1.3741, time 173.06ms, mfu 2.13%
iter 1140: loss 1.3808, time 180.38ms, mfu 2.12%
iter 1150: loss 1.3824, time 172.36ms, mfu 2.13%
iter 1160: loss 1.4081, time 173.55ms, mfu 2.13%
iter 1170: loss 1.3761, time 177.61ms, mfu 2.12%
iter 1180: loss 1.3881, time 169.65ms, mfu 2.13%
iter 1190: loss 1.3444, time 167.65ms, mfu 2.14%
iter 1200: loss 1.3593, time 165.16ms, mfu 2.15%
iter 1210: loss 1.3378, time 165.28ms, mfu 2.16%
iter 1220: loss 1.3835, time 165.29ms, mfu 2.17%
iter 1230: loss 1.3776, time 165.02ms, mfu 2.18%
iter 1240: loss 1.3704, time 173.61ms, mfu 2.18%
step 1250: train loss 1.2811, val loss 1.5219
saving checkpoint to out-shakespeare-lr5e4
iter 1250: loss 1.3412, time 21307.96ms, mfu 1.96%
iter 1260: loss 1.3603, time 173.76ms, mfu 1.98%
iter 1270: loss 1.3310, time 176.64ms, mfu 1.99%
iter 1280: loss 1.3225, time 176.06ms, mfu 2.00%
iter 1290: loss 1.3607, time 164.01ms, mfu 2.03%
iter 1300: loss 1.3728, time 167.24ms, mfu 2.05%
iter 1310: loss 1.3120, time 163.60ms, mfu 2.07%
iter 1320: loss 1.3751, time 179.28ms, mfu 2.07%
iter 1330: loss 1.3391, time 180.57ms, mfu 2.07%
iter 1340: loss 1.3737, time 175.27ms, mfu 2.08%
iter 1350: loss 1.3254, time 167.11ms, mfu 2.09%
iter 1360: loss 1.3488, time 169.73ms, mfu 2.10%
iter 1370: loss 1.3277, time 169.86ms, mfu 2.11%
iter 1380: loss 1.3311, time 174.52ms, mfu 2.12%
iter 1390: loss 1.3153, time 177.12ms, mfu 2.11%
iter 1400: loss 1.3290, time 172.38ms, mfu 2.12%
iter 1410: loss 1.3235, time 172.51ms, mfu 2.12%
iter 1420: loss 1.3434, time 174.52ms, mfu 2.12%
iter 1430: loss 1.3063, time 172.67ms, mfu 2.13%
iter 1440: loss 1.3238, time 166.67ms, mfu 2.14%
iter 1450: loss 1.2989, time 159.16ms, mfu 2.16%
iter 1460: loss 1.3052, time 169.14ms, mfu 2.16%
iter 1470: loss 1.2913, time 168.11ms, mfu 2.17%
iter 1480: loss 1.2825, time 173.59ms, mfu 2.17%
iter 1490: loss 1.3076, time 166.93ms, mfu 2.17%
step 1500: train loss 1.2268, val loss 1.5033
saving checkpoint to out-shakespeare-lr5e4
iter 1500: loss 1.2594, time 21260.09ms, mfu 1.96%
iter 1510: loss 1.3155, time 172.95ms, mfu 1.98%
iter 1520: loss 1.2866, time 173.69ms, mfu 1.99%
iter 1530: loss 1.3277, time 172.58ms, mfu 2.01%
iter 1540: loss 1.2575, time 176.46ms, mfu 2.02%
iter 1550: loss 1.3009, time 171.48ms, mfu 2.04%
iter 1560: loss 1.2773, time 176.12ms, mfu 2.04%
iter 1570: loss 1.3125, time 163.46ms, mfu 2.07%
iter 1580: loss 1.2761, time 163.53ms, mfu 2.09%
iter 1590: loss 1.2507, time 176.29ms, mfu 2.09%
iter 1600: loss 1.2664, time 174.58ms, mfu 2.10%
iter 1610: loss 1.3097, time 157.53ms, mfu 2.12%
iter 1620: loss 1.2503, time 169.39ms, mfu 2.13%
iter 1630: loss 1.2768, time 163.62ms, mfu 2.14%
iter 1640: loss 1.2736, time 165.46ms, mfu 2.16%
iter 1650: loss 1.2568, time 165.22ms, mfu 2.17%
iter 1660: loss 1.2860, time 172.58ms, mfu 2.16%
iter 1670: loss 1.2687, time 169.76ms, mfu 2.17%
iter 1680: loss 1.2686, time 168.75ms, mfu 2.17%
iter 1690: loss 1.2691, time 166.55ms, mfu 2.18%
iter 1700: loss 1.2569, time 163.99ms, mfu 2.19%
iter 1710: loss 1.2477, time 174.39ms, mfu 2.18%
iter 1720: loss 1.2518, time 177.12ms, mfu 2.17%
iter 1730: loss 1.2705, time 171.07ms, mfu 2.18%
iter 1740: loss 1.2379, time 170.48ms, mfu 2.18%
step 1750: train loss 1.1799, val loss 1.4834
saving checkpoint to out-shakespeare-lr5e4
iter 1750: loss 1.2598, time 21278.28ms, mfu 1.96%
iter 1760: loss 1.2515, time 167.52ms, mfu 1.99%
iter 1770: loss 1.2646, time 164.20ms, mfu 2.02%
iter 1780: loss 1.2656, time 171.66ms, mfu 2.03%
iter 1790: loss 1.2595, time 164.04ms, mfu 2.05%
iter 1800: loss 1.2447, time 166.78ms, mfu 2.07%
iter 1810: loss 1.2205, time 166.60ms, mfu 2.09%
iter 1820: loss 1.2452, time 163.05ms, mfu 2.11%
iter 1830: loss 1.2439, time 166.40ms, mfu 2.12%
iter 1840: loss 1.2310, time 166.06ms, mfu 2.13%
iter 1850: loss 1.2343, time 164.54ms, mfu 2.15%
iter 1860: loss 1.2462, time 175.06ms, mfu 2.15%
iter 1870: loss 1.2127, time 174.09ms, mfu 2.14%
iter 1880: loss 1.2447, time 156.71ms, mfu 2.17%
iter 1890: loss 1.2496, time 175.65ms, mfu 2.16%
iter 1900: loss 1.2037, time 173.21ms, mfu 2.16%
iter 1910: loss 1.2407, time 167.58ms, mfu 2.17%
iter 1920: loss 1.2367, time 169.32ms, mfu 2.17%
iter 1930: loss 1.2073, time 181.50ms, mfu 2.16%
iter 1940: loss 1.2079, time 171.29ms, mfu 2.16%
iter 1950: loss 1.2079, time 163.27ms, mfu 2.17%
iter 1960: loss 1.2298, time 159.42ms, mfu 2.19%
iter 1970: loss 1.2183, time 177.06ms, mfu 2.18%
iter 1980: loss 1.2189, time 176.90ms, mfu 2.17%
iter 1990: loss 1.2222, time 166.61ms, mfu 2.18%
step 2000: train loss 1.1393, val loss 1.4746
saving checkpoint to out-shakespeare-lr5e4
iter 2000: loss 1.2015, time 21273.41ms, mfu 1.96%
iter 2010: loss 1.2033, time 171.32ms, mfu 1.98%
iter 2020: loss 1.1938, time 168.31ms, mfu 2.01%
iter 2030: loss 1.2288, time 173.72ms, mfu 2.02%
iter 2040: loss 1.2107, time 181.77ms, mfu 2.02%
iter 2050: loss 1.1836, time 172.50ms, mfu 2.04%
iter 2060: loss 1.1740, time 171.71ms, mfu 2.05%
iter 2070: loss 1.2038, time 169.12ms, mfu 2.07%
iter 2080: loss 1.1903, time 169.50ms, mfu 2.08%
iter 2090: loss 1.2118, time 174.67ms, mfu 2.08%
iter 2100: loss 1.2001, time 168.88ms, mfu 2.10%
iter 2110: loss 1.1971, time 175.50ms, mfu 2.10%
iter 2120: loss 1.1997, time 170.56ms, mfu 2.11%
iter 2130: loss 1.2145, time 166.28ms, mfu 2.12%
iter 2140: loss 1.2055, time 159.16ms, mfu 2.14%
iter 2150: loss 1.1909, time 162.14ms, mfu 2.16%
iter 2160: loss 1.2223, time 173.26ms, mfu 2.16%
iter 2170: loss 1.2015, time 176.70ms, mfu 2.15%
iter 2180: loss 1.1822, time 176.84ms, mfu 2.15%
iter 2190: loss 1.1859, time 175.50ms, mfu 2.15%
iter 2200: loss 1.1938, time 166.76ms, mfu 2.15%
iter 2210: loss 1.1827, time 167.64ms, mfu 2.16%
iter 2220: loss 1.1906, time 171.66ms, mfu 2.16%
iter 2230: loss 1.1925, time 165.52ms, mfu 2.17%
iter 2240: loss 1.2044, time 173.93ms, mfu 2.17%
step 2250: train loss 1.0999, val loss 1.4724
saving checkpoint to out-shakespeare-lr5e4
iter 2250: loss 1.1837, time 21295.63ms, mfu 1.95%
iter 2260: loss 1.1799, time 161.23ms, mfu 1.99%
iter 2270: loss 1.2092, time 177.13ms, mfu 2.00%
iter 2280: loss 1.1597, time 175.11ms, mfu 2.01%
iter 2290: loss 1.2213, time 173.04ms, mfu 2.03%
iter 2300: loss 1.2082, time 173.03ms, mfu 2.04%
iter 2310: loss 1.1673, time 167.47ms, mfu 2.06%
iter 2320: loss 1.1759, time 160.81ms, mfu 2.08%
iter 2330: loss 1.1794, time 179.99ms, mfu 2.08%
iter 2340: loss 1.1958, time 174.38ms, mfu 2.09%
iter 2350: loss 1.1888, time 170.37ms, mfu 2.10%
iter 2360: loss 1.1826, time 168.42ms, mfu 2.11%
iter 2370: loss 1.1686, time 166.89ms, mfu 2.12%
iter 2380: loss 1.1557, time 180.09ms, mfu 2.12%
iter 2390: loss 1.1529, time 174.63ms, mfu 2.12%
iter 2400: loss 1.1551, time 181.08ms, mfu 2.11%
iter 2410: loss 1.1470, time 174.98ms, mfu 2.11%
iter 2420: loss 1.1587, time 167.62ms, mfu 2.12%
iter 2430: loss 1.1310, time 173.28ms, mfu 2.13%
iter 2440: loss 1.1385, time 173.89ms, mfu 2.13%
iter 2450: loss 1.1513, time 170.49ms, mfu 2.13%
iter 2460: loss 1.1668, time 170.76ms, mfu 2.14%
iter 2470: loss 1.1653, time 157.51ms, mfu 2.16%
iter 2480: loss 1.1638, time 178.71ms, mfu 2.15%
iter 2490: loss 1.1427, time 176.34ms, mfu 2.15%
step 2500: train loss 1.0598, val loss 1.4707
saving checkpoint to out-shakespeare-lr5e4
iter 2500: loss 1.1619, time 23538.83ms, mfu 1.94%
iter 2510: loss 1.1522, time 156.36ms, mfu 1.98%
iter 2520: loss 1.1284, time 162.36ms, mfu 2.01%
iter 2530: loss 1.1349, time 183.79ms, mfu 2.01%
iter 2540: loss 1.1244, time 176.21ms, mfu 2.02%
iter 2550: loss 1.1512, time 174.25ms, mfu 2.04%
iter 2560: loss 1.1356, time 166.35ms, mfu 2.06%
iter 2570: loss 1.1641, time 165.11ms, mfu 2.08%
iter 2580: loss 1.1624, time 177.58ms, mfu 2.08%
iter 2590: loss 1.1507, time 170.14ms, mfu 2.09%
iter 2600: loss 1.1451, time 175.09ms, mfu 2.09%
iter 2610: loss 1.1282, time 159.06ms, mfu 2.12%
iter 2620: loss 1.1302, time 173.11ms, mfu 2.12%
iter 2630: loss 1.1051, time 169.59ms, mfu 2.13%
iter 2640: loss 1.1281, time 169.91ms, mfu 2.14%
iter 2650: loss 1.1541, time 169.95ms, mfu 2.14%
iter 2660: loss 1.1239, time 169.95ms, mfu 2.15%
iter 2670: loss 1.1087, time 171.76ms, mfu 2.15%
iter 2680: loss 1.1321, time 172.53ms, mfu 2.15%
iter 2690: loss 1.1355, time 174.24ms, mfu 2.15%
iter 2700: loss 1.1080, time 170.40ms, mfu 2.15%
iter 2710: loss 1.1406, time 174.05ms, mfu 2.15%
iter 2720: loss 1.1333, time 172.39ms, mfu 2.15%
iter 2730: loss 1.1481, time 171.62ms, mfu 2.15%
iter 2740: loss 1.1150, time 178.63ms, mfu 2.15%
step 2750: train loss 1.0277, val loss 1.4770
iter 2750: loss 1.1221, time 25255.71ms, mfu 1.93%
iter 2760: loss 1.1186, time 151.80ms, mfu 1.99%
iter 2770: loss 1.1144, time 172.32ms, mfu 2.00%
iter 2780: loss 1.1162, time 163.93ms, mfu 2.03%
iter 2790: loss 1.1192, time 168.90ms, mfu 2.05%
iter 2800: loss 1.1026, time 159.53ms, mfu 2.08%
iter 2810: loss 1.1391, time 166.76ms, mfu 2.09%
iter 2820: loss 1.1199, time 163.06ms, mfu 2.11%
iter 2830: loss 1.1161, time 170.64ms, mfu 2.12%
iter 2840: loss 1.0715, time 190.87ms, mfu 2.10%
iter 2850: loss 1.1291, time 177.09ms, mfu 2.10%
iter 2860: loss 1.1129, time 167.81ms, mfu 2.11%
iter 2870: loss 1.0986, time 195.37ms, mfu 2.09%
iter 2880: loss 1.1330, time 169.18ms, mfu 2.10%
iter 2890: loss 1.1104, time 183.20ms, mfu 2.10%
iter 2900: loss 1.0805, time 186.09ms, mfu 2.09%
iter 2910: loss 1.1299, time 182.82ms, mfu 2.08%
iter 2920: loss 1.1032, time 160.70ms, mfu 2.11%
iter 2930: loss 1.0880, time 193.38ms, mfu 2.09%
iter 2940: loss 1.0902, time 196.55ms, mfu 2.07%
iter 2950: loss 1.1117, time 170.66ms, mfu 2.08%
iter 2960: loss 1.0963, time 173.25ms, mfu 2.09%
iter 2970: loss 1.0907, time 172.79ms, mfu 2.09%
iter 2980: loss 1.0962, time 173.54ms, mfu 2.10%
iter 2990: loss 1.0868, time 172.74ms, mfu 2.11%
step 3000: train loss 0.9949, val loss 1.4816
iter 3000: loss 1.0818, time 23579.04ms, mfu 1.90%
iter 3010: loss 1.0909, time 177.69ms, mfu 1.92%
iter 3020: loss 1.0916, time 169.94ms, mfu 1.94%
iter 3030: loss 1.0867, time 182.01ms, mfu 1.95%
iter 3040: loss 1.1238, time 181.92ms, mfu 1.96%
iter 3050: loss 1.0801, time 171.56ms, mfu 1.98%
iter 3060: loss 1.0897, time 168.70ms, mfu 2.01%
iter 3070: loss 1.1142, time 162.89ms, mfu 2.04%
iter 3080: loss 1.0931, time 167.02ms, mfu 2.05%
iter 3090: loss 1.0826, time 165.31ms, mfu 2.07%
iter 3100: loss 1.0943, time 172.81ms, mfu 2.08%
iter 3110: loss 1.0651, time 172.37ms, mfu 2.09%
iter 3120: loss 1.0996, time 171.60ms, mfu 2.10%
iter 3130: loss 1.0769, time 169.80ms, mfu 2.11%
iter 3140: loss 1.0790, time 169.22ms, mfu 2.12%
iter 3150: loss 1.0886, time 176.05ms, mfu 2.12%
iter 3160: loss 1.1178, time 165.85ms, mfu 2.13%
iter 3170: loss 1.0557, time 166.56ms, mfu 2.14%
iter 3180: loss 1.0656, time 160.26ms, mfu 2.16%
iter 3190: loss 1.0890, time 169.39ms, mfu 2.16%
iter 3200: loss 1.0681, time 177.32ms, mfu 2.16%
iter 3210: loss 1.0668, time 163.75ms, mfu 2.17%
iter 3220: loss 1.0591, time 166.88ms, mfu 2.18%
iter 3230: loss 1.0550, time 164.80ms, mfu 2.18%
iter 3240: loss 1.0597, time 162.89ms, mfu 2.19%
step 3250: train loss 0.9580, val loss 1.4948
iter 3250: loss 1.0729, time 21209.67ms, mfu 1.98%
iter 3260: loss 1.0624, time 170.84ms, mfu 2.00%
iter 3270: loss 1.0776, time 161.88ms, mfu 2.03%
iter 3280: loss 1.0520, time 165.56ms, mfu 2.05%
iter 3290: loss 1.0520, time 164.74ms, mfu 2.07%
iter 3300: loss 1.0416, time 167.40ms, mfu 2.09%
iter 3310: loss 1.0532, time 171.73ms, mfu 2.09%
iter 3320: loss 1.0658, time 170.32ms, mfu 2.10%
iter 3330: loss 1.0592, time 187.66ms, mfu 2.09%
iter 3340: loss 1.0643, time 169.58ms, mfu 2.10%
iter 3350: loss 1.0624, time 178.74ms, mfu 2.10%
iter 3360: loss 1.0366, time 169.31ms, mfu 2.11%
iter 3370: loss 1.0641, time 168.20ms, mfu 2.12%
iter 3380: loss 1.0524, time 169.00ms, mfu 2.13%
iter 3390: loss 1.0591, time 169.55ms, mfu 2.14%
iter 3400: loss 1.0576, time 169.95ms, mfu 2.14%
iter 3410: loss 1.0595, time 172.64ms, mfu 2.14%
iter 3420: loss 1.0497, time 168.25ms, mfu 2.15%
iter 3430: loss 1.0550, time 170.06ms, mfu 2.15%
iter 3440: loss 1.0848, time 170.14ms, mfu 2.16%
iter 3450: loss 1.0623, time 176.66ms, mfu 2.15%
iter 3460: loss 1.0564, time 170.39ms, mfu 2.16%
iter 3470: loss 1.0510, time 176.88ms, mfu 2.15%
iter 3480: loss 1.0616, time 176.91ms, mfu 2.15%
iter 3490: loss 1.0330, time 160.78ms, mfu 2.16%
step 3500: train loss 0.9268, val loss 1.5079
iter 3500: loss 1.0145, time 21226.12ms, mfu 1.95%
iter 3510: loss 1.0269, time 174.28ms, mfu 1.97%
iter 3520: loss 1.0465, time 166.97ms, mfu 1.99%
iter 3530: loss 1.0652, time 176.75ms, mfu 2.01%
iter 3540: loss 1.0425, time 180.40ms, mfu 2.01%
iter 3550: loss 1.0400, time 176.73ms, mfu 2.02%
iter 3560: loss 1.0676, time 162.07ms, mfu 2.05%
iter 3570: loss 1.0490, time 175.59ms, mfu 2.06%
iter 3580: loss 1.0435, time 170.67ms, mfu 2.07%
iter 3590: loss 1.0313, time 167.74ms, mfu 2.08%
iter 3600: loss 1.0436, time 169.91ms, mfu 2.10%
iter 3610: loss 1.0297, time 169.22ms, mfu 2.11%
iter 3620: loss 1.0253, time 167.51ms, mfu 2.12%
iter 3630: loss 1.0242, time 176.26ms, mfu 2.12%
iter 3640: loss 1.0219, time 166.51ms, mfu 2.13%
iter 3650: loss 1.0308, time 165.68ms, mfu 2.14%
iter 3660: loss 1.0574, time 175.04ms, mfu 2.14%
iter 3670: loss 1.0564, time 169.22ms, mfu 2.15%
iter 3680: loss 1.0145, time 173.00ms, mfu 2.15%
iter 3690: loss 1.0471, time 167.17ms, mfu 2.16%
iter 3700: loss 0.9856, time 168.67ms, mfu 2.16%
iter 3710: loss 0.9924, time 165.39ms, mfu 2.17%
iter 3720: loss 1.0264, time 173.04ms, mfu 2.17%
iter 3730: loss 1.0108, time 169.38ms, mfu 2.17%
iter 3740: loss 1.0236, time 173.02ms, mfu 2.17%
step 3750: train loss 0.8955, val loss 1.5144
iter 3750: loss 1.0136, time 21229.83ms, mfu 1.95%
iter 3760: loss 1.0444, time 167.85ms, mfu 1.98%
iter 3770: loss 1.0478, time 172.57ms, mfu 2.00%
iter 3780: loss 1.0386, time 176.53ms, mfu 2.01%
iter 3790: loss 1.0129, time 167.94ms, mfu 2.03%
iter 3800: loss 1.0291, time 176.07ms, mfu 2.04%
iter 3810: loss 1.0347, time 175.85ms, mfu 2.05%
iter 3820: loss 1.0005, time 178.62ms, mfu 2.05%
iter 3830: loss 1.0128, time 179.86ms, mfu 2.05%
iter 3840: loss 1.0101, time 166.11ms, mfu 2.07%
iter 3850: loss 0.9985, time 166.96ms, mfu 2.09%
iter 3860: loss 0.9886, time 171.24ms, mfu 2.10%
iter 3870: loss 1.0164, time 165.40ms, mfu 2.11%
iter 3880: loss 1.0035, time 169.73ms, mfu 2.12%
iter 3890: loss 1.0101, time 173.65ms, mfu 2.12%
iter 3900: loss 1.0143, time 166.32ms, mfu 2.14%
iter 3910: loss 1.0076, time 176.90ms, mfu 2.13%
iter 3920: loss 0.9834, time 168.35ms, mfu 2.14%
iter 3930: loss 1.0088, time 173.64ms, mfu 2.14%
iter 3940: loss 0.9934, time 167.20ms, mfu 2.15%
iter 3950: loss 1.0012, time 173.73ms, mfu 2.15%
iter 3960: loss 1.0329, time 167.68ms, mfu 2.16%
iter 3970: loss 1.0226, time 166.45ms, mfu 2.16%
iter 3980: loss 1.0252, time 156.93ms, mfu 2.19%
iter 3990: loss 0.9946, time 177.84ms, mfu 2.18%
step 4000: train loss 0.8670, val loss 1.5357
iter 4000: loss 0.9840, time 21230.90ms, mfu 1.96%
iter 4010: loss 1.0007, time 173.51ms, mfu 1.98%
iter 4020: loss 1.0078, time 167.98ms, mfu 2.00%
iter 4030: loss 0.9900, time 175.70ms, mfu 2.02%
iter 4040: loss 1.0029, time 166.11ms, mfu 2.04%
iter 4050: loss 0.9931, time 179.67ms, mfu 2.04%
iter 4060: loss 0.9796, time 170.82ms, mfu 2.06%
iter 4070: loss 0.9794, time 172.60ms, mfu 2.07%
iter 4080: loss 1.0047, time 163.57ms, mfu 2.09%
iter 4090: loss 0.9646, time 169.92ms, mfu 2.10%
iter 4100: loss 1.0248, time 167.30ms, mfu 2.11%
iter 4110: loss 0.9951, time 178.55ms, mfu 2.11%
iter 4120: loss 0.9995, time 172.39ms, mfu 2.11%
iter 4130: loss 0.9829, time 160.45ms, mfu 2.13%
iter 4140: loss 0.9941, time 166.14ms, mfu 2.15%
iter 4150: loss 0.9892, time 166.26ms, mfu 2.15%
iter 4160: loss 0.9761, time 164.80ms, mfu 2.17%
iter 4170: loss 0.9933, time 169.02ms, mfu 2.17%
iter 4180: loss 0.9901, time 173.11ms, mfu 2.17%
iter 4190: loss 0.9929, time 169.58ms, mfu 2.17%
iter 4200: loss 0.9714, time 178.30ms, mfu 2.16%
iter 4210: loss 1.0012, time 176.60ms, mfu 2.16%
iter 4220: loss 0.9784, time 165.34ms, mfu 2.17%
iter 4230: loss 0.9984, time 171.48ms, mfu 2.17%
iter 4240: loss 0.9881, time 166.52ms, mfu 2.17%
step 4250: train loss 0.8389, val loss 1.5481
iter 4250: loss 0.9868, time 21223.50ms, mfu 1.96%
iter 4260: loss 0.9846, time 165.81ms, mfu 1.99%
iter 4270: loss 0.9818, time 170.45ms, mfu 2.01%
iter 4280: loss 0.9756, time 170.70ms, mfu 2.03%
iter 4290: loss 0.9504, time 180.25ms, mfu 2.03%
iter 4300: loss 0.9469, time 163.46ms, mfu 2.05%
iter 4310: loss 0.9731, time 165.63ms, mfu 2.07%
iter 4320: loss 0.9529, time 175.66ms, mfu 2.08%
iter 4330: loss 0.9815, time 168.58ms, mfu 2.09%
iter 4340: loss 0.9580, time 165.87ms, mfu 2.11%
iter 4350: loss 0.9573, time 166.05ms, mfu 2.12%
iter 4360: loss 0.9792, time 167.45ms, mfu 2.13%
iter 4370: loss 0.9765, time 159.30ms, mfu 2.15%
iter 4380: loss 0.9575, time 162.52ms, mfu 2.17%
iter 4390: loss 0.9930, time 169.22ms, mfu 2.17%
iter 4400: loss 0.9666, time 172.39ms, mfu 2.17%
iter 4410: loss 0.9790, time 171.82ms, mfu 2.17%
iter 4420: loss 0.9907, time 167.75ms, mfu 2.17%
iter 4430: loss 0.9665, time 171.56ms, mfu 2.17%
iter 4440: loss 0.9753, time 181.96ms, mfu 2.16%
iter 4450: loss 0.9631, time 164.79ms, mfu 2.17%
iter 4460: loss 0.9604, time 175.11ms, mfu 2.17%
iter 4470: loss 0.9781, time 165.47ms, mfu 2.18%
iter 4480: loss 0.9553, time 166.04ms, mfu 2.18%
iter 4490: loss 0.9612, time 164.44ms, mfu 2.19%
step 4500: train loss 0.8149, val loss 1.5660
iter 4500: loss 0.9796, time 25067.10ms, mfu 1.97%
iter 4510: loss 0.9785, time 156.84ms, mfu 2.01%
iter 4520: loss 0.9580, time 158.33ms, mfu 2.05%
iter 4530: loss 0.9651, time 168.97ms, mfu 2.06%
iter 4540: loss 0.9681, time 184.23ms, mfu 2.06%
iter 4550: loss 0.9976, time 158.72ms, mfu 2.09%
iter 4560: loss 0.9679, time 170.32ms, mfu 2.10%
iter 4570: loss 0.9617, time 161.61ms, mfu 2.12%
iter 4580: loss 0.9749, time 159.99ms, mfu 2.14%
iter 4590: loss 0.9746, time 166.97ms, mfu 2.15%
iter 4600: loss 0.9487, time 159.72ms, mfu 2.17%
iter 4610: loss 0.9918, time 165.62ms, mfu 2.18%
iter 4620: loss 0.9599, time 171.63ms, mfu 2.18%
iter 4630: loss 0.9424, time 168.74ms, mfu 2.18%
iter 4640: loss 0.9597, time 161.99ms, mfu 2.19%
iter 4650: loss 0.9832, time 169.25ms, mfu 2.19%
iter 4660: loss 0.9807, time 160.78ms, mfu 2.20%
iter 4670: loss 0.9582, time 158.93ms, mfu 2.22%
iter 4680: loss 0.9712, time 161.26ms, mfu 2.23%
iter 4690: loss 0.9632, time 172.86ms, mfu 2.22%
iter 4700: loss 0.9464, time 167.94ms, mfu 2.22%
iter 4710: loss 0.9207, time 158.82ms, mfu 2.23%
iter 4720: loss 0.9601, time 171.43ms, mfu 2.23%
iter 4730: loss 0.9457, time 171.22ms, mfu 2.22%
iter 4740: loss 0.9470, time 162.55ms, mfu 2.23%
step 4750: train loss 0.7962, val loss 1.5776
iter 4750: loss 0.9244, time 22723.35ms, mfu 2.01%
iter 4760: loss 0.9452, time 172.72ms, mfu 2.02%
iter 4770: loss 0.9260, time 172.20ms, mfu 2.04%
iter 4780: loss 0.9298, time 171.90ms, mfu 2.05%
iter 4790: loss 0.9638, time 170.05ms, mfu 2.06%
iter 4800: loss 0.9414, time 164.49ms, mfu 2.08%
iter 4810: loss 0.9722, time 175.59ms, mfu 2.09%
iter 4820: loss 0.9410, time 176.32ms, mfu 2.09%
iter 4830: loss 0.9446, time 180.68ms, mfu 2.09%
iter 4840: loss 0.9502, time 170.09ms, mfu 2.10%
iter 4850: loss 0.9401, time 168.03ms, mfu 2.11%
iter 4860: loss 0.9407, time 169.02ms, mfu 2.12%
iter 4870: loss 0.9288, time 174.15ms, mfu 2.12%
iter 4880: loss 0.9471, time 163.51ms, mfu 2.14%
iter 4890: loss 0.9232, time 165.73ms, mfu 2.15%
iter 4900: loss 0.9211, time 171.13ms, mfu 2.15%
iter 4910: loss 0.9501, time 166.07ms, mfu 2.16%
iter 4920: loss 0.9314, time 173.32ms, mfu 2.16%
iter 4930: loss 0.9392, time 167.48ms, mfu 2.17%
iter 4940: loss 0.9161, time 172.00ms, mfu 2.17%
iter 4950: loss 0.9501, time 179.86ms, mfu 2.16%
iter 4960: loss 0.9552, time 173.68ms, mfu 2.16%
iter 4970: loss 0.9096, time 168.13ms, mfu 2.16%
iter 4980: loss 0.9115, time 170.54ms, mfu 2.16%
iter 4990: loss 0.9478, time 171.57ms, mfu 2.16%
step 5000: train loss 0.7794, val loss 1.5999
iter 5000: loss 0.9330, time 21176.94ms, mfu 1.95%

============================================================
Experiment 'lr5e4' finished (exit code 0)
Wall-clock time: 21 min 44.1 sec (1304.1 s total)
============================================================
