Overriding config with config/train_shakespeare_char_md2.py:
# Experiment 4: Low Model Depth
# Change: model depth n_layer 6 -> 2
# All other hyperparameters match baseline

out_dir = 'out-shakespeare-md2'

eval_interval = 250
eval_iters = 200            
log_interval = 10

always_save_checkpoint = False

wandb_log = False
wandb_project = 'nanoGPT-assignment'
wandb_run_name = 'md2'

dataset = 'shakespeare_char'
gradient_accumulation_steps = 1
batch_size = 64
block_size = 256

n_layer = 2              # CHANGED: baseline was 6
n_head = 6
n_embd = 384
dropout = 0.2

learning_rate = 1e-3      
max_iters = 5000
lr_decay_iters = 5000
min_lr = 1e-4
beta2 = 0.99

warmup_iters = 100
weight_decay = 1e-1

device = 'cuda' # change to 'cpu' for CPU
compile = False

tokens per iteration will be: 16,384
found vocab_size = 65 (inside data\shakespeare_char\meta.pkl)
Initializing a new model from scratch
number of parameters: 3.57M
c:\Users\lexil\code\NLP Foundations Assignment\FoundationsNLP\train.py:196: FutureWarning: `torch.cuda.amp.GradScaler(args...)` is deprecated. Please use `torch.amp.GradScaler('cuda', args...)` instead.
  scaler = torch.cuda.amp.GradScaler(enabled=(dtype == 'float16'))
num decayed parameter tensors: 10, with 3,662,208 parameters
num non-decayed parameter tensors: 5, with 1,920 parameters
using fused AdamW: True
step 0: train loss 4.2461, val loss 4.2432
iter 0: loss 4.2543, time 8089.08ms, mfu -100.00%
iter 10: loss 3.3135, time 60.84ms, mfu 2.05%
iter 20: loss 2.9181, time 67.92ms, mfu 2.03%
iter 30: loss 2.6774, time 55.89ms, mfu 2.05%
iter 40: loss 2.5716, time 54.46ms, mfu 2.07%
iter 50: loss 2.5371, time 47.58ms, mfu 2.13%
iter 60: loss 2.4965, time 59.37ms, mfu 2.13%
iter 70: loss 2.4934, time 68.21ms, mfu 2.10%
iter 80: loss 2.4984, time 65.09ms, mfu 2.08%
iter 90: loss 2.4831, time 56.54ms, mfu 2.09%
iter 100: loss 2.4705, time 57.82ms, mfu 2.10%
iter 110: loss 2.4624, time 54.60ms, mfu 2.12%
iter 120: loss 2.4684, time 58.29ms, mfu 2.12%
iter 130: loss 2.4289, time 53.06ms, mfu 2.14%
iter 140: loss 2.4373, time 49.52ms, mfu 2.18%
iter 150: loss 2.4311, time 54.59ms, mfu 2.19%
iter 160: loss 2.3950, time 52.80ms, mfu 2.21%
iter 170: loss 2.3926, time 52.99ms, mfu 2.22%
iter 180: loss 2.3441, time 53.13ms, mfu 2.23%
iter 190: loss 2.3144, time 46.61ms, mfu 2.28%
iter 200: loss 2.2756, time 46.62ms, mfu 2.32%
iter 210: loss 2.2359, time 49.19ms, mfu 2.34%
iter 220: loss 2.1690, time 52.71ms, mfu 2.34%
iter 230: loss 2.1186, time 60.54ms, mfu 2.31%
iter 240: loss 2.0975, time 60.89ms, mfu 2.29%
step 250: train loss 1.9774, val loss 2.0944
saving checkpoint to out-shakespeare-md2
iter 250: loss 2.0450, time 8198.77ms, mfu 2.06%
iter 260: loss 2.0634, time 54.01ms, mfu 2.09%
iter 270: loss 2.0214, time 57.37ms, mfu 2.09%
iter 280: loss 2.0078, time 58.64ms, mfu 2.10%
iter 290: loss 1.9740, time 62.29ms, mfu 2.09%
iter 300: loss 1.9167, time 64.54ms, mfu 2.07%
iter 310: loss 1.9232, time 63.88ms, mfu 2.06%
iter 320: loss 1.8651, time 52.74ms, mfu 2.09%
iter 330: loss 1.8589, time 66.56ms, mfu 2.07%
iter 340: loss 1.8465, time 46.35ms, mfu 2.13%
iter 350: loss 1.8155, time 60.44ms, mfu 2.12%
iter 360: loss 1.8421, time 64.00ms, mfu 2.11%
iter 370: loss 1.7926, time 57.26ms, mfu 2.11%
iter 380: loss 1.7926, time 53.09ms, mfu 2.14%
iter 390: loss 1.8053, time 54.03ms, mfu 2.15%
iter 400: loss 1.8007, time 53.14ms, mfu 2.17%
iter 410: loss 1.7691, time 53.25ms, mfu 2.19%
iter 420: loss 1.7230, time 64.31ms, mfu 2.17%
iter 430: loss 1.7167, time 53.32ms, mfu 2.18%
iter 440: loss 1.7361, time 50.01ms, mfu 2.21%
iter 450: loss 1.6939, time 58.73ms, mfu 2.21%
iter 460: loss 1.7048, time 49.55ms, mfu 2.24%
iter 470: loss 1.6855, time 65.07ms, mfu 2.20%
iter 480: loss 1.6998, time 48.43ms, mfu 2.24%
iter 490: loss 1.6942, time 63.13ms, mfu 2.22%
step 500: train loss 1.5736, val loss 1.7670
saving checkpoint to out-shakespeare-md2
iter 500: loss 1.6825, time 8133.73ms, mfu 2.00%
iter 510: loss 1.6727, time 55.02ms, mfu 2.02%
iter 520: loss 1.6659, time 61.50ms, mfu 2.02%
iter 530: loss 1.6251, time 58.44ms, mfu 2.03%
iter 540: loss 1.6802, time 60.85ms, mfu 2.04%
iter 550: loss 1.6072, time 63.60ms, mfu 2.03%
iter 560: loss 1.6381, time 47.04ms, mfu 2.09%
iter 570: loss 1.6201, time 64.99ms, mfu 2.07%
iter 580: loss 1.6441, time 47.77ms, mfu 2.13%
iter 590: loss 1.6128, time 56.32ms, mfu 2.14%
iter 600: loss 1.6153, time 54.67ms, mfu 2.15%
iter 610: loss 1.6407, time 62.29ms, mfu 2.14%
iter 620: loss 1.5818, time 48.26ms, mfu 2.18%
iter 630: loss 1.5871, time 47.95ms, mfu 2.22%
iter 640: loss 1.5949, time 49.02ms, mfu 2.25%
iter 650: loss 1.5823, time 52.86ms, mfu 2.27%
iter 660: loss 1.5726, time 62.29ms, mfu 2.24%
iter 670: loss 1.5958, time 53.70ms, mfu 2.25%
iter 680: loss 1.6095, time 64.88ms, mfu 2.22%
iter 690: loss 1.5912, time 47.15ms, mfu 2.26%
iter 700: loss 1.5876, time 58.22ms, mfu 2.25%
iter 710: loss 1.5698, time 48.68ms, mfu 2.28%
iter 720: loss 1.5593, time 54.19ms, mfu 2.28%
iter 730: loss 1.5716, time 60.62ms, mfu 2.26%
iter 740: loss 1.5565, time 52.80ms, mfu 2.27%
step 750: train loss 1.4464, val loss 1.6742
saving checkpoint to out-shakespeare-md2
iter 750: loss 1.5309, time 8219.92ms, mfu 2.04%
iter 760: loss 1.5744, time 58.17ms, mfu 2.05%
iter 770: loss 1.5371, time 57.10ms, mfu 2.07%
iter 780: loss 1.5587, time 61.72ms, mfu 2.06%
iter 790: loss 1.5633, time 66.18ms, mfu 2.04%
iter 800: loss 1.5370, time 51.57ms, mfu 2.08%
iter 810: loss 1.5231, time 61.10ms, mfu 2.08%
iter 820: loss 1.5477, time 55.44ms, mfu 2.09%
iter 830: loss 1.5173, time 54.58ms, mfu 2.11%
iter 840: loss 1.5095, time 63.87ms, mfu 2.10%
iter 850: loss 1.5411, time 48.28ms, mfu 2.15%
iter 860: loss 1.5174, time 61.99ms, mfu 2.13%
iter 870: loss 1.5199, time 47.42ms, mfu 2.18%
iter 880: loss 1.5259, time 46.93ms, mfu 2.23%
iter 890: loss 1.5210, time 59.00ms, mfu 2.22%
iter 900: loss 1.4993, time 46.14ms, mfu 2.27%
iter 910: loss 1.5147, time 53.92ms, mfu 2.27%
iter 920: loss 1.5208, time 59.24ms, mfu 2.26%
iter 930: loss 1.4969, time 51.55ms, mfu 2.27%
iter 940: loss 1.4691, time 51.56ms, mfu 2.29%
iter 950: loss 1.5090, time 52.49ms, mfu 2.30%
iter 960: loss 1.4973, time 55.65ms, mfu 2.29%
iter 970: loss 1.5024, time 46.24ms, mfu 2.33%
iter 980: loss 1.4866, time 55.51ms, mfu 2.32%
iter 990: loss 1.4831, time 49.97ms, mfu 2.34%
step 1000: train loss 1.3769, val loss 1.6107
saving checkpoint to out-shakespeare-md2
iter 1000: loss 1.4924, time 8122.08ms, mfu 2.11%
iter 1010: loss 1.4859, time 62.81ms, mfu 2.10%
iter 1020: loss 1.4989, time 64.96ms, mfu 2.08%
iter 1030: loss 1.4964, time 64.54ms, mfu 2.06%
iter 1040: loss 1.4597, time 57.15ms, mfu 2.08%
iter 1050: loss 1.4735, time 54.50ms, mfu 2.10%
iter 1060: loss 1.4943, time 52.73ms, mfu 2.12%
iter 1070: loss 1.4583, time 66.02ms, mfu 2.10%
iter 1080: loss 1.4670, time 61.79ms, mfu 2.09%
iter 1090: loss 1.4805, time 47.22ms, mfu 2.15%
iter 1100: loss 1.4542, time 53.31ms, mfu 2.17%
iter 1110: loss 1.4540, time 52.86ms, mfu 2.19%
iter 1120: loss 1.4561, time 52.53ms, mfu 2.20%
iter 1130: loss 1.4497, time 63.19ms, mfu 2.18%
iter 1140: loss 1.4675, time 53.99ms, mfu 2.19%
iter 1150: loss 1.4470, time 53.53ms, mfu 2.21%
iter 1160: loss 1.4288, time 52.71ms, mfu 2.22%
iter 1170: loss 1.4648, time 54.64ms, mfu 2.23%
iter 1180: loss 1.4459, time 51.46ms, mfu 2.25%
iter 1190: loss 1.4328, time 49.57ms, mfu 2.28%
iter 1200: loss 1.4299, time 59.31ms, mfu 2.26%
iter 1210: loss 1.4569, time 53.81ms, mfu 2.26%
iter 1220: loss 1.4660, time 57.41ms, mfu 2.26%
iter 1230: loss 1.4534, time 52.08ms, mfu 2.27%
iter 1240: loss 1.4221, time 54.91ms, mfu 2.27%
step 1250: train loss 1.3320, val loss 1.5744
saving checkpoint to out-shakespeare-md2
iter 1250: loss 1.4528, time 8232.50ms, mfu 2.04%
iter 1260: loss 1.4267, time 59.16ms, mfu 2.05%
iter 1270: loss 1.4221, time 54.66ms, mfu 2.07%
iter 1280: loss 1.4463, time 51.39ms, mfu 2.11%
iter 1290: loss 1.4352, time 60.07ms, mfu 2.11%
iter 1300: loss 1.4423, time 55.58ms, mfu 2.12%
iter 1310: loss 1.4255, time 60.54ms, mfu 2.11%
iter 1320: loss 1.4953, time 65.79ms, mfu 2.09%
iter 1330: loss 1.4408, time 67.69ms, mfu 2.07%
iter 1340: loss 1.4118, time 53.68ms, mfu 2.09%
iter 1350: loss 1.4059, time 49.20ms, mfu 2.14%
iter 1360: loss 1.4359, time 59.66ms, mfu 2.13%
iter 1370: loss 1.4432, time 61.28ms, mfu 2.12%
iter 1380: loss 1.4438, time 50.08ms, mfu 2.16%
iter 1390: loss 1.4384, time 56.59ms, mfu 2.16%
iter 1400: loss 1.4314, time 52.04ms, mfu 2.19%
iter 1410: loss 1.4159, time 48.39ms, mfu 2.23%
iter 1420: loss 1.4289, time 56.34ms, mfu 2.23%
iter 1430: loss 1.3902, time 42.56ms, mfu 2.30%
iter 1440: loss 1.4073, time 53.12ms, mfu 2.30%
iter 1450: loss 1.3948, time 53.65ms, mfu 2.30%
iter 1460: loss 1.4393, time 59.23ms, mfu 2.28%
iter 1470: loss 1.4303, time 50.05ms, mfu 2.30%
iter 1480: loss 1.4424, time 55.89ms, mfu 2.30%
iter 1490: loss 1.4170, time 52.61ms, mfu 2.30%
step 1500: train loss 1.2979, val loss 1.5555
saving checkpoint to out-shakespeare-md2
iter 1500: loss 1.3908, time 8125.18ms, mfu 2.08%
iter 1510: loss 1.4248, time 59.08ms, mfu 2.08%
iter 1520: loss 1.3943, time 53.99ms, mfu 2.10%
iter 1530: loss 1.4031, time 58.64ms, mfu 2.10%
iter 1540: loss 1.4171, time 61.42ms, mfu 2.10%
iter 1550: loss 1.3859, time 56.87ms, mfu 2.11%
iter 1560: loss 1.4082, time 68.29ms, mfu 2.08%
iter 1570: loss 1.3855, time 48.98ms, mfu 2.13%
iter 1580: loss 1.3991, time 61.13ms, mfu 2.12%
iter 1590: loss 1.4069, time 62.65ms, mfu 2.10%
iter 1600: loss 1.4108, time 62.90ms, mfu 2.09%
iter 1610: loss 1.3999, time 53.59ms, mfu 2.12%
iter 1620: loss 1.4064, time 62.39ms, mfu 2.10%
iter 1630: loss 1.3941, time 48.15ms, mfu 2.15%
iter 1640: loss 1.3913, time 61.78ms, mfu 2.14%
iter 1650: loss 1.4064, time 60.43ms, mfu 2.13%
iter 1660: loss 1.4205, time 61.71ms, mfu 2.12%
iter 1670: loss 1.4060, time 47.83ms, mfu 2.17%
iter 1680: loss 1.3959, time 56.46ms, mfu 2.17%
iter 1690: loss 1.3598, time 48.81ms, mfu 2.21%
iter 1700: loss 1.4255, time 48.71ms, mfu 2.25%
iter 1710: loss 1.3841, time 53.97ms, mfu 2.25%
iter 1720: loss 1.3984, time 56.24ms, mfu 2.25%
iter 1730: loss 1.3881, time 59.88ms, mfu 2.23%
iter 1740: loss 1.4088, time 48.20ms, mfu 2.27%
step 1750: train loss 1.2687, val loss 1.5318
saving checkpoint to out-shakespeare-md2
iter 1750: loss 1.3925, time 8104.64ms, mfu 2.04%
iter 1760: loss 1.3718, time 63.29ms, mfu 2.04%
iter 1770: loss 1.3816, time 56.11ms, mfu 2.05%
iter 1780: loss 1.3579, time 56.00ms, mfu 2.07%
iter 1790: loss 1.3775, time 60.67ms, mfu 2.07%
iter 1800: loss 1.3902, time 57.22ms, mfu 2.08%
iter 1810: loss 1.3809, time 53.19ms, mfu 2.11%
iter 1820: loss 1.3905, time 54.80ms, mfu 2.12%
iter 1830: loss 1.3604, time 47.63ms, mfu 2.17%
iter 1840: loss 1.3322, time 56.69ms, mfu 2.18%
iter 1850: loss 1.4073, time 63.79ms, mfu 2.15%
iter 1860: loss 1.4075, time 66.72ms, mfu 2.13%
iter 1870: loss 1.4019, time 59.66ms, mfu 2.12%
iter 1880: loss 1.3703, time 51.13ms, mfu 2.15%
iter 1890: loss 1.3969, time 54.45ms, mfu 2.17%
iter 1900: loss 1.3397, time 60.71ms, mfu 2.16%
iter 1910: loss 1.3713, time 50.67ms, mfu 2.19%
iter 1920: loss 1.4009, time 55.13ms, mfu 2.19%
iter 1930: loss 1.3798, time 50.78ms, mfu 2.22%
iter 1940: loss 1.3614, time 48.84ms, mfu 2.25%
iter 1950: loss 1.3632, time 62.74ms, mfu 2.23%
iter 1960: loss 1.3906, time 54.17ms, mfu 2.24%
iter 1970: loss 1.3805, time 48.45ms, mfu 2.27%
iter 1980: loss 1.3718, time 50.75ms, mfu 2.29%
iter 1990: loss 1.3670, time 65.37ms, mfu 2.25%
step 2000: train loss 1.2469, val loss 1.5296
saving checkpoint to out-shakespeare-md2
iter 2000: loss 1.3266, time 8143.57ms, mfu 2.03%
iter 2010: loss 1.3560, time 55.68ms, mfu 2.05%
iter 2020: loss 1.3411, time 56.62ms, mfu 2.06%
iter 2030: loss 1.3897, time 52.97ms, mfu 2.09%
iter 2040: loss 1.3760, time 58.83ms, mfu 2.10%
iter 2050: loss 1.3431, time 51.39ms, mfu 2.13%
iter 2060: loss 1.3524, time 60.02ms, mfu 2.12%
iter 2070: loss 1.3683, time 62.36ms, mfu 2.11%
iter 2080: loss 1.3080, time 55.39ms, mfu 2.13%
iter 2090: loss 1.3669, time 54.94ms, mfu 2.14%
iter 2100: loss 1.3465, time 52.02ms, mfu 2.17%
iter 2110: loss 1.3561, time 61.33ms, mfu 2.15%
iter 2120: loss 1.3599, time 56.45ms, mfu 2.16%
iter 2130: loss 1.3489, time 55.07ms, mfu 2.17%
iter 2140: loss 1.3514, time 58.10ms, mfu 2.17%
iter 2150: loss 1.3781, time 54.99ms, mfu 2.18%
iter 2160: loss 1.3309, time 56.44ms, mfu 2.18%
iter 2170: loss 1.3301, time 52.30ms, mfu 2.20%
iter 2180: loss 1.3320, time 62.07ms, mfu 2.18%
iter 2190: loss 1.3453, time 57.43ms, mfu 2.18%
iter 2200: loss 1.3493, time 53.51ms, mfu 2.20%
iter 2210: loss 1.3550, time 50.85ms, mfu 2.22%
iter 2220: loss 1.3598, time 48.89ms, mfu 2.25%
iter 2230: loss 1.3471, time 51.81ms, mfu 2.27%
iter 2240: loss 1.3416, time 64.65ms, mfu 2.24%
step 2250: train loss 1.2249, val loss 1.5225
saving checkpoint to out-shakespeare-md2
iter 2250: loss 1.3389, time 8185.51ms, mfu 2.01%
iter 2260: loss 1.3518, time 61.93ms, mfu 2.01%
iter 2270: loss 1.3389, time 61.99ms, mfu 2.01%
iter 2280: loss 1.3576, time 63.85ms, mfu 2.01%
iter 2290: loss 1.3394, time 65.40ms, mfu 2.00%
iter 2300: loss 1.3287, time 55.90ms, mfu 2.02%
iter 2310: loss 1.3325, time 53.39ms, mfu 2.05%
iter 2320: loss 1.3179, time 62.39ms, mfu 2.05%
iter 2330: loss 1.3235, time 48.05ms, mfu 2.10%
iter 2340: loss 1.3497, time 46.23ms, mfu 2.16%
iter 2350: loss 1.3410, time 60.05ms, mfu 2.15%
iter 2360: loss 1.3387, time 48.28ms, mfu 2.20%
iter 2370: loss 1.3243, time 61.39ms, mfu 2.18%
iter 2380: loss 1.3305, time 48.33ms, mfu 2.22%
iter 2390: loss 1.3100, time 45.66ms, mfu 2.27%
iter 2400: loss 1.3456, time 52.00ms, mfu 2.28%
iter 2410: loss 1.3301, time 59.35ms, mfu 2.27%
iter 2420: loss 1.3570, time 68.23ms, mfu 2.22%
iter 2430: loss 1.3543, time 63.72ms, mfu 2.20%
iter 2440: loss 1.3162, time 52.34ms, mfu 2.21%
iter 2450: loss 1.3551, time 49.62ms, mfu 2.24%
iter 2460: loss 1.2958, time 51.80ms, mfu 2.26%
iter 2470: loss 1.3258, time 50.99ms, mfu 2.28%
iter 2480: loss 1.3300, time 50.02ms, mfu 2.30%
iter 2490: loss 1.3336, time 51.00ms, mfu 2.32%
step 2500: train loss 1.2120, val loss 1.5184
saving checkpoint to out-shakespeare-md2
iter 2500: loss 1.3160, time 8147.52ms, mfu 2.09%
iter 2510: loss 1.2940, time 55.41ms, mfu 2.10%
iter 2520: loss 1.3067, time 54.47ms, mfu 2.12%
iter 2530: loss 1.3428, time 53.53ms, mfu 2.14%
iter 2540: loss 1.3439, time 63.29ms, mfu 2.12%
iter 2550: loss 1.3042, time 57.15ms, mfu 2.13%
iter 2560: loss 1.2821, time 49.06ms, mfu 2.17%
iter 2570: loss 1.3193, time 53.74ms, mfu 2.19%
iter 2580: loss 1.3456, time 55.83ms, mfu 2.19%
iter 2590: loss 1.2876, time 48.08ms, mfu 2.23%
iter 2600: loss 1.3139, time 54.21ms, mfu 2.24%
iter 2610: loss 1.3441, time 61.67ms, mfu 2.22%
iter 2620: loss 1.3044, time 60.78ms, mfu 2.20%
iter 2630: loss 1.3296, time 50.46ms, mfu 2.23%
iter 2640: loss 1.3105, time 58.91ms, mfu 2.22%
iter 2650: loss 1.3146, time 50.63ms, mfu 2.24%
iter 2660: loss 1.3129, time 47.88ms, mfu 2.28%
iter 2670: loss 1.3307, time 53.83ms, mfu 2.28%
iter 2680: loss 1.2974, time 59.32ms, mfu 2.26%
iter 2690: loss 1.3270, time 58.36ms, mfu 2.25%
iter 2700: loss 1.3271, time 51.93ms, mfu 2.27%
iter 2710: loss 1.3198, time 58.32ms, mfu 2.25%
iter 2720: loss 1.2941, time 61.61ms, mfu 2.23%
iter 2730: loss 1.3135, time 65.76ms, mfu 2.20%
iter 2740: loss 1.2869, time 48.44ms, mfu 2.24%
step 2750: train loss 1.1885, val loss 1.5040
saving checkpoint to out-shakespeare-md2
iter 2750: loss 1.2917, time 8047.27ms, mfu 2.01%
iter 2760: loss 1.3232, time 65.09ms, mfu 2.00%
iter 2770: loss 1.2987, time 69.29ms, mfu 1.98%
iter 2780: loss 1.2820, time 65.15ms, mfu 1.98%
iter 2790: loss 1.3191, time 60.13ms, mfu 1.99%
iter 2800: loss 1.2904, time 48.80ms, mfu 2.04%
iter 2810: loss 1.3023, time 62.16ms, mfu 2.04%
iter 2820: loss 1.2748, time 55.58ms, mfu 2.06%
iter 2830: loss 1.3094, time 61.84ms, mfu 2.06%
iter 2840: loss 1.2964, time 60.40ms, mfu 2.06%
iter 2850: loss 1.3357, time 61.62ms, mfu 2.05%
iter 2860: loss 1.3085, time 54.58ms, mfu 2.08%
iter 2870: loss 1.3355, time 56.10ms, mfu 2.09%
iter 2880: loss 1.2766, time 49.78ms, mfu 2.13%
iter 2890: loss 1.2881, time 52.34ms, mfu 2.16%
iter 2900: loss 1.3048, time 62.63ms, mfu 2.14%
iter 2910: loss 1.2950, time 54.20ms, mfu 2.16%
iter 2920: loss 1.2920, time 59.83ms, mfu 2.15%
iter 2930: loss 1.3128, time 56.58ms, mfu 2.16%
iter 2940: loss 1.2749, time 50.96ms, mfu 2.18%
iter 2950: loss 1.2766, time 53.82ms, mfu 2.20%
iter 2960: loss 1.2877, time 52.72ms, mfu 2.21%
iter 2970: loss 1.2732, time 59.66ms, mfu 2.20%
iter 2980: loss 1.2954, time 51.53ms, mfu 2.22%
iter 2990: loss 1.3176, time 48.91ms, mfu 2.26%
step 3000: train loss 1.1765, val loss 1.5007
saving checkpoint to out-shakespeare-md2
iter 3000: loss 1.3002, time 8214.53ms, mfu 2.03%
iter 3010: loss 1.2757, time 51.92ms, mfu 2.07%
iter 3020: loss 1.2805, time 66.56ms, mfu 2.05%
iter 3030: loss 1.3169, time 57.98ms, mfu 2.06%
iter 3040: loss 1.2851, time 57.31ms, mfu 2.07%
iter 3050: loss 1.2781, time 54.43ms, mfu 2.09%
iter 3060: loss 1.2958, time 51.52ms, mfu 2.13%
iter 3070: loss 1.2738, time 58.37ms, mfu 2.13%
iter 3080: loss 1.3136, time 64.52ms, mfu 2.11%
iter 3090: loss 1.2861, time 54.34ms, mfu 2.13%
iter 3100: loss 1.2836, time 50.34ms, mfu 2.16%
iter 3110: loss 1.2579, time 52.04ms, mfu 2.19%
iter 3120: loss 1.2679, time 52.21ms, mfu 2.21%
iter 3130: loss 1.2791, time 53.07ms, mfu 2.22%
iter 3140: loss 1.2802, time 46.66ms, mfu 2.27%
iter 3150: loss 1.3133, time 59.49ms, mfu 2.25%
iter 3160: loss 1.2950, time 56.98ms, mfu 2.24%
iter 3170: loss 1.2756, time 59.43ms, mfu 2.23%
iter 3180: loss 1.3111, time 36.51ms, mfu 2.35%
iter 3190: loss 1.3101, time 53.79ms, mfu 2.34%
iter 3200: loss 1.2821, time 52.55ms, mfu 2.35%
iter 3210: loss 1.2462, time 54.57ms, mfu 2.34%
iter 3220: loss 1.3129, time 58.45ms, mfu 2.32%
iter 3230: loss 1.2743, time 63.94ms, mfu 2.28%
iter 3240: loss 1.2670, time 53.73ms, mfu 2.29%
step 3250: train loss 1.1588, val loss 1.4951
saving checkpoint to out-shakespeare-md2
iter 3250: loss 1.2556, time 8199.35ms, mfu 2.06%
iter 3260: loss 1.3028, time 59.92ms, mfu 2.06%
iter 3270: loss 1.2687, time 53.95ms, mfu 2.09%
iter 3280: loss 1.2815, time 47.84ms, mfu 2.14%
iter 3290: loss 1.2505, time 61.43ms, mfu 2.13%
iter 3300: loss 1.2598, time 47.94ms, mfu 2.18%
iter 3310: loss 1.2712, time 69.20ms, mfu 2.14%
iter 3320: loss 1.2792, time 65.12ms, mfu 2.12%
iter 3330: loss 1.2881, time 55.73ms, mfu 2.13%
iter 3340: loss 1.2578, time 55.23ms, mfu 2.14%
iter 3350: loss 1.2949, time 53.72ms, mfu 2.16%
iter 3360: loss 1.2446, time 63.53ms, mfu 2.14%
iter 3370: loss 1.2725, time 49.64ms, mfu 2.18%
iter 3380: loss 1.2686, time 60.50ms, mfu 2.17%
iter 3390: loss 1.3021, time 66.44ms, mfu 2.14%
iter 3400: loss 1.2498, time 55.43ms, mfu 2.15%
iter 3410: loss 1.2664, time 58.96ms, mfu 2.14%
iter 3420: loss 1.2891, time 47.83ms, mfu 2.19%
iter 3430: loss 1.2578, time 61.47ms, mfu 2.18%
iter 3440: loss 1.2497, time 59.18ms, mfu 2.17%
iter 3450: loss 1.2830, time 52.55ms, mfu 2.19%
iter 3460: loss 1.2738, time 53.93ms, mfu 2.20%
iter 3470: loss 1.2382, time 51.64ms, mfu 2.22%
iter 3480: loss 1.2468, time 54.43ms, mfu 2.23%
iter 3490: loss 1.2590, time 59.18ms, mfu 2.22%
step 3500: train loss 1.1464, val loss 1.4863
saving checkpoint to out-shakespeare-md2
iter 3500: loss 1.2869, time 8182.41ms, mfu 2.00%
iter 3510: loss 1.2403, time 54.40ms, mfu 2.03%
iter 3520: loss 1.2546, time 63.14ms, mfu 2.02%
iter 3530: loss 1.2550, time 61.90ms, mfu 2.02%
iter 3540: loss 1.2472, time 66.13ms, mfu 2.01%
iter 3550: loss 1.2364, time 57.15ms, mfu 2.03%
iter 3560: loss 1.2366, time 54.05ms, mfu 2.05%
iter 3570: loss 1.2512, time 66.51ms, mfu 2.04%
iter 3580: loss 1.2691, time 47.86ms, mfu 2.09%
iter 3590: loss 1.2802, time 60.53ms, mfu 2.09%
iter 3600: loss 1.2795, time 61.75ms, mfu 2.08%
iter 3610: loss 1.2351, time 54.69ms, mfu 2.10%
iter 3620: loss 1.2612, time 59.60ms, mfu 2.10%
iter 3630: loss 1.2660, time 59.64ms, mfu 2.10%
iter 3640: loss 1.2252, time 61.30ms, mfu 2.09%
iter 3650: loss 1.2831, time 60.84ms, mfu 2.09%
iter 3660: loss 1.2901, time 54.67ms, mfu 2.11%
iter 3670: loss 1.2431, time 62.28ms, mfu 2.10%
iter 3680: loss 1.2663, time 48.13ms, mfu 2.15%
iter 3690: loss 1.2291, time 61.91ms, mfu 2.13%
iter 3700: loss 1.2718, time 41.65ms, mfu 2.22%
iter 3710: loss 1.2578, time 38.20ms, mfu 2.32%
iter 3720: loss 1.2806, time 39.95ms, mfu 2.40%
iter 3730: loss 1.2682, time 39.03ms, mfu 2.48%
iter 3740: loss 1.2606, time 36.94ms, mfu 2.57%
step 3750: train loss 1.1337, val loss 1.4900
iter 3750: loss 1.2543, time 11273.02ms, mfu 2.32%
iter 3760: loss 1.2008, time 27.26ms, mfu 2.54%
iter 3770: loss 1.2331, time 26.62ms, mfu 2.76%
iter 3780: loss 1.2518, time 31.07ms, mfu 2.88%
iter 3790: loss 1.2818, time 29.55ms, mfu 3.02%
iter 3800: loss 1.2806, time 33.38ms, mfu 3.09%
iter 3810: loss 1.2643, time 38.87ms, mfu 3.10%
iter 3820: loss 1.2529, time 38.93ms, mfu 3.11%
iter 3830: loss 1.2515, time 34.94ms, mfu 3.16%
iter 3840: loss 1.2476, time 39.43ms, mfu 3.16%
iter 3850: loss 1.2350, time 47.70ms, mfu 3.10%
iter 3860: loss 1.2440, time 48.09ms, mfu 3.05%
iter 3870: loss 1.2648, time 36.75ms, mfu 3.09%
iter 3880: loss 1.2548, time 34.22ms, mfu 3.14%
iter 3890: loss 1.2431, time 15.76ms, mfu 3.62%
iter 3900: loss 1.2240, time 46.30ms, mfu 3.53%
iter 3910: loss 1.2557, time 36.58ms, mfu 3.52%
iter 3920: loss 1.2622, time 38.02ms, mfu 3.49%
iter 3930: loss 1.2623, time 47.41ms, mfu 3.41%
iter 3940: loss 1.2546, time 36.28ms, mfu 3.41%
iter 3950: loss 1.2551, time 35.78ms, mfu 3.42%
iter 3960: loss 1.2454, time 14.85ms, mfu 3.92%
iter 3970: loss 1.2482, time 47.92ms, mfu 3.78%
iter 3980: loss 1.2426, time 40.90ms, mfu 3.71%
iter 3990: loss 1.2336, time 44.11ms, mfu 3.62%
step 4000: train loss 1.1224, val loss 1.4801
saving checkpoint to out-shakespeare-md2
iter 4000: loss 1.2401, time 11048.12ms, mfu 3.26%
iter 4010: loss 1.2409, time 31.32ms, mfu 3.33%
iter 4020: loss 1.2316, time 32.58ms, mfu 3.38%
iter 4030: loss 1.2528, time 34.53ms, mfu 3.41%
iter 4040: loss 1.2695, time 31.34ms, mfu 3.46%
iter 4050: loss 1.2352, time 34.65ms, mfu 3.48%
iter 4060: loss 1.2676, time 33.46ms, mfu 3.50%
iter 4070: loss 1.2764, time 23.90ms, mfu 3.67%
iter 4080: loss 1.2359, time 33.63ms, mfu 3.68%
iter 4090: loss 1.2648, time 51.31ms, mfu 3.55%
iter 4100: loss 1.2634, time 39.32ms, mfu 3.51%
iter 4110: loss 1.2255, time 51.56ms, mfu 3.41%
iter 4120: loss 1.2762, time 35.52ms, mfu 3.42%
iter 4130: loss 1.2227, time 42.23ms, mfu 3.37%
iter 4140: loss 1.2288, time 34.66ms, mfu 3.39%
iter 4150: loss 1.2592, time 44.00ms, mfu 3.34%
iter 4160: loss 1.2341, time 37.83ms, mfu 3.33%
iter 4170: loss 1.2591, time 34.89ms, mfu 3.36%
iter 4180: loss 1.2395, time 40.14ms, mfu 3.33%
iter 4190: loss 1.2302, time 36.22ms, mfu 3.34%
iter 4200: loss 1.2228, time 41.22ms, mfu 3.31%
iter 4210: loss 1.2349, time 40.28ms, mfu 3.29%
iter 4220: loss 1.2487, time 34.46ms, mfu 3.32%
iter 4230: loss 1.2574, time 35.66ms, mfu 3.34%
iter 4240: loss 1.2356, time 36.85ms, mfu 3.35%
step 4250: train loss 1.1159, val loss 1.4851
iter 4250: loss 1.2214, time 11327.41ms, mfu 3.01%
iter 4260: loss 1.2576, time 23.89ms, mfu 3.23%
iter 4270: loss 1.2687, time 29.34ms, mfu 3.33%
iter 4280: loss 1.2157, time 32.35ms, mfu 3.39%
iter 4290: loss 1.2299, time 25.01ms, mfu 3.55%
iter 4300: loss 1.2359, time 37.17ms, mfu 3.53%
iter 4310: loss 1.2387, time 34.77ms, mfu 3.53%
iter 4320: loss 1.2556, time 38.22ms, mfu 3.51%
iter 4330: loss 1.2437, time 36.00ms, mfu 3.50%
iter 4340: loss 1.2449, time 26.85ms, mfu 3.62%
iter 4350: loss 1.2470, time 29.46ms, mfu 3.68%
iter 4360: loss 1.2756, time 29.64ms, mfu 3.73%
iter 4370: loss 1.2364, time 29.23ms, mfu 3.79%
iter 4380: loss 1.1972, time 32.39ms, mfu 3.79%
iter 4390: loss 1.2255, time 41.21ms, mfu 3.72%
iter 4400: loss 1.1878, time 36.10ms, mfu 3.69%
iter 4410: loss 1.2354, time 32.17ms, mfu 3.71%
iter 4420: loss 1.2574, time 46.71ms, mfu 3.60%
iter 4430: loss 1.2496, time 43.44ms, mfu 3.53%
iter 4440: loss 1.2265, time 42.62ms, mfu 3.47%
iter 4450: loss 1.2309, time 39.57ms, mfu 3.44%
iter 4460: loss 1.2474, time 35.37ms, mfu 3.45%
iter 4470: loss 1.2355, time 32.75ms, mfu 3.48%
iter 4480: loss 1.2364, time 27.83ms, mfu 3.58%
iter 4490: loss 1.2235, time 43.27ms, mfu 3.51%
step 4500: train loss 1.1085, val loss 1.4813
iter 4500: loss 1.2455, time 11071.15ms, mfu 3.16%
iter 4510: loss 1.2382, time 28.49ms, mfu 3.28%
iter 4520: loss 1.2278, time 32.37ms, mfu 3.34%
iter 4530: loss 1.2427, time 25.88ms, mfu 3.49%
iter 4540: loss 1.2695, time 32.15ms, mfu 3.53%
iter 4550: loss 1.2510, time 37.85ms, mfu 3.51%
iter 4560: loss 1.2288, time 37.53ms, mfu 3.49%
iter 4570: loss 1.2368, time 33.72ms, mfu 3.51%
iter 4580: loss 1.2342, time 33.71ms, mfu 3.53%
iter 4590: loss 1.2097, time 37.49ms, mfu 3.51%
iter 4600: loss 1.2348, time 39.35ms, mfu 3.47%
iter 4610: loss 1.2416, time 39.14ms, mfu 3.45%
iter 4620: loss 1.2413, time 37.44ms, mfu 3.43%
iter 4630: loss 1.2167, time 35.04ms, mfu 3.45%
iter 4640: loss 1.1913, time 36.82ms, mfu 3.44%
iter 4650: loss 1.1978, time 36.42ms, mfu 3.44%
iter 4660: loss 1.2561, time 32.68ms, mfu 3.48%
iter 4670: loss 1.2512, time 32.38ms, mfu 3.51%
iter 4680: loss 1.2369, time 28.07ms, mfu 3.61%
iter 4690: loss 1.2402, time 35.07ms, mfu 3.60%
iter 4700: loss 1.2441, time 33.06ms, mfu 3.62%
iter 4710: loss 1.2363, time 31.64ms, mfu 3.65%
iter 4720: loss 1.2379, time 39.97ms, mfu 3.60%
iter 4730: loss 1.2216, time 34.66ms, mfu 3.60%
iter 4740: loss 1.2369, time 31.85ms, mfu 3.63%
step 4750: train loss 1.1033, val loss 1.4890
iter 4750: loss 1.2238, time 10415.07ms, mfu 3.27%
iter 4760: loss 1.2592, time 54.79ms, mfu 3.17%
iter 4770: loss 1.2088, time 46.91ms, mfu 3.12%
iter 4780: loss 1.2294, time 63.15ms, mfu 3.00%
iter 4790: loss 1.2267, time 49.24ms, mfu 2.96%
iter 4800: loss 1.2122, time 55.64ms, mfu 2.89%
iter 4810: loss 1.2227, time 54.46ms, mfu 2.83%
iter 4820: loss 1.1980, time 64.98ms, mfu 2.74%
iter 4830: loss 1.2407, time 62.81ms, mfu 2.66%
iter 4840: loss 1.2398, time 52.87ms, mfu 2.63%
iter 4850: loss 1.2572, time 55.02ms, mfu 2.59%
iter 4860: loss 1.2360, time 50.38ms, mfu 2.58%
iter 4870: loss 1.1733, time 48.69ms, mfu 2.58%
iter 4880: loss 1.2481, time 46.88ms, mfu 2.59%
iter 4890: loss 1.2692, time 65.56ms, mfu 2.52%
iter 4900: loss 1.2510, time 54.40ms, mfu 2.50%
iter 4910: loss 1.2097, time 54.14ms, mfu 2.48%
iter 4920: loss 1.2538, time 55.08ms, mfu 2.46%
iter 4930: loss 1.2029, time 48.85ms, mfu 2.47%
iter 4940: loss 1.2155, time 63.97ms, mfu 2.41%
iter 4950: loss 1.2448, time 55.53ms, mfu 2.40%
iter 4960: loss 1.2473, time 53.81ms, mfu 2.39%
iter 4970: loss 1.2551, time 56.28ms, mfu 2.37%
iter 4980: loss 1.2355, time 57.30ms, mfu 2.35%
iter 4990: loss 1.2493, time 50.15ms, mfu 2.37%
step 5000: train loss 1.0974, val loss 1.4834
iter 5000: loss 1.2222, time 8116.69ms, mfu 2.13%

============================================================
Experiment 'md2' finished (exit code 0)
Wall-clock time: 7 min 42.4 sec (462.4 s total)
============================================================
