Overriding config with config/train_shakespeare_char_md8.py:
# Experiment 4: High Model Depth
# Change: model depth n_layer 6 -> 8
# All other hyperparameters match baseline

out_dir = 'out-shakespeare-md8'

eval_interval = 250
eval_iters = 200            
log_interval = 10

always_save_checkpoint = False

wandb_log = False
wandb_project = 'nanoGPT-assignment'
wandb_run_name = 'md8'

dataset = 'shakespeare_char'
gradient_accumulation_steps = 1
batch_size = 64
block_size = 256

n_layer = 8              # CHANGED: baseline was 6
n_head = 6
n_embd = 384
dropout = 0.2

learning_rate = 1e-3      
max_iters = 5000
lr_decay_iters = 5000
min_lr = 1e-4
beta2 = 0.99

warmup_iters = 100
weight_decay = 1e-1

device = 'cuda' # change to 'cpu' for CPU
compile = False

tokens per iteration will be: 16,384
found vocab_size = 65 (inside data\shakespeare_char\meta.pkl)
Initializing a new model from scratch
number of parameters: 14.19M
c:\Users\lexil\code\NLP Foundations Assignment\FoundationsNLP\train.py:196: FutureWarning: `torch.cuda.amp.GradScaler(args...)` is deprecated. Please use `torch.amp.GradScaler('cuda', args...)` instead.
  scaler = torch.cuda.amp.GradScaler(enabled=(dtype == 'float16'))
num decayed parameter tensors: 34, with 14,279,040 parameters
num non-decayed parameter tensors: 17, with 6,528 parameters
using fused AdamW: True
step 0: train loss 4.3102, val loss 4.3031
iter 0: loss 4.2871, time 26579.88ms, mfu -100.00%
iter 10: loss 3.1384, time 200.25ms, mfu 2.48%
iter 20: loss 2.7514, time 199.95ms, mfu 2.48%
iter 30: loss 2.6210, time 198.97ms, mfu 2.48%
iter 40: loss 2.5532, time 199.29ms, mfu 2.48%
iter 50: loss 2.5104, time 194.09ms, mfu 2.49%
iter 60: loss 2.5213, time 194.57ms, mfu 2.50%
iter 70: loss 2.4909, time 199.65ms, mfu 2.50%
iter 80: loss 2.4704, time 197.55ms, mfu 2.50%
iter 90: loss 2.4756, time 188.81ms, mfu 2.51%
iter 100: loss 2.4551, time 192.69ms, mfu 2.52%
iter 110: loss 2.4442, time 190.31ms, mfu 2.53%
iter 120: loss 2.4486, time 195.09ms, mfu 2.53%
iter 130: loss 2.4297, time 185.44ms, mfu 2.54%
iter 140: loss 2.4044, time 195.88ms, mfu 2.54%
iter 150: loss 2.3785, time 198.03ms, mfu 2.54%
iter 160: loss 2.3793, time 201.11ms, mfu 2.53%
iter 170: loss 2.3573, time 203.55ms, mfu 2.52%
iter 180: loss 2.3126, time 198.61ms, mfu 2.52%
iter 190: loss 2.2649, time 190.58ms, mfu 2.53%
iter 200: loss 2.1946, time 199.90ms, mfu 2.52%
iter 210: loss 2.1715, time 194.72ms, mfu 2.53%
iter 220: loss 2.1489, time 202.79ms, mfu 2.52%
iter 230: loss 2.1048, time 192.44ms, mfu 2.53%
iter 240: loss 2.0674, time 188.14ms, mfu 2.54%
step 250: train loss 1.9825, val loss 2.0792
saving checkpoint to out-shakespeare-md8
iter 250: loss 2.0189, time 26481.78ms, mfu 2.28%
iter 260: loss 2.0099, time 203.06ms, mfu 2.30%
iter 270: loss 1.9774, time 192.91ms, mfu 2.33%
iter 280: loss 1.9077, time 199.42ms, mfu 2.34%
iter 290: loss 1.9015, time 194.52ms, mfu 2.37%
iter 300: loss 1.9048, time 204.05ms, mfu 2.37%
iter 310: loss 1.8809, time 196.53ms, mfu 2.39%
iter 320: loss 1.8226, time 201.08ms, mfu 2.40%
iter 330: loss 1.8678, time 183.29ms, mfu 2.43%
iter 340: loss 1.8405, time 196.05ms, mfu 2.44%
iter 350: loss 1.8206, time 206.27ms, mfu 2.43%
iter 360: loss 1.8139, time 192.69ms, mfu 2.45%
iter 370: loss 1.7723, time 198.70ms, mfu 2.45%
iter 380: loss 1.7206, time 198.01ms, mfu 2.46%
iter 390: loss 1.7381, time 199.13ms, mfu 2.46%
iter 400: loss 1.7257, time 208.06ms, mfu 2.46%
iter 410: loss 1.7255, time 201.83ms, mfu 2.46%
iter 420: loss 1.6802, time 192.64ms, mfu 2.47%
iter 430: loss 1.6728, time 201.48ms, mfu 2.47%
iter 440: loss 1.6870, time 197.73ms, mfu 2.47%
iter 450: loss 1.6466, time 193.69ms, mfu 2.48%
iter 460: loss 1.6658, time 201.10ms, mfu 2.48%
iter 470: loss 1.5849, time 199.80ms, mfu 2.48%
iter 480: loss 1.5852, time 197.15ms, mfu 2.48%
iter 490: loss 1.5951, time 198.84ms, mfu 2.49%
step 500: train loss 1.5183, val loss 1.7076
saving checkpoint to out-shakespeare-md8
iter 500: loss 1.6074, time 26185.55ms, mfu 2.24%
iter 510: loss 1.5579, time 211.53ms, mfu 2.25%
iter 520: loss 1.5810, time 202.58ms, mfu 2.27%
iter 530: loss 1.5547, time 197.34ms, mfu 2.29%
iter 540: loss 1.5500, time 196.16ms, mfu 2.32%
iter 550: loss 1.5566, time 188.39ms, mfu 2.35%
iter 560: loss 1.5414, time 198.42ms, mfu 2.37%
iter 570: loss 1.5416, time 201.91ms, mfu 2.37%
iter 580: loss 1.5526, time 209.37ms, mfu 2.37%
iter 590: loss 1.4855, time 199.80ms, mfu 2.39%
iter 600: loss 1.5242, time 196.30ms, mfu 2.40%
iter 610: loss 1.5110, time 201.30ms, mfu 2.41%
iter 620: loss 1.5096, time 197.94ms, mfu 2.42%
iter 630: loss 1.4456, time 198.84ms, mfu 2.42%
iter 640: loss 1.4733, time 204.63ms, mfu 2.43%
iter 650: loss 1.4681, time 201.72ms, mfu 2.43%
iter 660: loss 1.4526, time 190.32ms, mfu 2.45%
iter 670: loss 1.4519, time 197.24ms, mfu 2.45%
iter 680: loss 1.4287, time 197.29ms, mfu 2.46%
iter 690: loss 1.4584, time 204.73ms, mfu 2.46%
iter 700: loss 1.4838, time 202.32ms, mfu 2.46%
iter 710: loss 1.4380, time 194.07ms, mfu 2.47%
iter 720: loss 1.4209, time 198.99ms, mfu 2.47%
iter 730: loss 1.4293, time 195.63ms, mfu 2.48%
iter 740: loss 1.3908, time 199.90ms, mfu 2.48%
step 750: train loss 1.3411, val loss 1.5694
saving checkpoint to out-shakespeare-md8
iter 750: loss 1.4209, time 26794.33ms, mfu 2.23%
iter 760: loss 1.4215, time 219.67ms, mfu 2.23%
iter 770: loss 1.4038, time 211.81ms, mfu 2.25%
iter 780: loss 1.3349, time 194.46ms, mfu 2.28%
iter 790: loss 1.3835, time 205.73ms, mfu 2.29%
iter 800: loss 1.3520, time 193.28ms, mfu 2.32%
iter 810: loss 1.3382, time 204.48ms, mfu 2.33%
iter 820: loss 1.3812, time 199.00ms, mfu 2.35%
iter 830: loss 1.3612, time 205.85ms, mfu 2.35%
iter 840: loss 1.3712, time 192.20ms, mfu 2.38%
iter 850: loss 1.3722, time 196.59ms, mfu 2.39%
iter 860: loss 1.3341, time 193.00ms, mfu 2.41%
iter 870: loss 1.3456, time 201.61ms, mfu 2.41%
iter 880: loss 1.3472, time 198.10ms, mfu 2.42%
iter 890: loss 1.3273, time 203.45ms, mfu 2.43%
iter 900: loss 1.3591, time 196.31ms, mfu 2.44%
iter 910: loss 1.3393, time 190.87ms, mfu 2.45%
iter 920: loss 1.2847, time 193.06ms, mfu 2.46%
iter 930: loss 1.3435, time 193.87ms, mfu 2.47%
iter 940: loss 1.3254, time 194.66ms, mfu 2.48%
iter 950: loss 1.3021, time 193.50ms, mfu 2.49%
iter 960: loss 1.2830, time 196.65ms, mfu 2.49%
iter 970: loss 1.2911, time 197.95ms, mfu 2.50%
iter 980: loss 1.2932, time 197.57ms, mfu 2.50%
iter 990: loss 1.3474, time 193.00ms, mfu 2.50%
step 1000: train loss 1.2412, val loss 1.5124
saving checkpoint to out-shakespeare-md8
iter 1000: loss 1.3132, time 26468.84ms, mfu 2.26%
iter 1010: loss 1.2876, time 204.49ms, mfu 2.27%
iter 1020: loss 1.3092, time 203.08ms, mfu 2.29%
iter 1030: loss 1.3027, time 189.44ms, mfu 2.32%
iter 1040: loss 1.3285, time 189.41ms, mfu 2.35%
iter 1050: loss 1.2906, time 201.12ms, mfu 2.36%
iter 1060: loss 1.3019, time 190.85ms, mfu 2.39%
iter 1070: loss 1.2860, time 192.32ms, mfu 2.41%
iter 1080: loss 1.2541, time 201.57ms, mfu 2.41%
iter 1090: loss 1.3066, time 197.84ms, mfu 2.42%
iter 1100: loss 1.3175, time 207.74ms, mfu 2.42%
iter 1110: loss 1.2591, time 201.50ms, mfu 2.42%
iter 1120: loss 1.2759, time 192.45ms, mfu 2.44%
iter 1130: loss 1.2841, time 198.78ms, mfu 2.45%
iter 1140: loss 1.2294, time 200.09ms, mfu 2.45%
iter 1150: loss 1.3069, time 201.55ms, mfu 2.45%
iter 1160: loss 1.2521, time 196.85ms, mfu 2.46%
iter 1170: loss 1.2877, time 196.61ms, mfu 2.46%
iter 1180: loss 1.2394, time 194.30ms, mfu 2.47%
iter 1190: loss 1.2463, time 201.94ms, mfu 2.47%
iter 1200: loss 1.2627, time 187.94ms, mfu 2.49%
iter 1210: loss 1.2441, time 207.84ms, mfu 2.48%
iter 1220: loss 1.2359, time 202.04ms, mfu 2.48%
iter 1230: loss 1.2504, time 187.10ms, mfu 2.49%
iter 1240: loss 1.2669, time 205.13ms, mfu 2.49%
step 1250: train loss 1.1693, val loss 1.4854
saving checkpoint to out-shakespeare-md8
iter 1250: loss 1.2274, time 27941.29ms, mfu 2.24%
iter 1260: loss 1.2371, time 216.66ms, mfu 2.25%
iter 1270: loss 1.2605, time 206.82ms, mfu 2.26%
iter 1280: loss 1.2251, time 197.48ms, mfu 2.29%
iter 1290: loss 1.2139, time 195.56ms, mfu 2.31%
iter 1300: loss 1.2415, time 210.52ms, mfu 2.32%
iter 1310: loss 1.2007, time 188.86ms, mfu 2.35%
iter 1320: loss 1.2310, time 202.46ms, mfu 2.36%
iter 1330: loss 1.2285, time 209.67ms, mfu 2.36%
iter 1340: loss 1.2295, time 206.18ms, mfu 2.36%
iter 1350: loss 1.1885, time 199.78ms, mfu 2.38%
iter 1360: loss 1.2245, time 188.12ms, mfu 2.40%
iter 1370: loss 1.2262, time 198.38ms, mfu 2.41%
iter 1380: loss 1.1897, time 196.15ms, mfu 2.42%
iter 1390: loss 1.1792, time 199.64ms, mfu 2.43%
iter 1400: loss 1.2132, time 198.71ms, mfu 2.44%
iter 1410: loss 1.2154, time 197.76ms, mfu 2.44%
iter 1420: loss 1.1907, time 199.52ms, mfu 2.45%
iter 1430: loss 1.1947, time 200.60ms, mfu 2.45%
iter 1440: loss 1.2107, time 198.66ms, mfu 2.46%
iter 1450: loss 1.2097, time 201.28ms, mfu 2.46%
iter 1460: loss 1.1875, time 204.07ms, mfu 2.46%
iter 1470: loss 1.2148, time 187.80ms, mfu 2.47%
iter 1480: loss 1.1949, time 197.97ms, mfu 2.48%
iter 1490: loss 1.1790, time 201.23ms, mfu 2.48%
step 1500: train loss 1.1059, val loss 1.4586
saving checkpoint to out-shakespeare-md8
iter 1500: loss 1.1892, time 26086.41ms, mfu 2.23%
iter 1510: loss 1.1559, time 212.65ms, mfu 2.24%
iter 1520: loss 1.1979, time 206.31ms, mfu 2.26%
iter 1530: loss 1.1361, time 209.55ms, mfu 2.27%
iter 1540: loss 1.1686, time 203.25ms, mfu 2.29%
iter 1550: loss 1.1910, time 186.93ms, mfu 2.32%
iter 1560: loss 1.1575, time 200.80ms, mfu 2.34%
iter 1570: loss 1.1583, time 197.97ms, mfu 2.36%
iter 1580: loss 1.1582, time 199.11ms, mfu 2.37%
iter 1590: loss 1.1529, time 204.93ms, mfu 2.37%
iter 1600: loss 1.1811, time 198.96ms, mfu 2.39%
iter 1610: loss 1.1025, time 201.16ms, mfu 2.39%
iter 1620: loss 1.1566, time 196.46ms, mfu 2.41%
iter 1630: loss 1.1528, time 185.70ms, mfu 2.43%
iter 1640: loss 1.1363, time 199.52ms, mfu 2.44%
iter 1650: loss 1.1398, time 199.50ms, mfu 2.45%
iter 1660: loss 1.1436, time 195.96ms, mfu 2.45%
iter 1670: loss 1.1521, time 199.37ms, mfu 2.46%
iter 1680: loss 1.1510, time 190.39ms, mfu 2.47%
iter 1690: loss 1.1536, time 207.06ms, mfu 2.47%
iter 1700: loss 1.1365, time 202.26ms, mfu 2.46%
iter 1710: loss 1.1521, time 192.99ms, mfu 2.48%
iter 1720: loss 1.1365, time 194.61ms, mfu 2.48%
iter 1730: loss 1.1483, time 195.35ms, mfu 2.49%
iter 1740: loss 1.1061, time 199.97ms, mfu 2.49%
step 1750: train loss 1.0470, val loss 1.4586
saving checkpoint to out-shakespeare-md8
iter 1750: loss 1.0827, time 28608.24ms, mfu 2.24%
iter 1760: loss 1.1173, time 206.93ms, mfu 2.26%
iter 1770: loss 1.1218, time 197.52ms, mfu 2.28%
iter 1780: loss 1.1333, time 199.34ms, mfu 2.30%
iter 1790: loss 1.1089, time 183.24ms, mfu 2.34%
iter 1800: loss 1.1211, time 200.77ms, mfu 2.36%
iter 1810: loss 1.0825, time 203.12ms, mfu 2.37%
iter 1820: loss 1.1381, time 192.88ms, mfu 2.39%
iter 1830: loss 1.0747, time 200.15ms, mfu 2.40%
iter 1840: loss 1.1039, time 199.90ms, mfu 2.40%
iter 1850: loss 1.1007, time 199.16ms, mfu 2.41%
iter 1860: loss 1.1242, time 197.54ms, mfu 2.42%
iter 1870: loss 1.1243, time 193.54ms, mfu 2.44%
iter 1880: loss 1.1028, time 196.34ms, mfu 2.45%
iter 1890: loss 1.1104, time 200.26ms, mfu 2.45%
iter 1900: loss 1.0914, time 194.19ms, mfu 2.46%
iter 1910: loss 1.0923, time 205.82ms, mfu 2.46%
iter 1920: loss 1.0923, time 202.21ms, mfu 2.46%
iter 1930: loss 1.0923, time 206.40ms, mfu 2.45%
iter 1940: loss 1.0569, time 188.49ms, mfu 2.47%
iter 1950: loss 1.0773, time 200.02ms, mfu 2.47%
iter 1960: loss 1.0782, time 195.61ms, mfu 2.48%
iter 1970: loss 1.0796, time 197.96ms, mfu 2.48%
iter 1980: loss 1.0854, time 199.60ms, mfu 2.48%
iter 1990: loss 1.0941, time 192.22ms, mfu 2.49%
step 2000: train loss 0.9876, val loss 1.4865
iter 2000: loss 1.0730, time 28698.59ms, mfu 2.24%
iter 2010: loss 1.0803, time 208.48ms, mfu 2.26%
iter 2020: loss 1.0635, time 207.55ms, mfu 2.27%
iter 2030: loss 1.0557, time 202.17ms, mfu 2.29%
iter 2040: loss 1.0710, time 204.41ms, mfu 2.30%
iter 2050: loss 1.0734, time 192.54ms, mfu 2.33%
iter 2060: loss 1.0509, time 193.38ms, mfu 2.35%
iter 2070: loss 1.0890, time 196.96ms, mfu 2.37%
iter 2080: loss 1.0968, time 192.92ms, mfu 2.39%
iter 2090: loss 1.0433, time 200.34ms, mfu 2.40%
iter 2100: loss 1.0565, time 201.42ms, mfu 2.41%
iter 2110: loss 1.0733, time 200.82ms, mfu 2.41%
iter 2120: loss 1.0374, time 202.45ms, mfu 2.42%
iter 2130: loss 1.0178, time 201.31ms, mfu 2.42%
iter 2140: loss 1.0293, time 201.06ms, mfu 2.43%
iter 2150: loss 1.0345, time 197.64ms, mfu 2.44%
iter 2160: loss 1.0644, time 189.33ms, mfu 2.45%
iter 2170: loss 1.0546, time 190.12ms, mfu 2.47%
iter 2180: loss 1.0175, time 191.67ms, mfu 2.48%
iter 2190: loss 1.0452, time 185.22ms, mfu 2.50%
iter 2200: loss 1.0434, time 191.83ms, mfu 2.51%
iter 2210: loss 1.0545, time 199.05ms, mfu 2.51%
iter 2220: loss 1.0235, time 199.41ms, mfu 2.51%
iter 2230: loss 1.0021, time 192.82ms, mfu 2.51%
iter 2240: loss 1.0510, time 193.74ms, mfu 2.52%
step 2250: train loss 0.9214, val loss 1.4997
iter 2250: loss 1.0217, time 26046.39ms, mfu 2.27%
iter 2260: loss 1.0582, time 215.64ms, mfu 2.27%
iter 2270: loss 1.0251, time 192.75ms, mfu 2.30%
iter 2280: loss 1.0334, time 196.14ms, mfu 2.33%
iter 2290: loss 1.0119, time 196.93ms, mfu 2.35%
iter 2300: loss 1.0265, time 189.12ms, mfu 2.37%
iter 2310: loss 1.0002, time 200.85ms, mfu 2.38%
iter 2320: loss 0.9905, time 201.00ms, mfu 2.39%
iter 2330: loss 0.9965, time 196.51ms, mfu 2.41%
iter 2340: loss 1.0048, time 199.27ms, mfu 2.41%
iter 2350: loss 1.0216, time 189.53ms, mfu 2.43%
iter 2360: loss 1.0252, time 189.03ms, mfu 2.45%
iter 2370: loss 1.0186, time 190.80ms, mfu 2.47%
iter 2380: loss 1.0042, time 198.70ms, mfu 2.47%
iter 2390: loss 0.9886, time 186.42ms, mfu 2.49%
iter 2400: loss 0.9883, time 202.09ms, mfu 2.49%
iter 2410: loss 1.0046, time 193.23ms, mfu 2.50%
iter 2420: loss 0.9949, time 200.42ms, mfu 2.49%
iter 2430: loss 0.9960, time 200.00ms, mfu 2.49%
iter 2440: loss 0.9876, time 210.14ms, mfu 2.48%
iter 2450: loss 0.9823, time 201.56ms, mfu 2.48%
iter 2460: loss 0.9949, time 207.75ms, mfu 2.47%
iter 2470: loss 0.9598, time 199.83ms, mfu 2.47%
iter 2480: loss 0.9678, time 190.46ms, mfu 2.48%
iter 2490: loss 0.9775, time 203.02ms, mfu 2.48%
step 2500: train loss 0.8556, val loss 1.5343
iter 2500: loss 0.9815, time 26215.01ms, mfu 2.23%
iter 2510: loss 0.9775, time 216.17ms, mfu 2.24%
iter 2520: loss 1.0038, time 194.86ms, mfu 2.27%
iter 2530: loss 0.9740, time 208.98ms, mfu 2.28%
iter 2540: loss 0.9607, time 198.86ms, mfu 2.30%
iter 2550: loss 0.9887, time 198.52ms, mfu 2.32%
iter 2560: loss 0.9564, time 194.25ms, mfu 2.35%
iter 2570: loss 0.9748, time 200.86ms, mfu 2.36%
iter 2580: loss 0.9580, time 196.99ms, mfu 2.38%
iter 2590: loss 0.9592, time 191.15ms, mfu 2.40%
iter 2600: loss 0.9446, time 185.03ms, mfu 2.43%
iter 2610: loss 0.9589, time 200.85ms, mfu 2.43%
iter 2620: loss 0.9611, time 202.14ms, mfu 2.43%
iter 2630: loss 0.9661, time 196.38ms, mfu 2.44%
iter 2640: loss 0.9512, time 201.02ms, mfu 2.45%
iter 2650: loss 0.9335, time 189.70ms, mfu 2.46%
iter 2660: loss 0.9695, time 210.27ms, mfu 2.45%
iter 2670: loss 0.9308, time 191.71ms, mfu 2.47%
iter 2680: loss 0.9546, time 189.30ms, mfu 2.48%
iter 2690: loss 0.9298, time 199.57ms, mfu 2.48%
iter 2700: loss 0.9411, time 197.93ms, mfu 2.49%
iter 2710: loss 0.9723, time 204.18ms, mfu 2.48%
iter 2720: loss 0.9092, time 191.93ms, mfu 2.49%
iter 2730: loss 0.9428, time 201.19ms, mfu 2.49%
iter 2740: loss 0.9412, time 191.67ms, mfu 2.50%
step 2750: train loss 0.7852, val loss 1.5796
iter 2750: loss 0.9497, time 26603.27ms, mfu 2.25%
iter 2760: loss 0.9079, time 200.32ms, mfu 2.27%
iter 2770: loss 0.9136, time 199.30ms, mfu 2.30%
iter 2780: loss 0.9107, time 193.55ms, mfu 2.32%
iter 2790: loss 0.9364, time 200.06ms, mfu 2.34%
iter 2800: loss 0.9134, time 197.85ms, mfu 2.36%
iter 2810: loss 0.8985, time 200.67ms, mfu 2.37%
iter 2820: loss 0.9462, time 203.37ms, mfu 2.37%
iter 2830: loss 0.8877, time 190.24ms, mfu 2.40%
iter 2840: loss 0.9220, time 187.85ms, mfu 2.42%
iter 2850: loss 0.9165, time 204.63ms, mfu 2.42%
iter 2860: loss 0.9118, time 206.19ms, mfu 2.42%
iter 2870: loss 0.9097, time 199.58ms, mfu 2.43%
iter 2880: loss 0.8885, time 192.70ms, mfu 2.44%
iter 2890: loss 0.8976, time 198.60ms, mfu 2.45%
iter 2900: loss 0.9056, time 196.68ms, mfu 2.46%
iter 2910: loss 0.8799, time 204.15ms, mfu 2.45%
iter 2920: loss 0.8777, time 199.46ms, mfu 2.46%
iter 2930: loss 0.8947, time 193.36ms, mfu 2.47%
iter 2940: loss 0.9176, time 199.98ms, mfu 2.47%
iter 2950: loss 0.8990, time 201.26ms, mfu 2.47%
iter 2960: loss 0.8973, time 199.68ms, mfu 2.47%
iter 2970: loss 0.8708, time 191.37ms, mfu 2.48%
iter 2980: loss 0.8538, time 193.33ms, mfu 2.49%
iter 2990: loss 0.8668, time 188.18ms, mfu 2.51%
step 3000: train loss 0.7222, val loss 1.6217
iter 3000: loss 0.8899, time 26233.80ms, mfu 2.26%
iter 3010: loss 0.8727, time 200.33ms, mfu 2.28%
iter 3020: loss 0.8810, time 196.83ms, mfu 2.30%
iter 3030: loss 0.8598, time 200.21ms, mfu 2.32%
iter 3040: loss 0.8688, time 194.38ms, mfu 2.35%
iter 3050: loss 0.8440, time 194.22ms, mfu 2.37%
iter 3060: loss 0.8573, time 209.05ms, mfu 2.37%
iter 3070: loss 0.8617, time 199.71ms, mfu 2.38%
iter 3080: loss 0.8647, time 204.70ms, mfu 2.38%
iter 3090: loss 0.8598, time 192.43ms, mfu 2.40%
iter 3100: loss 0.8469, time 192.73ms, mfu 2.42%
iter 3110: loss 0.8714, time 182.44ms, mfu 2.45%
iter 3120: loss 0.8639, time 192.14ms, mfu 2.46%
iter 3130: loss 0.8425, time 203.03ms, mfu 2.46%
iter 3140: loss 0.8325, time 195.64ms, mfu 2.47%
iter 3150: loss 0.8598, time 194.52ms, mfu 2.48%
iter 3160: loss 0.8478, time 195.25ms, mfu 2.48%
iter 3170: loss 0.8261, time 194.19ms, mfu 2.49%
iter 3180: loss 0.8193, time 200.72ms, mfu 2.49%
iter 3190: loss 0.8293, time 196.93ms, mfu 2.49%
iter 3200: loss 0.8483, time 206.66ms, mfu 2.48%
iter 3210: loss 0.8691, time 195.12ms, mfu 2.49%
iter 3220: loss 0.8330, time 196.91ms, mfu 2.49%
iter 3230: loss 0.8519, time 187.24ms, mfu 2.51%
iter 3240: loss 0.8204, time 198.83ms, mfu 2.51%
step 3250: train loss 0.6599, val loss 1.6761
iter 3250: loss 0.8815, time 26389.88ms, mfu 2.26%
iter 3260: loss 0.8423, time 208.16ms, mfu 2.27%
iter 3270: loss 0.8283, time 198.13ms, mfu 2.30%
iter 3280: loss 0.8401, time 188.72ms, mfu 2.33%
iter 3290: loss 0.8262, time 204.01ms, mfu 2.34%
iter 3300: loss 0.8552, time 200.27ms, mfu 2.35%
iter 3310: loss 0.8189, time 199.86ms, mfu 2.37%
iter 3320: loss 0.8159, time 194.59ms, mfu 2.39%
iter 3330: loss 0.8102, time 192.47ms, mfu 2.40%
iter 3340: loss 0.8128, time 195.27ms, mfu 2.42%
iter 3350: loss 0.8061, time 190.95ms, mfu 2.44%
iter 3360: loss 0.8047, time 194.70ms, mfu 2.45%
iter 3370: loss 0.7932, time 199.37ms, mfu 2.45%
iter 3380: loss 0.7887, time 207.46ms, mfu 2.45%
iter 3390: loss 0.8101, time 197.41ms, mfu 2.45%
iter 3400: loss 0.8023, time 195.74ms, mfu 2.46%
iter 3410: loss 0.8219, time 200.20ms, mfu 2.46%
iter 3420: loss 0.8110, time 193.16ms, mfu 2.47%
iter 3430: loss 0.7878, time 197.71ms, mfu 2.48%
iter 3440: loss 0.7976, time 196.27ms, mfu 2.48%
iter 3450: loss 0.7841, time 190.81ms, mfu 2.50%
iter 3460: loss 0.7914, time 190.65ms, mfu 2.51%
iter 3470: loss 0.7999, time 194.44ms, mfu 2.51%
iter 3480: loss 0.7826, time 192.84ms, mfu 2.52%
iter 3490: loss 0.7723, time 181.72ms, mfu 2.54%
step 3500: train loss 0.6028, val loss 1.7154
iter 3500: loss 0.7774, time 25929.24ms, mfu 2.29%
iter 3510: loss 0.7623, time 197.91ms, mfu 2.31%
iter 3520: loss 0.7623, time 189.52ms, mfu 2.34%
iter 3530: loss 0.7658, time 201.70ms, mfu 2.35%
iter 3540: loss 0.7872, time 196.67ms, mfu 2.37%
iter 3550: loss 0.7623, time 199.40ms, mfu 2.38%
iter 3560: loss 0.7513, time 198.94ms, mfu 2.39%
iter 3570: loss 0.7702, time 199.19ms, mfu 2.40%
iter 3580: loss 0.7783, time 204.81ms, mfu 2.41%
iter 3590: loss 0.7663, time 206.19ms, mfu 2.41%
iter 3600: loss 0.7654, time 208.40ms, mfu 2.40%
iter 3610: loss 0.7774, time 204.21ms, mfu 2.41%
iter 3620: loss 0.7662, time 196.77ms, mfu 2.42%
iter 3630: loss 0.7743, time 201.30ms, mfu 2.42%
iter 3640: loss 0.7734, time 198.76ms, mfu 2.43%
iter 3650: loss 0.7598, time 197.02ms, mfu 2.44%
iter 3660: loss 0.7615, time 198.57ms, mfu 2.45%
iter 3670: loss 0.7669, time 200.19ms, mfu 2.45%
iter 3680: loss 0.7437, time 199.85ms, mfu 2.45%
iter 3690: loss 0.7807, time 200.20ms, mfu 2.46%
iter 3700: loss 0.7562, time 196.42ms, mfu 2.46%
iter 3710: loss 0.7397, time 197.11ms, mfu 2.47%
iter 3720: loss 0.7562, time 203.35ms, mfu 2.47%
iter 3730: loss 0.7463, time 201.30ms, mfu 2.47%
iter 3740: loss 0.7477, time 193.32ms, mfu 2.48%
step 3750: train loss 0.5553, val loss 1.7464
iter 3750: loss 0.7740, time 26147.59ms, mfu 2.23%
iter 3760: loss 0.7410, time 199.85ms, mfu 2.26%
iter 3770: loss 0.7486, time 198.31ms, mfu 2.28%
iter 3780: loss 0.7482, time 198.12ms, mfu 2.30%
iter 3790: loss 0.7486, time 196.67ms, mfu 2.33%
iter 3800: loss 0.7423, time 190.24ms, mfu 2.35%
iter 3810: loss 0.7470, time 193.39ms, mfu 2.38%
iter 3820: loss 0.7495, time 189.05ms, mfu 2.40%
iter 3830: loss 0.7331, time 207.28ms, mfu 2.40%
iter 3840: loss 0.7245, time 193.61ms, mfu 2.42%
iter 3850: loss 0.7533, time 194.00ms, mfu 2.43%
iter 3860: loss 0.7322, time 199.81ms, mfu 2.44%
iter 3870: loss 0.7270, time 197.15ms, mfu 2.44%
iter 3880: loss 0.7223, time 193.36ms, mfu 2.46%
iter 3890: loss 0.7240, time 188.64ms, mfu 2.47%
iter 3900: loss 0.7531, time 199.90ms, mfu 2.48%
iter 3910: loss 0.7542, time 199.67ms, mfu 2.48%
iter 3920: loss 0.7163, time 189.24ms, mfu 2.49%
iter 3930: loss 0.7244, time 193.49ms, mfu 2.50%
iter 3940: loss 0.6995, time 195.22ms, mfu 2.50%
iter 3950: loss 0.7211, time 200.48ms, mfu 2.50%
iter 3960: loss 0.7051, time 193.14ms, mfu 2.51%
iter 3970: loss 0.7275, time 184.11ms, mfu 2.53%
iter 3980: loss 0.7200, time 197.04ms, mfu 2.53%
iter 3990: loss 0.7057, time 183.63ms, mfu 2.54%
step 4000: train loss 0.5137, val loss 1.7884
iter 4000: loss 0.7323, time 25837.31ms, mfu 2.29%
iter 4010: loss 0.7188, time 207.09ms, mfu 2.30%
iter 4020: loss 0.7213, time 192.84ms, mfu 2.33%
iter 4030: loss 0.7240, time 200.29ms, mfu 2.34%
iter 4040: loss 0.7040, time 198.50ms, mfu 2.36%
iter 4050: loss 0.7248, time 197.05ms, mfu 2.38%
iter 4060: loss 0.6925, time 193.07ms, mfu 2.40%
iter 4070: loss 0.6861, time 200.10ms, mfu 2.40%
iter 4080: loss 0.7176, time 193.09ms, mfu 2.42%
iter 4090: loss 0.7140, time 201.45ms, mfu 2.43%
iter 4100: loss 0.7182, time 187.22ms, mfu 2.45%
iter 4110: loss 0.7044, time 199.25ms, mfu 2.45%
iter 4120: loss 0.6871, time 190.68ms, mfu 2.47%
iter 4130: loss 0.7120, time 203.84ms, mfu 2.46%
iter 4140: loss 0.6817, time 199.86ms, mfu 2.47%
iter 4150: loss 0.6944, time 193.40ms, mfu 2.48%
iter 4160: loss 0.7126, time 197.19ms, mfu 2.48%
iter 4170: loss 0.7095, time 195.87ms, mfu 2.49%
iter 4180: loss 0.6841, time 201.25ms, mfu 2.48%
iter 4190: loss 0.6788, time 212.61ms, mfu 2.47%
iter 4200: loss 0.6789, time 142.91ms, mfu 2.57%
iter 4210: loss 0.6925, time 200.50ms, mfu 2.56%
iter 4220: loss 0.6941, time 201.58ms, mfu 2.55%
iter 4230: loss 0.7003, time 207.55ms, mfu 2.54%
iter 4240: loss 0.7020, time 205.15ms, mfu 2.52%
step 4250: train loss 0.4775, val loss 1.8376
iter 4250: loss 0.6953, time 26962.22ms, mfu 2.27%
iter 4260: loss 0.6770, time 235.33ms, mfu 2.26%
iter 4270: loss 0.7080, time 224.74ms, mfu 2.25%
iter 4280: loss 0.7050, time 209.33ms, mfu 2.26%
iter 4290: loss 0.6767, time 209.37ms, mfu 2.27%
iter 4300: loss 0.6710, time 216.53ms, mfu 2.28%
iter 4310: loss 0.6706, time 210.22ms, mfu 2.29%
iter 4320: loss 0.6723, time 207.45ms, mfu 2.30%
iter 4330: loss 0.6980, time 207.55ms, mfu 2.31%
iter 4340: loss 0.6724, time 216.45ms, mfu 2.30%
iter 4350: loss 0.6587, time 200.08ms, mfu 2.32%
iter 4360: loss 0.7037, time 207.55ms, mfu 2.33%
iter 4370: loss 0.6807, time 206.20ms, mfu 2.34%
iter 4380: loss 0.6829, time 217.01ms, mfu 2.33%
iter 4390: loss 0.6764, time 209.09ms, mfu 2.34%
iter 4400: loss 0.6631, time 207.20ms, mfu 2.34%
iter 4410: loss 0.6759, time 205.26ms, mfu 2.35%
iter 4420: loss 0.6717, time 203.54ms, mfu 2.36%
iter 4430: loss 0.6977, time 205.95ms, mfu 2.36%
iter 4440: loss 0.6772, time 208.35ms, mfu 2.37%
iter 4450: loss 0.6816, time 201.99ms, mfu 2.38%
iter 4460: loss 0.6509, time 204.06ms, mfu 2.38%
iter 4470: loss 0.6748, time 211.23ms, mfu 2.38%
iter 4480: loss 0.6845, time 204.92ms, mfu 2.38%
iter 4490: loss 0.6719, time 197.30ms, mfu 2.40%
step 4500: train loss 0.4484, val loss 1.8718
iter 4500: loss 0.6532, time 28060.00ms, mfu 2.16%
iter 4510: loss 0.6561, time 226.14ms, mfu 2.16%
iter 4520: loss 0.6618, time 227.57ms, mfu 2.16%
iter 4530: loss 0.6725, time 215.30ms, mfu 2.18%
iter 4540: loss 0.6554, time 212.36ms, mfu 2.19%
iter 4550: loss 0.6725, time 204.53ms, mfu 2.22%
iter 4560: loss 0.6607, time 200.96ms, mfu 2.24%
iter 4570: loss 0.6614, time 216.90ms, mfu 2.25%
iter 4580: loss 0.6536, time 212.04ms, mfu 2.26%
iter 4590: loss 0.6724, time 198.65ms, mfu 2.28%
iter 4600: loss 0.6562, time 208.05ms, mfu 2.29%
iter 4610: loss 0.6516, time 215.11ms, mfu 2.29%
iter 4620: loss 0.6391, time 204.56ms, mfu 2.31%
iter 4630: loss 0.6384, time 214.32ms, mfu 2.31%
iter 4640: loss 0.6505, time 211.38ms, mfu 2.31%
iter 4650: loss 0.6389, time 195.21ms, mfu 2.34%
iter 4660: loss 0.6695, time 212.13ms, mfu 2.34%
iter 4670: loss 0.6598, time 196.94ms, mfu 2.35%
iter 4680: loss 0.6406, time 204.29ms, mfu 2.36%
iter 4690: loss 0.6635, time 203.04ms, mfu 2.37%
iter 4700: loss 0.6432, time 202.19ms, mfu 2.38%
iter 4710: loss 0.6385, time 200.34ms, mfu 2.39%
iter 4720: loss 0.6421, time 203.31ms, mfu 2.39%
iter 4730: loss 0.6472, time 205.97ms, mfu 2.40%
iter 4740: loss 0.6358, time 201.39ms, mfu 2.40%
step 4750: train loss 0.4246, val loss 1.8921
iter 4750: loss 0.6511, time 28885.85ms, mfu 2.16%
iter 4760: loss 0.6579, time 203.03ms, mfu 2.19%
iter 4770: loss 0.6265, time 191.04ms, mfu 2.23%
iter 4780: loss 0.6590, time 201.57ms, mfu 2.26%
iter 4790: loss 0.6588, time 189.73ms, mfu 2.29%
iter 4800: loss 0.6534, time 209.17ms, mfu 2.30%
iter 4810: loss 0.6482, time 202.65ms, mfu 2.32%
iter 4820: loss 0.6279, time 205.47ms, mfu 2.33%
iter 4830: loss 0.6372, time 199.36ms, mfu 2.34%
iter 4840: loss 0.6539, time 196.48ms, mfu 2.36%
iter 4850: loss 0.6625, time 208.68ms, mfu 2.36%
iter 4860: loss 0.6465, time 194.93ms, mfu 2.38%
iter 4870: loss 0.6333, time 197.85ms, mfu 2.39%
iter 4880: loss 0.6595, time 197.87ms, mfu 2.41%
iter 4890: loss 0.6282, time 202.83ms, mfu 2.41%
iter 4900: loss 0.6415, time 195.26ms, mfu 2.42%
iter 4910: loss 0.6556, time 199.12ms, mfu 2.43%
iter 4920: loss 0.6172, time 195.69ms, mfu 2.44%
iter 4930: loss 0.6402, time 198.10ms, mfu 2.45%
iter 4940: loss 0.6355, time 193.21ms, mfu 2.46%
iter 4950: loss 0.6450, time 194.73ms, mfu 2.47%
iter 4960: loss 0.6283, time 197.05ms, mfu 2.47%
iter 4970: loss 0.6333, time 203.34ms, mfu 2.47%
iter 4980: loss 0.6330, time 194.45ms, mfu 2.48%
iter 4990: loss 0.6186, time 197.30ms, mfu 2.48%
step 5000: train loss 0.4070, val loss 1.9232
iter 5000: loss 0.6352, time 28496.05ms, mfu 2.24%

============================================================
Experiment 'md8' finished (exit code 0)
Wall-clock time: 25 min 59.1 sec (1559.1 s total)
============================================================
